#
# There is insufficient memory for the Java Runtime Environment to continue.
# Native memory allocation (malloc) failed to allocate 434576 bytes for Chunk::new
# Possible reasons:
#   The system is out of physical RAM or swap space
#   In 32 bit mode, the process size limit was hit
# Possible solutions:
#   Reduce memory load on the system
#   Increase physical memory or swap space
#   Check if swap backing store is full
#   Use 64 bit Java on a 64 bit OS
#   Decrease Java heap size (-Xmx/-Xms)
#   Decrease number of Java threads
#   Decrease Java thread stack sizes (-Xss)
#   Set larger code cache with -XX:ReservedCodeCacheSize=
# This output file may be truncated or incomplete.
#
#  Out of Memory Error (allocation.cpp:390), pid=10784, tid=0x0000000000002790
#
# JRE version: Java(TM) SE Runtime Environment (8.0_144-b01) (build 1.8.0_144-b01)
# Java VM: Java HotSpot(TM) 64-Bit Server VM (25.144-b01 mixed mode windows-amd64 compressed oops)
# Failed to write core dump. Minidumps are not enabled by default on client versions of Windows
#

---------------  T H R E A D  ---------------

Current thread (0x0000000018b6c000):  JavaThread "C2 CompilerThread1" daemon [_thread_in_native, id=10128, stack(0x000000001a250000,0x000000001a350000)]

Stack: [0x000000001a250000,0x000000001a350000]
[error occurred during error reporting (printing stack bounds), id 0xc0000005]

Native frames: (J=compiled Java code, j=interpreted, Vv=VM code, C=native code)


Current CompileTask:
C2: 167822 2285       4       org.mozilla.javascript.gen.C__Users_ADMINI_1_AppData_Local_Temp_r_js_1::_c_parseArguments_425 (200 bytes)


---------------  P R O C E S S  ---------------

Java Threads: ( => current thread )
  0x0000000018b76800 JavaThread "Service Thread" daemon [_thread_blocked, id=11992, stack(0x000000001a6e0000,0x000000001a7e0000)]
  0x0000000018b6f800 JavaThread "C1 CompilerThread3" daemon [_thread_in_vm, id=11988, stack(0x0000000019c50000,0x0000000019d50000)]
  0x0000000018b6f000 JavaThread "C2 CompilerThread2" daemon [_thread_in_vm, id=8000, stack(0x000000001a460000,0x000000001a560000)]
=>0x0000000018b6c000 JavaThread "C2 CompilerThread1" daemon [_thread_in_native, id=10128, stack(0x000000001a250000,0x000000001a350000)]
  0x0000000018b10800 JavaThread "C2 CompilerThread0" daemon [_thread_in_native, id=12008, stack(0x0000000019e90000,0x0000000019f90000)]
  0x0000000018afc800 JavaThread "Attach Listener" daemon [_thread_blocked, id=11888, stack(0x000000001a100000,0x000000001a200000)]
  0x0000000018afb800 JavaThread "Signal Dispatcher" daemon [_thread_blocked, id=11880, stack(0x0000000019a10000,0x0000000019b10000)]
  0x0000000017a3f800 JavaThread "Finalizer" daemon [_thread_blocked, id=11668, stack(0x0000000019fb0000,0x000000001a0b0000)]
  0x0000000017a38800 JavaThread "Reference Handler" daemon [_thread_blocked, id=11664, stack(0x0000000019d90000,0x0000000019e90000)]
  0x000000000258e800 JavaThread "main" [_thread_in_Java, id=8824, stack(0x00000000026c0000,0x00000000027c0000)]

Other Threads:
  0x0000000018aa3000 VMThread [stack: 0x0000000019b40000,0x0000000019c40000] [id=11900]
  0x0000000018b87000 WatcherThread [stack: 0x000000001a7e0000,0x000000001a8e0000] [id=12004]

VM state:not at safepoint (normal execution)

VM Mutex/Monitor currently owned by a thread:  ([mutex/lock_event])
[0x000000000258c0d0] CodeCache_lock - owner thread: 0x0000000018b6f800

Heap:
 PSYoungGen      total 284672K, used 244436K [0x00000000d6000000, 0x00000000e8e00000, 0x0000000100000000)
  eden space 261632K, 87% used [0x00000000d6000000,0x00000000e3e660d8,0x00000000e5f80000)
  from space 23040K, 72% used [0x00000000e7680000,0x00000000e86cf2c8,0x00000000e8d00000)
  to   space 23552K, 0% used [0x00000000e5f80000,0x00000000e5f80000,0x00000000e7680000)
 ParOldGen       total 86016K, used 34837K [0x0000000082000000, 0x0000000087400000, 0x00000000d6000000)
  object space 86016K, 40% used [0x0000000082000000,0x00000000842056a8,0x0000000087400000)
 Metaspace       used 11238K, capacity 11414K, committed 11776K, reserved 1060864K
  class space    used 852K, capacity 897K, committed 1024K, reserved 1048576K

Card table byte_map: [0x0000000011b80000,0x0000000011f80000] byte_map_base: 0x0000000011770000

Marking Bits: (ParMarkBitMap*) 0x00000000700dd850
 Begin Bits: [0x0000000012d60000, 0x0000000014ce0000)
 End Bits:   [0x0000000014ce0000, 0x0000000016c60000)

Polling page: 0x0000000000250000

CodeCache: size=245760Kb used=12208Kb max_used=12210Kb free=233551Kb
 bounds [0x00000000027c0000, 0x0000000003430000, 0x00000000117c0000]
 total_blobs=1905 nmethods=1570 adapters=247
 compilation: enabled

Compilation events (10 events):
Event: 140.087 Thread 0x0000000018b6f800 nmethod 2275 0x00000000028e2050 code [0x00000000028e22a0, 0x00000000028e2c78]
Event: 143.409 Thread 0x0000000018b6f800 2253       1       sun.misc.FloatingDecimal$PreparedASCIIToBinaryBuffer::doubleValue (5 bytes)
Event: 143.409 Thread 0x0000000018b6f800 nmethod 2253 0x0000000002bf3f50 code [0x0000000002bf40a0, 0x0000000002bf41b0]
Event: 143.855 Thread 0x0000000018b10800 2282       4       org.mozilla.javascript.gen.C__Users_ADMINI_1_AppData_Local_Temp_r_js_1::_c_matchAssign_415 (445 bytes)
Event: 144.123 Thread 0x0000000018b6f000 2283       4       org.mozilla.javascript.ScriptRuntime::setObjectElem (60 bytes)
Event: 144.129 Thread 0x0000000018b6f000 nmethod 2283 0x0000000002a31dd0 code [0x0000000002a31f60, 0x0000000002a32598]
Event: 144.156 Thread 0x0000000018b6c000 2285       4       org.mozilla.javascript.gen.C__Users_ADMINI_1_AppData_Local_Temp_r_js_1::_c_parseArguments_425 (200 bytes)
Event: 144.175 Thread 0x0000000018b6f000 2286       4       org.mozilla.javascript.gen.C__Users_ADMINI_1_AppData_Local_Temp_r_js_1::_c_parseStatement_463 (1479 bytes)
Event: 144.660 Thread 0x0000000018b6f800 2288       3       org.mozilla.javascript.gen.C__Users_ADMINI_1_AppData_Local_Temp_r_js_1::_c_parseArrayInitialiser_418 (288 bytes)
Event: 145.368 Thread 0x0000000018b6f800 nmethod 2288 0x000000000338e850 code [0x000000000338eda0, 0x0000000003391f98]

GC Heap History (10 events):
Event: 11.171 GC heap before
{Heap before GC invocations=2 (full 0):
 PSYoungGen      total 37888K, used 37864K [0x00000000d6000000, 0x00000000daa00000, 0x0000000100000000)
  eden space 32768K, 100% used [0x00000000d6000000,0x00000000d8000000,0x00000000d8000000)
  from space 5120K, 99% used [0x00000000d8000000,0x00000000d84fa2a0,0x00000000d8500000)
  to   space 5120K, 0% used [0x00000000da500000,0x00000000da500000,0x00000000daa00000)
 ParOldGen       total 86016K, used 7829K [0x0000000082000000, 0x0000000087400000, 0x00000000d6000000)
  object space 86016K, 9% used [0x0000000082000000,0x00000000827a5708,0x0000000087400000)
 Metaspace       used 6781K, capacity 7040K, committed 7168K, reserved 1056768K
  class space    used 675K, capacity 692K, committed 768K, reserved 1048576K
Event: 11.357 GC heap after
Heap after GC invocations=2 (full 0):
 PSYoungGen      total 70656K, used 5102K [0x00000000d6000000, 0x00000000daa00000, 0x0000000100000000)
  eden space 65536K, 0% used [0x00000000d6000000,0x00000000d6000000,0x00000000da000000)
  from space 5120K, 99% used [0x00000000da500000,0x00000000da9fbb38,0x00000000daa00000)
  to   space 5120K, 0% used [0x00000000da000000,0x00000000da000000,0x00000000da500000)
 ParOldGen       total 86016K, used 20196K [0x0000000082000000, 0x0000000087400000, 0x00000000d6000000)
  object space 86016K, 23% used [0x0000000082000000,0x00000000833b9208,0x0000000087400000)
 Metaspace       used 6781K, capacity 7040K, committed 7168K, reserved 1056768K
  class space    used 675K, capacity 692K, committed 768K, reserved 1048576K
}
Event: 15.451 GC heap before
{Heap before GC invocations=3 (full 0):
 PSYoungGen      total 70656K, used 70638K [0x00000000d6000000, 0x00000000daa00000, 0x0000000100000000)
  eden space 65536K, 100% used [0x00000000d6000000,0x00000000da000000,0x00000000da000000)
  from space 5120K, 99% used [0x00000000da500000,0x00000000da9fbb38,0x00000000daa00000)
  to   space 5120K, 0% used [0x00000000da000000,0x00000000da000000,0x00000000da500000)
 ParOldGen       total 86016K, used 20196K [0x0000000082000000, 0x0000000087400000, 0x00000000d6000000)
  object space 86016K, 23% used [0x0000000082000000,0x00000000833b9208,0x0000000087400000)
 Metaspace       used 9919K, capacity 10156K, committed 10368K, reserved 1058816K
  class space    used 812K, capacity 862K, committed 896K, reserved 1048576K
Event: 21.427 GC heap after
Heap after GC invocations=3 (full 0):
 PSYoungGen      total 70656K, used 5088K [0x00000000d6000000, 0x00000000dea00000, 0x0000000100000000)
  eden space 65536K, 0% used [0x00000000d6000000,0x00000000d6000000,0x00000000da000000)
  from space 5120K, 99% used [0x00000000da000000,0x00000000da4f8130,0x00000000da500000)
  to   space 5120K, 0% used [0x00000000de500000,0x00000000de500000,0x00000000dea00000)
 ParOldGen       total 86016K, used 22131K [0x0000000082000000, 0x0000000087400000, 0x00000000d6000000)
  object space 86016K, 25% used [0x0000000082000000,0x000000008359cfd8,0x0000000087400000)
 Metaspace       used 9919K, capacity 10156K, committed 10368K, reserved 1058816K
  class space    used 812K, capacity 862K, committed 896K, reserved 1048576K
}
Event: 43.908 GC heap before
{Heap before GC invocations=4 (full 0):
 PSYoungGen      total 70656K, used 70624K [0x00000000d6000000, 0x00000000dea00000, 0x0000000100000000)
  eden space 65536K, 100% used [0x00000000d6000000,0x00000000da000000,0x00000000da000000)
  from space 5120K, 99% used [0x00000000da000000,0x00000000da4f8130,0x00000000da500000)
  to   space 5120K, 0% used [0x00000000de500000,0x00000000de500000,0x00000000dea00000)
 ParOldGen       total 86016K, used 22131K [0x0000000082000000, 0x0000000087400000, 0x00000000d6000000)
  object space 86016K, 25% used [0x0000000082000000,0x000000008359cfd8,0x0000000087400000)
 Metaspace       used 10715K, capacity 10890K, committed 11136K, reserved 1058816K
  class space    used 835K, capacity 895K, committed 896K, reserved 1048576K
Event: 45.330 GC heap after
Heap after GC invocations=4 (full 0):
 PSYoungGen      total 136192K, used 5102K [0x00000000d6000000, 0x00000000dea00000, 0x0000000100000000)
  eden space 131072K, 0% used [0x00000000d6000000,0x00000000d6000000,0x00000000de000000)
  from space 5120K, 99% used [0x00000000de500000,0x00000000de9fbb38,0x00000000dea00000)
  to   space 5120K, 0% used [0x00000000de000000,0x00000000de000000,0x00000000de500000)
 ParOldGen       total 86016K, used 22960K [0x0000000082000000, 0x0000000087400000, 0x00000000d6000000)
  object space 86016K, 26% used [0x0000000082000000,0x000000008366c290,0x0000000087400000)
 Metaspace       used 10715K, capacity 10890K, committed 11136K, reserved 1058816K
  class space    used 835K, capacity 895K, committed 896K, reserved 1048576K
}
Event: 121.347 GC heap before
{Heap before GC invocations=5 (full 0):
 PSYoungGen      total 136192K, used 136174K [0x00000000d6000000, 0x00000000dea00000, 0x0000000100000000)
  eden space 131072K, 100% used [0x00000000d6000000,0x00000000de000000,0x00000000de000000)
  from space 5120K, 99% used [0x00000000de500000,0x00000000de9fbb38,0x00000000dea00000)
  to   space 5120K, 0% used [0x00000000de000000,0x00000000de000000,0x00000000de500000)
 ParOldGen       total 86016K, used 22960K [0x0000000082000000, 0x0000000087400000, 0x00000000d6000000)
  object space 86016K, 26% used [0x0000000082000000,0x000000008366c290,0x0000000087400000)
 Metaspace       used 11210K, capacity 11414K, committed 11776K, reserved 1060864K
  class space    used 852K, capacity 897K, committed 1024K, reserved 1048576K
Event: 126.352 GC heap after
Heap after GC invocations=5 (full 0):
 PSYoungGen      total 136192K, used 5116K [0x00000000d6000000, 0x00000000e8d00000, 0x0000000100000000)
  eden space 131072K, 0% used [0x00000000d6000000,0x00000000d6000000,0x00000000de000000)
  from space 5120K, 99% used [0x00000000de000000,0x00000000de4ff2c8,0x00000000de500000)
  to   space 23040K, 0% used [0x00000000e7680000,0x00000000e7680000,0x00000000e8d00000)
 ParOldGen       total 86016K, used 34837K [0x0000000082000000, 0x0000000087400000, 0x00000000d6000000)
  object space 86016K, 40% used [0x0000000082000000,0x00000000842056a8,0x0000000087400000)
 Metaspace       used 11210K, capacity 11414K, committed 11776K, reserved 1060864K
  class space    used 852K, capacity 897K, committed 1024K, reserved 1048576K
}
Event: 140.207 GC heap before
{Heap before GC invocations=6 (full 0):
 PSYoungGen      total 136192K, used 136188K [0x00000000d6000000, 0x00000000e8d00000, 0x0000000100000000)
  eden space 131072K, 100% used [0x00000000d6000000,0x00000000de000000,0x00000000de000000)
  from space 5120K, 99% used [0x00000000de000000,0x00000000de4ff2c8,0x00000000de500000)
  to   space 23040K, 0% used [0x00000000e7680000,0x00000000e7680000,0x00000000e8d00000)
 ParOldGen       total 86016K, used 34837K [0x0000000082000000, 0x0000000087400000, 0x00000000d6000000)
  object space 86016K, 40% used [0x0000000082000000,0x00000000842056a8,0x0000000087400000)
 Metaspace       used 11218K, capacity 11414K, committed 11776K, reserved 1060864K
  class space    used 852K, capacity 897K, committed 1024K, reserved 1048576K
Event: 142.711 GC heap after
Heap after GC invocations=6 (full 0):
 PSYoungGen      total 284672K, used 16700K [0x00000000d6000000, 0x00000000e8e00000, 0x0000000100000000)
  eden space 261632K, 0% used [0x00000000d6000000,0x00000000d6000000,0x00000000e5f80000)
  from space 23040K, 72% used [0x00000000e7680000,0x00000000e86cf2c8,0x00000000e8d00000)
  to   space 23552K, 0% used [0x00000000e5f80000,0x00000000e5f80000,0x00000000e7680000)
 ParOldGen       total 86016K, used 34837K [0x0000000082000000, 0x0000000087400000, 0x00000000d6000000)
  object space 86016K, 40% used [0x0000000082000000,0x00000000842056a8,0x0000000087400000)
 Metaspace       used 11218K, capacity 11414K, committed 11776K, reserved 1060864K
  class space    used 852K, capacity 897K, committed 1024K, reserved 1048576K
}

Deoptimization events (10 events):
Event: 94.806 Thread 0x000000000258e800 Uncommon trap: reason=class_check action=maybe_recompile pc=0x0000000002e6a92c method=org.mozilla.javascript.ScriptRuntime.nameOrFunction(Lorg/mozilla/javascript/Context;Lorg/mozilla/javascript/Scriptable;Lorg/mozilla/javascript/Scriptable;Ljava/lang/Stri
Event: 94.806 Thread 0x000000000258e800 Uncommon trap: reason=class_check action=maybe_recompile pc=0x00000000030090f8 method=org.mozilla.javascript.ScriptRuntime.getNameFunctionAndThis(Ljava/lang/String;Lorg/mozilla/javascript/Context;Lorg/mozilla/javascript/Scriptable;)Lorg/mozilla/javascript
Event: 96.232 Thread 0x000000000258e800 Uncommon trap: reason=bimorphic action=maybe_recompile pc=0x000000000308cd60 method=org.mozilla.javascript.ScriptRuntime.cmp_LT(Ljava/lang/Object;Ljava/lang/Object;)Z @ 26
Event: 96.232 Thread 0x000000000258e800 Uncommon trap: reason=bimorphic action=maybe_recompile pc=0x000000000308cd60 method=org.mozilla.javascript.ScriptRuntime.cmp_LT(Ljava/lang/Object;Ljava/lang/Object;)Z @ 26
Event: 97.502 Thread 0x000000000258e800 Uncommon trap: reason=unstable_if action=reinterpret pc=0x0000000003174fb4 method=org.mozilla.javascript.gen.C__Users_ADMINI_1_AppData_Local_Temp_r_js_1._c_isIdentifierStart_332(Lorg/mozilla/javascript/gen/C__Users_ADMINI_1_AppData_Local_Temp_r_js_1;Lorg/
Event: 101.177 Thread 0x000000000258e800 Uncommon trap: reason=unstable_if action=reinterpret pc=0x0000000002ad9524 method=org.mozilla.javascript.gen.C__Users_ADMINI_1_AppData_Local_Temp_r_js_1._c_scanPunctuator_346(Lorg/mozilla/javascript/gen/C__Users_ADMINI_1_AppData_Local_Temp_r_js_1;Lorg/moz
Event: 108.994 Thread 0x000000000258e800 Uncommon trap: reason=unstable_if action=reinterpret pc=0x0000000002b12104 method=org.mozilla.javascript.gen.C__Users_ADMINI_1_AppData_Local_Temp_r_js_1._c_parsePostfixExpression_432(Lorg/mozilla/javascript/gen/C__Users_ADMINI_1_AppData_Local_Temp_r_js_1;
Event: 119.988 Thread 0x000000000258e800 Uncommon trap: reason=unstable_if action=reinterpret pc=0x0000000002bfb064 method=org.mozilla.javascript.gen.C__Users_ADMINI_1_AppData_Local_Temp_r_js_1._c_binaryPrecedence_434(Lorg/mozilla/javascript/gen/C__Users_ADMINI_1_AppData_Local_Temp_r_js_1;Lorg/m
Event: 137.053 Thread 0x000000000258e800 Uncommon trap: reason=unstable_if action=reinterpret pc=0x00000000032bd598 method=org.mozilla.javascript.gen.C__Users_ADMINI_1_AppData_Local_Temp_r_js_1._c_scanPunctuator_346(Lorg/mozilla/javascript/gen/C__Users_ADMINI_1_AppData_Local_Temp_r_js_1;Lorg/moz
Event: 137.129 Thread 0x000000000258e800 Uncommon trap: reason=unstable_if action=reinterpret pc=0x0000000002af0524 method=org.mozilla.javascript.gen.C__Users_ADMINI_1_AppData_Local_Temp_r_js_1._c_matchAssign_415(Lorg/mozilla/javascript/gen/C__Users_ADMINI_1_AppData_Local_Temp_r_js_1;Lorg/mozill

Internal exceptions (10 events):
Event: 4.494 Thread 0x000000000258e800 Exception <a 'java/security/PrivilegedActionException'> (0x00000000d644d378) thrown at [C:\re\workspace\8-2-build-windows-amd64-cygwin\jdk8u144\9417\hotspot\src\share\vm\prims\jvm.cpp, line 1390]
Event: 4.495 Thread 0x000000000258e800 Exception <a 'java/security/PrivilegedActionException'> (0x00000000d6451758) thrown at [C:\re\workspace\8-2-build-windows-amd64-cygwin\jdk8u144\9417\hotspot\src\share\vm\prims\jvm.cpp, line 1390]
Event: 4.495 Thread 0x000000000258e800 Exception <a 'java/security/PrivilegedActionException'> (0x00000000d6451b50) thrown at [C:\re\workspace\8-2-build-windows-amd64-cygwin\jdk8u144\9417\hotspot\src\share\vm\prims\jvm.cpp, line 1390]
Event: 10.317 Thread 0x000000000258e800 Implicit null exception at 0x0000000002c5bd88 to 0x0000000002c5c081
Event: 14.045 Thread 0x000000000258e800 Exception <a 'java/lang/NoSuchFieldError': method resolution failed> (0x00000000d637b760) thrown at [C:\re\workspace\8-2-build-windows-amd64-cygwin\jdk8u144\9417\hotspot\src\share\vm\prims\methodHandles.cpp, line 1146]
Event: 14.048 Thread 0x000000000258e800 Exception <a 'java/lang/NoSuchFieldError': method resolution failed> (0x00000000d6388e50) thrown at [C:\re\workspace\8-2-build-windows-amd64-cygwin\jdk8u144\9417\hotspot\src\share\vm\prims\methodHandles.cpp, line 1146]
Event: 24.098 Thread 0x000000000258e800 Implicit null exception at 0x0000000002e2f57e to 0x0000000002e2f67d
Event: 26.420 Thread 0x000000000258e800 Implicit null exception at 0x0000000002e5646d to 0x0000000002e5682d
Event: 26.420 Thread 0x000000000258e800 Implicit null exception at 0x0000000002e65fa5 to 0x0000000002e662e5
Event: 38.622 Thread 0x000000000258e800 Implicit null exception at 0x0000000002b0fce4 to 0x0000000002b1045d

Events (10 events):
Event: 137.129 Thread 0x000000000258e800 Uncommon trap: trap_request=0xffffff65 fr.pc=0x0000000002af0524
Event: 137.129 Thread 0x000000000258e800 DEOPT PACKING pc=0x0000000002af0524 sp=0x00000000027a5450
Event: 137.170 Thread 0x000000000258e800 DEOPT UNPACKING pc=0x000000000280582a sp=0x00000000027a5420 mode 2
Event: 138.017 Thread 0x0000000018b6f800 flushing nmethod 0x0000000002b5a5d0
Event: 139.725 Thread 0x000000000258e800 DEOPT PACKING pc=0x00000000031579b8 sp=0x00000000027ac7b0
Event: 139.754 Thread 0x000000000258e800 DEOPT UNPACKING pc=0x000000000280787f sp=0x00000000027ac4f8 mode 0
Event: 139.966 Thread 0x0000000018b6f800 flushing nmethod 0x0000000002c43510
Event: 140.087 Executing VM operation: ParallelGCFailedAllocation
Event: 142.836 Executing VM operation: ParallelGCFailedAllocation done
Event: 143.834 Thread 0x0000000018b6f800 flushing nmethod 0x0000000002d56dd0


Dynamic libraries:
0x000000013f340000 - 0x000000013f377000 	D:\jaspersoftstudio\features\jre.win32.win32.x86_64.feature_1.8.0.u144\jre\bin\java.exe
0x0000000077c10000 - 0x0000000077dba000 	C:\windows\SYSTEM32\ntdll.dll
0x000007fef2270000 - 0x000007fef22a4000 	C:\Program Files\AVAST Software\Avast\x64\aswhooka.dll
0x0000000077af0000 - 0x0000000077c0f000 	C:\windows\system32\kernel32.dll
0x000007fefdcc0000 - 0x000007fefdd2a000 	C:\windows\system32\KERNELBASE.dll
0x000007fefe7a0000 - 0x000007fefe87b000 	C:\windows\system32\ADVAPI32.dll
0x000007fefde90000 - 0x000007fefdf2f000 	C:\windows\system32\msvcrt.dll
0x000007fefec10000 - 0x000007fefec2f000 	C:\windows\SYSTEM32\sechost.dll
0x000007fefdf30000 - 0x000007fefe05d000 	C:\windows\system32\RPCRT4.dll
0x00000000779f0000 - 0x0000000077aea000 	C:\windows\system32\USER32.dll
0x000007feffd30000 - 0x000007feffd97000 	C:\windows\system32\GDI32.dll
0x000007fefe790000 - 0x000007fefe79e000 	C:\windows\system32\LPK.dll
0x000007fefe6c0000 - 0x000007fefe78a000 	C:\windows\system32\USP10.dll
0x000007fefc3f0000 - 0x000007fefc5e4000 	C:\windows\WinSxS\amd64_microsoft.windows.common-controls_6595b64144ccf1df_6.0.7601.18837_none_fa3b1e3d17594757\COMCTL32.dll
0x000007fefe640000 - 0x000007fefe6b1000 	C:\windows\system32\SHLWAPI.dll
0x000007fefde60000 - 0x000007fefde8e000 	C:\windows\system32\IMM32.DLL
0x000007feffdc0000 - 0x000007feffec9000 	C:\windows\system32\MSCTF.dll
0x0000000078f50000 - 0x0000000079022000 	D:\jaspersoftstudio\features\jre.win32.win32.x86_64.feature_1.8.0.u144\jre\bin\msvcr100.dll
0x000000006f8c0000 - 0x000000007015d000 	D:\jaspersoftstudio\features\jre.win32.win32.x86_64.feature_1.8.0.u144\jre\bin\server\jvm.dll
0x000007fefc2e0000 - 0x000007fefc2e9000 	C:\windows\system32\WSOCK32.dll
0x000007feffed0000 - 0x000007fefff1d000 	C:\windows\system32\WS2_32.dll
0x000007fefe100000 - 0x000007fefe108000 	C:\windows\system32\NSI.dll
0x000007fefb960000 - 0x000007fefb99b000 	C:\windows\system32\WINMM.dll
0x000007fefcab0000 - 0x000007fefcabc000 	C:\windows\system32\VERSION.dll
0x0000000077de0000 - 0x0000000077de7000 	C:\windows\system32\PSAPI.DLL
0x0000000050200000 - 0x000000005020f000 	D:\jaspersoftstudio\features\jre.win32.win32.x86_64.feature_1.8.0.u144\jre\bin\verify.dll
0x000000006d500000 - 0x000000006d529000 	D:\jaspersoftstudio\features\jre.win32.win32.x86_64.feature_1.8.0.u144\jre\bin\java.dll
0x00000000701a0000 - 0x00000000701b6000 	D:\jaspersoftstudio\features\jre.win32.win32.x86_64.feature_1.8.0.u144\jre\bin\zip.dll
0x000007fefedc0000 - 0x000007feffb49000 	C:\windows\system32\SHELL32.dll
0x000007fefe880000 - 0x000007fefea83000 	C:\windows\system32\ole32.dll
0x000007fefd9c0000 - 0x000007fefd9cf000 	C:\windows\system32\profapi.dll

VM Arguments:
java_command: org.mozilla.javascript.tools.shell.Main C:\Users\ADMINI~1\AppData\Local\Temp\r.js -o build.js
java_class_path (initial): C:\Users\ADMINI~1\AppData\Local\Temp\js.jar;C:\Users\ADMINI~1\AppData\Local\Temp\compiler.jar
Launcher Type: SUN_STANDARD

Environment Variables:
JAVA_HOME=C:\Program Files\Java\jdk1.8.0_141
CLASSPATH=D:\apache-ant-1.9.9\lib
PATH=D:/jaspersoftstudio//features/jre.win32.win32.x86_64.feature_1.8.0.u144/jre/bin/server;D:/jaspersoftstudio//features/jre.win32.win32.x86_64.feature_1.8.0.u144/jre/bin;D:/jaspersoftstudio//features/jre.win32.win32.x86_64.feature_1.8.0.u144/jre/lib/amd64;C:\ProgramData\Oracle\Java\javapath;C:\windows\system32;C:\windows;C:\windows\System32\Wbem;C:\windows\System32\WindowsPowerShell\v1.0\;C:\Program Files\TortoiseSVN\bin;D:\MongoDB\bin;D:\apache-maven-3.5.0\bin;C:\Program Files (x86)\Git\cmd;D:\phantomjs-2.1.1-windows\bin;D:\apache-ant-1.9.9\bin;C:\Program Files\Java\jdk1.7.0_80\bin;D:\Python\Python36;C:\Program Files\nodejs\;C:\strawberry\c\bin;C:\strawberry\perl\bin;C:\Program Files (x86)\ClockworkMod\Universal Adb Driver;C:\Program Files\TortoiseGit\bin;C:\Program Files\dotnet\;C:\Program Files (x86)\Yarn\bin\;D:\Python\Python36\Scripts\;D:\Python\Python36\;C:\Program Files\Microsoft VS Code\bin;C:\Users\Administrator\AppData\Roaming\npm;C:\Users\Administrator\AppData\Local\Programs\Fiddler;C:\Users\Administrator\AppData\Local\Yarn\bin;D:\jaspersoftstudio;
USERNAME=Administrator
OS=Windows_NT
PROCESSOR_IDENTIFIER=Intel64 Family 6 Model 60 Stepping 3, GenuineIntel



---------------  S Y S T E M  ---------------

OS: Windows 7 , 64 bit Build 7601 (6.1.7601.23677)

CPU:total 8 (initial active 8) (4 cores per cpu, 2 threads per core) family 6 model 60 stepping 3, cmov, cx8, fxsr, mmx, sse, sse2, sse3, ssse3, sse4.1, sse4.2, popcnt, avx, avx2, aes, clmul, erms, rtm, lzcnt, ht, tsc, tscinvbit, bmi1, bmi2

Memory: 4k page, physical 8257320k(116900k free), swap 21635396k(22532k free)

vm_info: Java HotSpot(TM) 64-Bit Server VM (25.144-b01) for windows-amd64 JRE (1.8.0_144-b01), built on Jul 21 2017 21:57:33 by "java_re" with MS VC++ 10.0 (VS2010)

time: Mon Jun 25 15:27:22 2018
elapsed time: 169 seconds (0d 0h 2m 49s)

