#
# There is insufficient memory for the Java Runtime Environment to continue.
# Native memory allocation (malloc) failed to allocate 32744 bytes for ChunkPool::allocate
# Possible reasons:
#   The system is out of physical RAM or swap space
#   In 32 bit mode, the process size limit was hit
# Possible solutions:
#   Reduce memory load on the system
#   Increase physical memory or swap space
#   Check if swap backing store is full
#   Use 64 bit Java on a 64 bit OS
#   Decrease Java heap size (-Xmx/-Xms)
#   Decrease number of Java threads
#   Decrease Java thread stack sizes (-Xss)
#   Set larger code cache with -XX:ReservedCodeCacheSize=
# This output file may be truncated or incomplete.
#
#  Out of Memory Error (allocation.cpp:273), pid=10520, tid=0x0000000000002d00
#
# JRE version: Java(TM) SE Runtime Environment (8.0_144-b01) (build 1.8.0_144-b01)
# Java VM: Java HotSpot(TM) 64-Bit Server VM (25.144-b01 mixed mode windows-amd64 compressed oops)
# Failed to write core dump. Minidumps are not enabled by default on client versions of Windows
#

---------------  T H R E A D  ---------------

Current thread (0x0000000018c54800):  JavaThread "C2 CompilerThread0" daemon [_thread_in_native, id=11520, stack(0x0000000019d30000,0x0000000019e30000)]

Stack: [0x0000000019d30000,0x0000000019e30000]
[error occurred during error reporting (printing stack bounds), id 0xc0000005]

Native frames: (J=compiled Java code, j=interpreted, Vv=VM code, C=native code)


Current CompileTask:
C2: 168002 2217       4       org.mozilla.javascript.ScriptRuntime::getElemFunctionAndThis (133 bytes)


---------------  P R O C E S S  ---------------

Java Threads: ( => current thread )
  0x0000000018ccf000 JavaThread "Service Thread" daemon [_thread_blocked, id=11480, stack(0x000000001a700000,0x000000001a800000)]
  0x0000000018ca8000 JavaThread "C1 CompilerThread3" daemon [_thread_in_vm, id=11944, stack(0x000000001a9d0000,0x000000001aad0000)]
  0x0000000018c60800 JavaThread "C2 CompilerThread2" daemon [_thread_in_vm, id=11384, stack(0x000000001a820000,0x000000001a920000)]
  0x0000000018c5d800 JavaThread "C2 CompilerThread1" daemon [_thread_in_native, id=11564, stack(0x000000001a5e0000,0x000000001a6e0000)]
=>0x0000000018c54800 JavaThread "C2 CompilerThread0" daemon [_thread_in_native, id=11520, stack(0x0000000019d30000,0x0000000019e30000)]
  0x0000000018c40800 JavaThread "Attach Listener" daemon [_thread_blocked, id=9712, stack(0x000000001a410000,0x000000001a510000)]
  0x0000000018c3f800 JavaThread "Signal Dispatcher" daemon [_thread_blocked, id=10912, stack(0x000000001a2b0000,0x000000001a3b0000)]
  0x0000000017a6a000 JavaThread "Finalizer" daemon [_thread_blocked, id=11100, stack(0x000000001a0c0000,0x000000001a1c0000)]
  0x0000000017a68800 JavaThread "Reference Handler" daemon [_thread_blocked, id=11096, stack(0x0000000019ec0000,0x0000000019fc0000)]
  0x00000000025fe800 JavaThread "main" [_thread_in_Java, id=9032, stack(0x0000000002680000,0x0000000002780000)]

Other Threads:
  0x0000000018be3000 VMThread [stack: 0x0000000019c00000,0x0000000019d00000] [id=2144]
  0x0000000018d77800 WatcherThread [stack: 0x000000001ac90000,0x000000001ad90000] [id=11884]

VM state:not at safepoint (normal execution)

VM Mutex/Monitor currently owned by a thread: None

Heap:
 PSYoungGen      total 282112K, used 244191K [0x00000000d6000000, 0x00000000fa600000, 0x0000000100000000)
  eden space 261632K, 85% used [0x00000000d6000000,0x00000000e3a7a5e8,0x00000000e5f80000)
  from space 20480K, 99% used [0x00000000e5f80000,0x00000000e737d878,0x00000000e7380000)
  to   space 36352K, 0% used [0x00000000f8280000,0x00000000f8280000,0x00000000fa600000)
 ParOldGen       total 86016K, used 47762K [0x0000000082000000, 0x0000000087400000, 0x00000000d6000000)
  object space 86016K, 55% used [0x0000000082000000,0x0000000084ea49c0,0x0000000087400000)
 Metaspace       used 11417K, capacity 11612K, committed 12032K, reserved 1060864K
  class space    used 852K, capacity 898K, committed 1024K, reserved 1048576K

Card table byte_map: [0x0000000011b40000,0x0000000011f40000] byte_map_base: 0x0000000011730000

Marking Bits: (ParMarkBitMap*) 0x00000000700dd850
 Begin Bits: [0x0000000012d90000, 0x0000000014d10000)
 End Bits:   [0x0000000014d10000, 0x0000000016c90000)

Polling page: 0x0000000000150000

CodeCache: size=245760Kb used=15907Kb max_used=15975Kb free=229852Kb
 bounds [0x0000000002780000, 0x0000000003760000, 0x0000000011780000]
 total_blobs=2039 nmethods=1704 adapters=247
 compilation: enabled

Compilation events (10 events):
Event: 142.184 Thread 0x0000000018ca8000 2213       3       org.mozilla.javascript.gen.C__Users_ADMINI_1_AppData_Local_Temp_r_js_1::_c_semicolon_574 (85 bytes)
Event: 142.299 Thread 0x0000000018ca8000 nmethod 2213 0x0000000003305990 code [0x0000000003305c00, 0x0000000003306a18]
Event: 143.834 Thread 0x0000000018c54800 nmethod 2212 0x000000000374d590 code [0x000000000374df40, 0x0000000003753888]
Event: 143.961 Thread 0x0000000018c60800 2214       4       org.mozilla.javascript.ScriptRuntime::instanceOf (37 bytes)
Event: 144.289 Thread 0x0000000018c60800 nmethod 2214 0x0000000002957d90 code [0x0000000002957f20, 0x00000000029581e8]
Event: 144.290 Thread 0x0000000018c5d800 2215       4       org.mozilla.javascript.gen.C__Users_ADMINI_1_AppData_Local_Temp_r_js_1::_c_read_name_548 (485 bytes)
Event: 145.215 Thread 0x0000000018c60800 2216   !   4       org.mozilla.javascript.gen.C__Users_ADMINI_1_AppData_Local_Temp_r_js_1::_c_prog1_618 (219 bytes)
Event: 153.549 Thread 0x0000000018c54800 2217       4       org.mozilla.javascript.ScriptRuntime::getElemFunctionAndThis (133 bytes)
Event: 154.036 Thread 0x0000000018ca8000 2218   !   3       org.mozilla.javascript.gen.C__Users_ADMINI_1_AppData_Local_Temp_r_js_1::_c_with_eof_error_556 (198 bytes)
Event: 161.863 Thread 0x0000000018ca8000 nmethod 2218 0x000000000374b1d0 code [0x000000000374b4c0, 0x000000000374c738]

GC Heap History (10 events):
Event: 9.103 GC heap before
{Heap before GC invocations=3 (full 0):
 PSYoungGen      total 70656K, used 70646K [0x00000000d6000000, 0x00000000daa00000, 0x0000000100000000)
  eden space 65536K, 100% used [0x00000000d6000000,0x00000000da000000,0x00000000da000000)
  from space 5120K, 99% used [0x00000000da500000,0x00000000da9fdb58,0x00000000daa00000)
  to   space 5120K, 0% used [0x00000000da000000,0x00000000da000000,0x00000000da500000)
 ParOldGen       total 86016K, used 20126K [0x0000000082000000, 0x0000000087400000, 0x00000000d6000000)
  object space 86016K, 23% used [0x0000000082000000,0x00000000833a78b8,0x0000000087400000)
 Metaspace       used 9910K, capacity 10156K, committed 10368K, reserved 1058816K
  class space    used 812K, capacity 862K, committed 896K, reserved 1048576K
Event: 11.042 GC heap after
Heap after GC invocations=3 (full 0):
 PSYoungGen      total 70656K, used 5112K [0x00000000d6000000, 0x00000000dea00000, 0x0000000100000000)
  eden space 65536K, 0% used [0x00000000d6000000,0x00000000d6000000,0x00000000da000000)
  from space 5120K, 99% used [0x00000000da000000,0x00000000da4fe140,0x00000000da500000)
  to   space 5120K, 0% used [0x00000000de500000,0x00000000de500000,0x00000000dea00000)
 ParOldGen       total 86016K, used 22018K [0x0000000082000000, 0x0000000087400000, 0x00000000d6000000)
  object space 86016K, 25% used [0x0000000082000000,0x0000000083580a38,0x0000000087400000)
 Metaspace       used 9910K, capacity 10156K, committed 10368K, reserved 1058816K
  class space    used 812K, capacity 862K, committed 896K, reserved 1048576K
}
Event: 12.076 GC heap before
{Heap before GC invocations=4 (full 0):
 PSYoungGen      total 70656K, used 70648K [0x00000000d6000000, 0x00000000dea00000, 0x0000000100000000)
  eden space 65536K, 100% used [0x00000000d6000000,0x00000000da000000,0x00000000da000000)
  from space 5120K, 99% used [0x00000000da000000,0x00000000da4fe140,0x00000000da500000)
  to   space 5120K, 0% used [0x00000000de500000,0x00000000de500000,0x00000000dea00000)
 ParOldGen       total 86016K, used 22018K [0x0000000082000000, 0x0000000087400000, 0x00000000d6000000)
  object space 86016K, 25% used [0x0000000082000000,0x0000000083580a38,0x0000000087400000)
 Metaspace       used 10813K, capacity 11082K, committed 11136K, reserved 1058816K
  class space    used 835K, capacity 895K, committed 896K, reserved 1048576K
Event: 12.191 GC heap after
Heap after GC invocations=4 (full 0):
 PSYoungGen      total 136192K, used 5112K [0x00000000d6000000, 0x00000000dea00000, 0x0000000100000000)
  eden space 131072K, 0% used [0x00000000d6000000,0x00000000d6000000,0x00000000de000000)
  from space 5120K, 99% used [0x00000000de500000,0x00000000de9fe140,0x00000000dea00000)
  to   space 5120K, 0% used [0x00000000de000000,0x00000000de000000,0x00000000de500000)
 ParOldGen       total 86016K, used 22847K [0x0000000082000000, 0x0000000087400000, 0x00000000d6000000)
  object space 86016K, 26% used [0x0000000082000000,0x000000008364ffe0,0x0000000087400000)
 Metaspace       used 10813K, capacity 11082K, committed 11136K, reserved 1058816K
  class space    used 835K, capacity 895K, committed 896K, reserved 1048576K
}
Event: 17.863 GC heap before
{Heap before GC invocations=5 (full 0):
 PSYoungGen      total 136192K, used 136184K [0x00000000d6000000, 0x00000000dea00000, 0x0000000100000000)
  eden space 131072K, 100% used [0x00000000d6000000,0x00000000de000000,0x00000000de000000)
  from space 5120K, 99% used [0x00000000de500000,0x00000000de9fe140,0x00000000dea00000)
  to   space 5120K, 0% used [0x00000000de000000,0x00000000de000000,0x00000000de500000)
 ParOldGen       total 86016K, used 22847K [0x0000000082000000, 0x0000000087400000, 0x00000000d6000000)
  object space 86016K, 26% used [0x0000000082000000,0x000000008364ffe0,0x0000000087400000)
 Metaspace       used 11217K, capacity 11414K, committed 11776K, reserved 1060864K
  class space    used 852K, capacity 897K, committed 1024K, reserved 1048576K
Event: 20.970 GC heap after
Heap after GC invocations=5 (full 0):
 PSYoungGen      total 136192K, used 5100K [0x00000000d6000000, 0x00000000e8700000, 0x0000000100000000)
  eden space 131072K, 0% used [0x00000000d6000000,0x00000000d6000000,0x00000000de000000)
  from space 5120K, 99% used [0x00000000de000000,0x00000000de4fb3d0,0x00000000de500000)
  to   space 19968K, 0% used [0x00000000e7380000,0x00000000e7380000,0x00000000e8700000)
 ParOldGen       total 86016K, used 23972K [0x0000000082000000, 0x0000000087400000, 0x00000000d6000000)
  object space 86016K, 27% used [0x0000000082000000,0x00000000837690b8,0x0000000087400000)
 Metaspace       used 11217K, capacity 11414K, committed 11776K, reserved 1060864K
  class space    used 852K, capacity 897K, committed 1024K, reserved 1048576K
}
Event: 23.428 GC heap before
{Heap before GC invocations=6 (full 0):
 PSYoungGen      total 136192K, used 136172K [0x00000000d6000000, 0x00000000e8700000, 0x0000000100000000)
  eden space 131072K, 100% used [0x00000000d6000000,0x00000000de000000,0x00000000de000000)
  from space 5120K, 99% used [0x00000000de000000,0x00000000de4fb3d0,0x00000000de500000)
  to   space 19968K, 0% used [0x00000000e7380000,0x00000000e7380000,0x00000000e8700000)
 ParOldGen       total 86016K, used 23972K [0x0000000082000000, 0x0000000087400000, 0x00000000d6000000)
  object space 86016K, 27% used [0x0000000082000000,0x00000000837690b8,0x0000000087400000)
 Metaspace       used 11262K, capacity 11478K, committed 11776K, reserved 1060864K
  class space    used 852K, capacity 897K, committed 1024K, reserved 1048576K
Event: 24.046 GC heap after
Heap after GC invocations=6 (full 0):
 PSYoungGen      total 281600K, used 14188K [0x00000000d6000000, 0x00000000e8800000, 0x0000000100000000)
  eden space 261632K, 0% used [0x00000000d6000000,0x00000000d6000000,0x00000000e5f80000)
  from space 19968K, 71% used [0x00000000e7380000,0x00000000e815b3d0,0x00000000e8700000)
  to   space 20480K, 0% used [0x00000000e5f80000,0x00000000e5f80000,0x00000000e7380000)
 ParOldGen       total 86016K, used 23972K [0x0000000082000000, 0x0000000087400000, 0x00000000d6000000)
  object space 86016K, 27% used [0x0000000082000000,0x00000000837690b8,0x0000000087400000)
 Metaspace       used 11262K, capacity 11478K, committed 11776K, reserved 1060864K
  class space    used 852K, capacity 897K, committed 1024K, reserved 1048576K
}
Event: 27.544 GC heap before
{Heap before GC invocations=7 (full 0):
 PSYoungGen      total 281600K, used 275820K [0x00000000d6000000, 0x00000000e8800000, 0x0000000100000000)
  eden space 261632K, 100% used [0x00000000d6000000,0x00000000e5f80000,0x00000000e5f80000)
  from space 19968K, 71% used [0x00000000e7380000,0x00000000e815b3d0,0x00000000e8700000)
  to   space 20480K, 0% used [0x00000000e5f80000,0x00000000e5f80000,0x00000000e7380000)
 ParOldGen       total 86016K, used 23972K [0x0000000082000000, 0x0000000087400000, 0x00000000d6000000)
  object space 86016K, 27% used [0x0000000082000000,0x00000000837690b8,0x0000000087400000)
 Metaspace       used 11282K, capacity 11542K, committed 11776K, reserved 1060864K
  class space    used 852K, capacity 897K, committed 1024K, reserved 1048576K
Event: 28.290 GC heap after
Heap after GC invocations=7 (full 0):
 PSYoungGen      total 282112K, used 20470K [0x00000000d6000000, 0x00000000fa600000, 0x0000000100000000)
  eden space 261632K, 0% used [0x00000000d6000000,0x00000000d6000000,0x00000000e5f80000)
  from space 20480K, 99% used [0x00000000e5f80000,0x00000000e737d878,0x00000000e7380000)
  to   space 36352K, 0% used [0x00000000f8280000,0x00000000f8280000,0x00000000fa600000)
 ParOldGen       total 86016K, used 47762K [0x0000000082000000, 0x0000000087400000, 0x00000000d6000000)
  object space 86016K, 55% used [0x0000000082000000,0x0000000084ea49c0,0x0000000087400000)
 Metaspace       used 11282K, capacity 11542K, committed 11776K, reserved 1060864K
  class space    used 852K, capacity 897K, committed 1024K, reserved 1048576K
}

Deoptimization events (10 events):
Event: 96.139 Thread 0x00000000025fe800 Uncommon trap: reason=class_check action=maybe_recompile pc=0x00000000030bf7d0 method=org.mozilla.javascript.ScriptRuntime.doScriptableIncrDecr(Lorg/mozilla/javascript/Scriptable;Ljava/lang/String;Lorg/mozilla/javascript/Scriptable;Ljava/lang/Object;I)Lja
Event: 96.221 Thread 0x00000000025fe800 Uncommon trap: reason=class_check action=maybe_recompile pc=0x00000000030a1af8 method=org.mozilla.javascript.ScriptRuntime.doScriptableIncrDecr(Lorg/mozilla/javascript/Scriptable;Ljava/lang/String;Lorg/mozilla/javascript/Scriptable;Ljava/lang/Object;I)Lja
Event: 96.230 Thread 0x00000000025fe800 Uncommon trap: reason=class_check action=maybe_recompile pc=0x00000000030a1af8 method=org.mozilla.javascript.ScriptRuntime.doScriptableIncrDecr(Lorg/mozilla/javascript/Scriptable;Ljava/lang/String;Lorg/mozilla/javascript/Scriptable;Ljava/lang/Object;I)Lja
Event: 96.365 Thread 0x00000000025fe800 Uncommon trap: reason=class_check action=maybe_recompile pc=0x00000000033ef134 method=org.mozilla.javascript.NativeObject.execIdCall(Lorg/mozilla/javascript/IdFunctionObject;Lorg/mozilla/javascript/Context;Lorg/mozilla/javascript/Scriptable;Lorg/mozilla/j
Event: 96.385 Thread 0x00000000025fe800 Uncommon trap: reason=class_check action=maybe_recompile pc=0x00000000033ef134 method=org.mozilla.javascript.NativeObject.execIdCall(Lorg/mozilla/javascript/IdFunctionObject;Lorg/mozilla/javascript/Context;Lorg/mozilla/javascript/Scriptable;Lorg/mozilla/j
Event: 96.407 Thread 0x00000000025fe800 Uncommon trap: reason=class_check action=maybe_recompile pc=0x00000000033ef134 method=org.mozilla.javascript.NativeObject.execIdCall(Lorg/mozilla/javascript/IdFunctionObject;Lorg/mozilla/javascript/Context;Lorg/mozilla/javascript/Scriptable;Lorg/mozilla/j
Event: 96.415 Thread 0x00000000025fe800 Uncommon trap: reason=class_check action=maybe_recompile pc=0x00000000033ef134 method=org.mozilla.javascript.NativeObject.execIdCall(Lorg/mozilla/javascript/IdFunctionObject;Lorg/mozilla/javascript/Context;Lorg/mozilla/javascript/Scriptable;Lorg/mozilla/j
Event: 100.946 Thread 0x00000000025fe800 Uncommon trap: reason=unstable_if action=reinterpret pc=0x000000000330f16c method=org.mozilla.javascript.ScriptRuntime.indexFromString(Ljava/lang/String;)J @ 9
Event: 102.143 Thread 0x00000000025fe800 Uncommon trap: reason=unstable_if action=reinterpret pc=0x0000000002fb4550 method=org.mozilla.javascript.ScriptRuntime.indexFromString(Ljava/lang/String;)J @ 9
Event: 102.449 Thread 0x00000000025fe800 Uncommon trap: reason=unstable_if action=reinterpret pc=0x00000000036d4b14 method=org.mozilla.javascript.gen.C__Users_ADMINI_1_AppData_Local_Temp_r_js_1._c_next_token_557(Lorg/mozilla/javascript/gen/C__Users_ADMINI_1_AppData_Local_Temp_r_js_1;Lorg/mozilla

Internal exceptions (10 events):
Event: 0.448 Thread 0x00000000025fe800 Exception <a 'java/security/PrivilegedActionException'> (0x00000000d644cc00) thrown at [C:\re\workspace\8-2-build-windows-amd64-cygwin\jdk8u144\9417\hotspot\src\share\vm\prims\jvm.cpp, line 1390]
Event: 0.448 Thread 0x00000000025fe800 Exception <a 'java/security/PrivilegedActionException'> (0x00000000d644cff8) thrown at [C:\re\workspace\8-2-build-windows-amd64-cygwin\jdk8u144\9417\hotspot\src\share\vm\prims\jvm.cpp, line 1390]
Event: 0.449 Thread 0x00000000025fe800 Exception <a 'java/security/PrivilegedActionException'> (0x00000000d64513d8) thrown at [C:\re\workspace\8-2-build-windows-amd64-cygwin\jdk8u144\9417\hotspot\src\share\vm\prims\jvm.cpp, line 1390]
Event: 0.449 Thread 0x00000000025fe800 Exception <a 'java/security/PrivilegedActionException'> (0x00000000d64517d0) thrown at [C:\re\workspace\8-2-build-windows-amd64-cygwin\jdk8u144\9417\hotspot\src\share\vm\prims\jvm.cpp, line 1390]
Event: 8.840 Thread 0x00000000025fe800 Exception <a 'java/lang/NoSuchFieldError': method resolution failed> (0x00000000d637b858) thrown at [C:\re\workspace\8-2-build-windows-amd64-cygwin\jdk8u144\9417\hotspot\src\share\vm\prims\methodHandles.cpp, line 1146]
Event: 8.850 Thread 0x00000000025fe800 Exception <a 'java/lang/NoSuchFieldError': method resolution failed> (0x00000000d6388f48) thrown at [C:\re\workspace\8-2-build-windows-amd64-cygwin\jdk8u144\9417\hotspot\src\share\vm\prims\methodHandles.cpp, line 1146]
Event: 11.331 Thread 0x00000000025fe800 Implicit null exception at 0x0000000002db0ecb to 0x0000000002db41a9
Event: 11.331 Thread 0x00000000025fe800 Implicit null exception at 0x0000000002d7e58b to 0x0000000002d7e6b9
Event: 11.331 Thread 0x00000000025fe800 Implicit null exception at 0x0000000002d7ea3e to 0x0000000002d7eb3d
Event: 11.513 Thread 0x00000000025fe800 Implicit null exception at 0x0000000002e13d28 to 0x0000000002e1402d

Events (10 events):
Event: 100.946 Thread 0x00000000025fe800 DEOPT UNPACKING pc=0x00000000027c582a sp=0x000000000276a4e0 mode 2
Event: 102.143 Thread 0x00000000025fe800 Uncommon trap: trap_request=0xffffff65 fr.pc=0x0000000002fb4550
Event: 102.143 Thread 0x00000000025fe800 DEOPT PACKING pc=0x0000000002fb4550 sp=0x000000000276a4e0
Event: 102.143 Thread 0x00000000025fe800 DEOPT UNPACKING pc=0x00000000027c582a sp=0x000000000276a3f0 mode 2
Event: 102.449 Thread 0x00000000025fe800 Uncommon trap: trap_request=0xffffff65 fr.pc=0x00000000036d4b14
Event: 102.449 Thread 0x00000000025fe800 DEOPT PACKING pc=0x00000000036d4b14 sp=0x0000000002769a70
Event: 102.449 Thread 0x00000000025fe800 DEOPT UNPACKING pc=0x00000000027c582a sp=0x0000000002769a58 mode 2
Event: 134.580 Thread 0x00000000025fe800 DEOPT PACKING pc=0x0000000002e98bbd sp=0x00000000027654a0
Event: 134.634 Thread 0x00000000025fe800 DEOPT UNPACKING pc=0x00000000027c787f sp=0x0000000002765190 mode 0
Event: 149.653 Thread 0x0000000018c54800 flushing nmethod 0x0000000002cc7950


Dynamic libraries:
0x000000013f340000 - 0x000000013f377000 	D:\jaspersoftstudio\features\jre.win32.win32.x86_64.feature_1.8.0.u144\jre\bin\java.exe
0x0000000077c10000 - 0x0000000077dba000 	C:\windows\SYSTEM32\ntdll.dll
0x000007fef2270000 - 0x000007fef22a4000 	C:\Program Files\AVAST Software\Avast\x64\aswhooka.dll
0x0000000077af0000 - 0x0000000077c0f000 	C:\windows\system32\kernel32.dll
0x000007fefdcc0000 - 0x000007fefdd2a000 	C:\windows\system32\KERNELBASE.dll
0x000007fefe7a0000 - 0x000007fefe87b000 	C:\windows\system32\ADVAPI32.dll
0x000007fefde90000 - 0x000007fefdf2f000 	C:\windows\system32\msvcrt.dll
0x000007fefec10000 - 0x000007fefec2f000 	C:\windows\SYSTEM32\sechost.dll
0x000007fefdf30000 - 0x000007fefe05d000 	C:\windows\system32\RPCRT4.dll
0x00000000779f0000 - 0x0000000077aea000 	C:\windows\system32\USER32.dll
0x000007feffd30000 - 0x000007feffd97000 	C:\windows\system32\GDI32.dll
0x000007fefe790000 - 0x000007fefe79e000 	C:\windows\system32\LPK.dll
0x000007fefe6c0000 - 0x000007fefe78a000 	C:\windows\system32\USP10.dll
0x000007fefc3f0000 - 0x000007fefc5e4000 	C:\windows\WinSxS\amd64_microsoft.windows.common-controls_6595b64144ccf1df_6.0.7601.18837_none_fa3b1e3d17594757\COMCTL32.dll
0x000007fefe640000 - 0x000007fefe6b1000 	C:\windows\system32\SHLWAPI.dll
0x000007fefde60000 - 0x000007fefde8e000 	C:\windows\system32\IMM32.DLL
0x000007feffdc0000 - 0x000007feffec9000 	C:\windows\system32\MSCTF.dll
0x0000000078f50000 - 0x0000000079022000 	D:\jaspersoftstudio\features\jre.win32.win32.x86_64.feature_1.8.0.u144\jre\bin\msvcr100.dll
0x000000006f8c0000 - 0x000000007015d000 	D:\jaspersoftstudio\features\jre.win32.win32.x86_64.feature_1.8.0.u144\jre\bin\server\jvm.dll
0x000007fefc2e0000 - 0x000007fefc2e9000 	C:\windows\system32\WSOCK32.dll
0x000007feffed0000 - 0x000007fefff1d000 	C:\windows\system32\WS2_32.dll
0x000007fefe100000 - 0x000007fefe108000 	C:\windows\system32\NSI.dll
0x000007fefb960000 - 0x000007fefb99b000 	C:\windows\system32\WINMM.dll
0x000007fefcab0000 - 0x000007fefcabc000 	C:\windows\system32\VERSION.dll
0x0000000077de0000 - 0x0000000077de7000 	C:\windows\system32\PSAPI.DLL
0x0000000050200000 - 0x000000005020f000 	D:\jaspersoftstudio\features\jre.win32.win32.x86_64.feature_1.8.0.u144\jre\bin\verify.dll
0x000000006d500000 - 0x000000006d529000 	D:\jaspersoftstudio\features\jre.win32.win32.x86_64.feature_1.8.0.u144\jre\bin\java.dll
0x00000000701a0000 - 0x00000000701b6000 	D:\jaspersoftstudio\features\jre.win32.win32.x86_64.feature_1.8.0.u144\jre\bin\zip.dll
0x000007fefedc0000 - 0x000007feffb49000 	C:\windows\system32\SHELL32.dll
0x000007fefe880000 - 0x000007fefea83000 	C:\windows\system32\ole32.dll
0x000007fefd9c0000 - 0x000007fefd9cf000 	C:\windows\system32\profapi.dll

VM Arguments:
java_command: org.mozilla.javascript.tools.shell.Main C:\Users\ADMINI~1\AppData\Local\Temp\r.js -o build.js
java_class_path (initial): C:\Users\ADMINI~1\AppData\Local\Temp\js.jar;C:\Users\ADMINI~1\AppData\Local\Temp\compiler.jar
Launcher Type: SUN_STANDARD

Environment Variables:
JAVA_HOME=C:\Program Files\Java\jdk1.8.0_141
CLASSPATH=D:\apache-ant-1.9.9\lib
PATH=D:/jaspersoftstudio//features/jre.win32.win32.x86_64.feature_1.8.0.u144/jre/bin/server;D:/jaspersoftstudio//features/jre.win32.win32.x86_64.feature_1.8.0.u144/jre/bin;D:/jaspersoftstudio//features/jre.win32.win32.x86_64.feature_1.8.0.u144/jre/lib/amd64;C:\ProgramData\Oracle\Java\javapath;C:\windows\system32;C:\windows;C:\windows\System32\Wbem;C:\windows\System32\WindowsPowerShell\v1.0\;C:\Program Files\TortoiseSVN\bin;D:\MongoDB\bin;D:\apache-maven-3.5.0\bin;C:\Program Files (x86)\Git\cmd;D:\phantomjs-2.1.1-windows\bin;D:\apache-ant-1.9.9\bin;C:\Program Files\Java\jdk1.7.0_80\bin;D:\Python\Python36;C:\Program Files\nodejs\;C:\strawberry\c\bin;C:\strawberry\perl\bin;C:\Program Files (x86)\ClockworkMod\Universal Adb Driver;C:\Program Files\TortoiseGit\bin;C:\Program Files\dotnet\;C:\Program Files (x86)\Yarn\bin\;D:\Python\Python36\Scripts\;D:\Python\Python36\;C:\Program Files\Microsoft VS Code\bin;C:\Users\Administrator\AppData\Roaming\npm;C:\Users\Administrator\AppData\Local\Programs\Fiddler;C:\Users\Administrator\AppData\Local\Yarn\bin;D:\jaspersoftstudio;
USERNAME=Administrator
OS=Windows_NT
PROCESSOR_IDENTIFIER=Intel64 Family 6 Model 60 Stepping 3, GenuineIntel



---------------  S Y S T E M  ---------------

OS: Windows 7 , 64 bit Build 7601 (6.1.7601.23677)

CPU:total 8 (initial active 8) (4 cores per cpu, 2 threads per core) family 6 model 60 stepping 3, cmov, cx8, fxsr, mmx, sse, sse2, sse3, ssse3, sse4.1, sse4.2, popcnt, avx, avx2, aes, clmul, erms, rtm, lzcnt, ht, tsc, tscinvbit, bmi1, bmi2

Memory: 4k page, physical 8257320k(118000k free), swap 21635396k(24156k free)

vm_info: Java HotSpot(TM) 64-Bit Server VM (25.144-b01) for windows-amd64 JRE (1.8.0_144-b01), built on Jul 21 2017 21:57:33 by "java_re" with MS VC++ 10.0 (VS2010)

time: Mon Jun 25 15:27:22 2018
elapsed time: 169 seconds (0d 0h 2m 49s)

