#
# There is insufficient memory for the Java Runtime Environment to continue.
# Native memory allocation (malloc) failed to allocate 142576 bytes for Chunk::new
# Possible reasons:
#   The system is out of physical RAM or swap space
#   In 32 bit mode, the process size limit was hit
# Possible solutions:
#   Reduce memory load on the system
#   Increase physical memory or swap space
#   Check if swap backing store is full
#   Use 64 bit Java on a 64 bit OS
#   Decrease Java heap size (-Xmx/-Xms)
#   Decrease number of Java threads
#   Decrease Java thread stack sizes (-Xss)
#   Set larger code cache with -XX:ReservedCodeCacheSize=
# This output file may be truncated or incomplete.
#
#  Out of Memory Error (allocation.cpp:390), pid=10496, tid=0x0000000000002778
#
# JRE version: Java(TM) SE Runtime Environment (8.0_144-b01) (build 1.8.0_144-b01)
# Java VM: Java HotSpot(TM) 64-Bit Server VM (25.144-b01 mixed mode windows-amd64 compressed oops)
# Failed to write core dump. Minidumps are not enabled by default on client versions of Windows
#

---------------  T H R E A D  ---------------

Current thread (0x0000000018c28000):  JavaThread "C2 CompilerThread1" daemon [_thread_in_native, id=10104, stack(0x000000001a520000,0x000000001a620000)]

Stack: [0x000000001a520000,0x000000001a620000]
[error occurred during error reporting (printing stack bounds), id 0xc0000005]

Native frames: (J=compiled Java code, j=interpreted, Vv=VM code, C=native code)


Current CompileTask:
C2:  68080 2521       4       org.mozilla.javascript.regexp.NativeRegExp::executeREBytecode (2599 bytes)


---------------  P R O C E S S  ---------------

Java Threads: ( => current thread )
  0x0000000018c8a800 JavaThread "Service Thread" daemon [_thread_blocked, id=10060, stack(0x000000001a9d0000,0x000000001aad0000)]
  0x0000000018c7f800 JavaThread "C1 CompilerThread3" daemon [_thread_in_native, id=9940, stack(0x000000001a800000,0x000000001a900000)]
  0x0000000018c7f000 JavaThread "C2 CompilerThread2" daemon [_thread_in_vm, id=11660, stack(0x0000000019dd0000,0x0000000019ed0000)]
=>0x0000000018c28000 JavaThread "C2 CompilerThread1" daemon [_thread_in_native, id=10104, stack(0x000000001a520000,0x000000001a620000)]
  0x0000000018c0b800 JavaThread "C2 CompilerThread0" daemon [_thread_in_native, id=12012, stack(0x000000001a360000,0x000000001a460000)]
  0x0000000018c0a000 JavaThread "Attach Listener" daemon [_thread_blocked, id=9356, stack(0x000000001a1a0000,0x000000001a2a0000)]
  0x0000000018c09000 JavaThread "Signal Dispatcher" daemon [_thread_blocked, id=11636, stack(0x000000001a0a0000,0x000000001a1a0000)]
  0x0000000017b50000 JavaThread "Finalizer" daemon [_thread_blocked, id=9960, stack(0x0000000019ee0000,0x0000000019fe0000)]
  0x0000000017b48800 JavaThread "Reference Handler" daemon [_thread_blocked, id=11924, stack(0x0000000019b40000,0x0000000019c40000)]
  0x0000000001e8e800 JavaThread "main" [_thread_in_vm, id=10476, stack(0x0000000002900000,0x0000000002a00000)]

Other Threads:
  0x0000000018bb3000 VMThread [stack: 0x0000000019c70000,0x0000000019d70000] [id=12064]
  0x0000000018d20800 WatcherThread [stack: 0x000000001a630000,0x000000001a730000] [id=9808]

VM state:not at safepoint (normal execution)

VM Mutex/Monitor currently owned by a thread:  ([mutex/lock_event])
[0x0000000001e8c0d0] CodeCache_lock - owner thread: 0x0000000018c7f000

Heap:
 PSYoungGen      total 633856K, used 586103K [0x00000000d6000000, 0x00000000ffb80000, 0x0000000100000000)
  eden space 592384K, 97% used [0x00000000d6000000,0x00000000f968f280,0x00000000fa280000)
  from space 41472K, 14% used [0x00000000fd300000,0x00000000fd8ced10,0x00000000ffb80000)
  to   space 45568K, 0% used [0x00000000fa280000,0x00000000fa280000,0x00000000fcf00000)
 ParOldGen       total 139264K, used 79999K [0x0000000082000000, 0x000000008a800000, 0x00000000d6000000)
  object space 139264K, 57% used [0x0000000082000000,0x0000000086e1fd60,0x000000008a800000)
 Metaspace       used 11575K, capacity 11804K, committed 12032K, reserved 1060864K
  class space    used 852K, capacity 898K, committed 1024K, reserved 1048576K

Card table byte_map: [0x0000000011dc0000,0x00000000121c0000] byte_map_base: 0x00000000119b0000

Marking Bits: (ParMarkBitMap*) 0x00000000700dd850
 Begin Bits: [0x0000000012e70000, 0x0000000014df0000)
 End Bits:   [0x0000000014df0000, 0x0000000016d70000)

Polling page: 0x0000000000150000

CodeCache: size=245760Kb used=16557Kb max_used=16573Kb free=229202Kb
 bounds [0x0000000002a00000, 0x0000000003a70000, 0x0000000011a00000]
 total_blobs=2220 nmethods=1885 adapters=247
 compilation: enabled

Compilation events (10 events):
Event: 64.891 Thread 0x0000000018c0b800 nmethod 2507 0x00000000030bfb90 code [0x00000000030bfd40, 0x00000000030c05e8]
Event: 65.276 Thread 0x0000000018c7f000 2541       4       org.mozilla.javascript.optimizer.OptRuntime::wrapDouble (59 bytes)
Event: 65.277 Thread 0x0000000018c0b800 2542       4       org.mozilla.javascript.ScriptableObject::getDefaultValue (393 bytes)
Event: 65.277 Thread 0x0000000018c7f000 nmethod 2541 0x0000000002e99e10 code [0x0000000002e99fa0, 0x0000000002e9a0f8]
Event: 65.288 Thread 0x0000000018c0b800 nmethod 2542 0x00000000038ae7d0 code [0x00000000038ae980, 0x00000000038af1b8]
Event: 65.471 Thread 0x0000000018c0b800 2543       4       org.mozilla.javascript.DToA::word0 (11 bytes)
Event: 65.472 Thread 0x0000000018c0b800 nmethod 2543 0x000000000381b410 code [0x000000000381b540, 0x000000000381b598]
Event: 66.033 Thread 0x0000000018c0b800 2544       4       org.mozilla.javascript.Decompiler::getNext (19 bytes)
Event: 67.115 Thread 0x0000000018c0b800 nmethod 2544 0x0000000003056910 code [0x0000000003056a60, 0x0000000003056b38]
Event: 67.115 Thread 0x0000000018c0b800 2546       4       org.mozilla.javascript.IdFunctionObject::getPrototype (24 bytes)

GC Heap History (10 events):
Event: 31.625 GC heap before
{Heap before GC invocations=9 (full 0):
 PSYoungGen      total 285184K, used 270262K [0x00000000d6000000, 0x00000000e8e00000, 0x0000000100000000)
  eden space 262144K, 100% used [0x00000000d6000000,0x00000000e6000000,0x00000000e6000000)
  from space 23040K, 35% used [0x00000000e7780000,0x00000000e7f6db48,0x00000000e8e00000)
  to   space 23552K, 0% used [0x00000000e6000000,0x00000000e6000000,0x00000000e7700000)
 ParOldGen       total 86016K, used 27737K [0x0000000082000000, 0x0000000087400000, 0x00000000d6000000)
  object space 86016K, 32% used [0x0000000082000000,0x0000000083b16538,0x0000000087400000)
 Metaspace       used 11256K, capacity 11478K, committed 11776K, reserved 1060864K
  class space    used 851K, capacity 897K, committed 1024K, reserved 1048576K
Event: 31.986 GC heap after
Heap after GC invocations=9 (full 0):
 PSYoungGen      total 285696K, used 23552K [0x00000000d6000000, 0x00000000f3400000, 0x0000000100000000)
  eden space 262144K, 0% used [0x00000000d6000000,0x00000000d6000000,0x00000000e6000000)
  from space 23552K, 100% used [0x00000000e6000000,0x00000000e7700000,0x00000000e7700000)
  to   space 29696K, 0% used [0x00000000f1700000,0x00000000f1700000,0x00000000f3400000)
 ParOldGen       total 86016K, used 34490K [0x0000000082000000, 0x0000000087400000, 0x00000000d6000000)
  object space 86016K, 40% used [0x0000000082000000,0x00000000841aebf8,0x0000000087400000)
 Metaspace       used 11256K, capacity 11478K, committed 11776K, reserved 1060864K
  class space    used 851K, capacity 897K, committed 1024K, reserved 1048576K
}
Event: 33.191 GC heap before
{Heap before GC invocations=10 (full 0):
 PSYoungGen      total 285696K, used 285696K [0x00000000d6000000, 0x00000000f3400000, 0x0000000100000000)
  eden space 262144K, 100% used [0x00000000d6000000,0x00000000e6000000,0x00000000e6000000)
  from space 23552K, 100% used [0x00000000e6000000,0x00000000e7700000,0x00000000e7700000)
  to   space 29696K, 0% used [0x00000000f1700000,0x00000000f1700000,0x00000000f3400000)
 ParOldGen       total 86016K, used 34490K [0x0000000082000000, 0x0000000087400000, 0x00000000d6000000)
  object space 86016K, 40% used [0x0000000082000000,0x00000000841aebf8,0x0000000087400000)
 Metaspace       used 11260K, capacity 11542K, committed 11776K, reserved 1060864K
  class space    used 851K, capacity 897K, committed 1024K, reserved 1048576K
Event: 34.830 GC heap after
Heap after GC invocations=10 (full 0):
 PSYoungGen      total 431616K, used 29696K [0x00000000d6000000, 0x00000000f5700000, 0x0000000100000000)
  eden space 401920K, 0% used [0x00000000d6000000,0x00000000d6000000,0x00000000ee880000)
  from space 29696K, 100% used [0x00000000f1700000,0x00000000f3400000,0x00000000f3400000)
  to   space 47616K, 0% used [0x00000000ee880000,0x00000000ee880000,0x00000000f1700000)
 ParOldGen       total 86016K, used 70490K [0x0000000082000000, 0x0000000087400000, 0x00000000d6000000)
  object space 86016K, 81% used [0x0000000082000000,0x00000000864d6bf8,0x0000000087400000)
 Metaspace       used 11260K, capacity 11542K, committed 11776K, reserved 1060864K
  class space    used 851K, capacity 897K, committed 1024K, reserved 1048576K
}
Event: 34.909 GC heap before
{Heap before GC invocations=11 (full 1):
 PSYoungGen      total 431616K, used 29696K [0x00000000d6000000, 0x00000000f5700000, 0x0000000100000000)
  eden space 401920K, 0% used [0x00000000d6000000,0x00000000d6000000,0x00000000ee880000)
  from space 29696K, 100% used [0x00000000f1700000,0x00000000f3400000,0x00000000f3400000)
  to   space 47616K, 0% used [0x00000000ee880000,0x00000000ee880000,0x00000000f1700000)
 ParOldGen       total 86016K, used 70490K [0x0000000082000000, 0x0000000087400000, 0x00000000d6000000)
  object space 86016K, 81% used [0x0000000082000000,0x00000000864d6bf8,0x0000000087400000)
 Metaspace       used 11260K, capacity 11542K, committed 11776K, reserved 1060864K
  class space    used 851K, capacity 897K, committed 1024K, reserved 1048576K
Event: 37.020 GC heap after
Heap after GC invocations=11 (full 1):
 PSYoungGen      total 431616K, used 0K [0x00000000d6000000, 0x00000000f5700000, 0x0000000100000000)
  eden space 401920K, 0% used [0x00000000d6000000,0x00000000d6000000,0x00000000ee880000)
  from space 29696K, 0% used [0x00000000f1700000,0x00000000f1700000,0x00000000f3400000)
  to   space 47616K, 0% used [0x00000000ee880000,0x00000000ee880000,0x00000000f1700000)
 ParOldGen       total 139264K, used 77285K [0x0000000082000000, 0x000000008a800000, 0x00000000d6000000)
  object space 139264K, 55% used [0x0000000082000000,0x0000000086b796b8,0x000000008a800000)
 Metaspace       used 11260K, capacity 11542K, committed 11776K, reserved 1060864K
  class space    used 851K, capacity 897K, committed 1024K, reserved 1048576K
}
Event: 41.347 GC heap before
{Heap before GC invocations=12 (full 1):
 PSYoungGen      total 431616K, used 401920K [0x00000000d6000000, 0x00000000f5700000, 0x0000000100000000)
  eden space 401920K, 100% used [0x00000000d6000000,0x00000000ee880000,0x00000000ee880000)
  from space 29696K, 0% used [0x00000000f1700000,0x00000000f1700000,0x00000000f3400000)
  to   space 47616K, 0% used [0x00000000ee880000,0x00000000ee880000,0x00000000f1700000)
 ParOldGen       total 139264K, used 77285K [0x0000000082000000, 0x000000008a800000, 0x00000000d6000000)
  object space 139264K, 55% used [0x0000000082000000,0x0000000086b796b8,0x000000008a800000)
 Metaspace       used 11279K, capacity 11548K, committed 11776K, reserved 1060864K
  class space    used 851K, capacity 898K, committed 1024K, reserved 1048576K
Event: 42.168 GC heap after
Heap after GC invocations=12 (full 1):
 PSYoungGen      total 449536K, used 9180K [0x00000000d6000000, 0x0000000100000000, 0x0000000100000000)
  eden space 401920K, 0% used [0x00000000d6000000,0x00000000d6000000,0x00000000ee880000)
  from space 47616K, 19% used [0x00000000ee880000,0x00000000ef177260,0x00000000f1700000)
  to   space 46080K, 0% used [0x00000000fd300000,0x00000000fd300000,0x0000000100000000)
 ParOldGen       total 139264K, used 77293K [0x0000000082000000, 0x000000008a800000, 0x00000000d6000000)
  object space 139264K, 55% used [0x0000000082000000,0x0000000086b7b6b8,0x000000008a800000)
 Metaspace       used 11279K, capacity 11548K, committed 11776K, reserved 1060864K
  class space    used 851K, capacity 898K, committed 1024K, reserved 1048576K
}
Event: 46.768 GC heap before
{Heap before GC invocations=13 (full 1):
 PSYoungGen      total 449536K, used 411100K [0x00000000d6000000, 0x0000000100000000, 0x0000000100000000)
  eden space 401920K, 100% used [0x00000000d6000000,0x00000000ee880000,0x00000000ee880000)
  from space 47616K, 19% used [0x00000000ee880000,0x00000000ef177260,0x00000000f1700000)
  to   space 46080K, 0% used [0x00000000fd300000,0x00000000fd300000,0x0000000100000000)
 ParOldGen       total 139264K, used 77293K [0x0000000082000000, 0x000000008a800000, 0x00000000d6000000)
  object space 139264K, 55% used [0x0000000082000000,0x0000000086b7b6b8,0x000000008a800000)
 Metaspace       used 11406K, capacity 11612K, committed 12032K, reserved 1060864K
  class space    used 851K, capacity 898K, committed 1024K, reserved 1048576K
Event: 47.170 GC heap after
Heap after GC invocations=13 (full 1):
 PSYoungGen      total 633856K, used 5947K [0x00000000d6000000, 0x00000000ffb80000, 0x0000000100000000)
  eden space 592384K, 0% used [0x00000000d6000000,0x00000000d6000000,0x00000000fa280000)
  from space 41472K, 14% used [0x00000000fd300000,0x00000000fd8ced10,0x00000000ffb80000)
  to   space 45568K, 0% used [0x00000000fa280000,0x00000000fa280000,0x00000000fcf00000)
 ParOldGen       total 139264K, used 79999K [0x0000000082000000, 0x000000008a800000, 0x00000000d6000000)
  object space 139264K, 57% used [0x0000000082000000,0x0000000086e1fd60,0x000000008a800000)
 Metaspace       used 11406K, capacity 11612K, committed 12032K, reserved 1060864K
  class space    used 851K, capacity 898K, committed 1024K, reserved 1048576K
}

Deoptimization events (10 events):
Event: 62.363 Thread 0x0000000001e8e800 Uncommon trap: reason=bimorphic action=maybe_recompile pc=0x0000000003055b64 method=org.mozilla.javascript.IdScriptableObject$PrototypeValues.findId(Ljava/lang/String;)I @ 14
Event: 62.900 Thread 0x0000000001e8e800 Uncommon trap: reason=unstable_if action=reinterpret pc=0x0000000003024f10 method=org.mozilla.javascript.regexp.NativeRegExp.executeREBytecode(Lorg/mozilla/javascript/regexp/REGlobalData;Ljava/lang/String;I)Z @ 1749
Event: 63.278 Thread 0x0000000001e8e800 Uncommon trap: reason=bimorphic action=maybe_recompile pc=0x00000000032ac720 method=org.mozilla.javascript.ScriptRuntime.toNumber(Ljava/lang/Object;)D @ 11
Event: 63.281 Thread 0x0000000001e8e800 Uncommon trap: reason=bimorphic action=maybe_recompile pc=0x00000000032ac720 method=org.mozilla.javascript.ScriptRuntime.toNumber(Ljava/lang/Object;)D @ 11
Event: 63.282 Thread 0x0000000001e8e800 Uncommon trap: reason=unstable_if action=reinterpret pc=0x00000000036548d8 method=org.mozilla.javascript.IdFunctionObject.getPrototype()Lorg/mozilla/javascript/Scriptable; @ 6
Event: 63.305 Thread 0x0000000001e8e800 Uncommon trap: reason=unstable_if action=reinterpret pc=0x0000000003294c9c method=org.mozilla.javascript.ScriptableObject.getDefaultValue(Lorg/mozilla/javascript/Scriptable;Ljava/lang/Class;)Ljava/lang/Object; @ 70
Event: 63.650 Thread 0x0000000001e8e800 Uncommon trap: reason=bimorphic action=maybe_recompile pc=0x00000000032ac720 method=org.mozilla.javascript.ScriptRuntime.toNumber(Ljava/lang/Object;)D @ 11
Event: 63.651 Thread 0x0000000001e8e800 Uncommon trap: reason=bimorphic action=maybe_recompile pc=0x00000000032ac720 method=org.mozilla.javascript.ScriptRuntime.toNumber(Ljava/lang/Object;)D @ 11
Event: 63.674 Thread 0x0000000001e8e800 Uncommon trap: reason=unstable_if action=reinterpret pc=0x000000000326c53c method=org.mozilla.javascript.ScriptRuntime.toString(Ljava/lang/Object;)Ljava/lang/String; @ 53
Event: 63.857 Thread 0x0000000001e8e800 Uncommon trap: reason=unstable_if action=reinterpret pc=0x000000000355c97c method=org.mozilla.javascript.optimizer.OptRuntime.wrapDouble(D)Ljava/lang/Double; @ 43

Internal exceptions (10 events):
Event: 19.036 Thread 0x0000000001e8e800 Implicit null exception at 0x0000000002daa448 to 0x0000000002daa749
Event: 19.047 Thread 0x0000000001e8e800 Implicit null exception at 0x0000000002d98f3c to 0x0000000002d99195
Event: 21.692 Thread 0x0000000001e8e800 Exception <a 'java/lang/NoSuchFieldError': method resolution failed> (0x00000000d6346430) thrown at [C:\re\workspace\8-2-build-windows-amd64-cygwin\jdk8u144\9417\hotspot\src\share\vm\prims\methodHandles.cpp, line 1146]
Event: 21.694 Thread 0x0000000001e8e800 Exception <a 'java/lang/NoSuchFieldError': method resolution failed> (0x00000000d6353b20) thrown at [C:\re\workspace\8-2-build-windows-amd64-cygwin\jdk8u144\9417\hotspot\src\share\vm\prims\methodHandles.cpp, line 1146]
Event: 22.466 Thread 0x0000000001e8e800 Implicit null exception at 0x0000000002ffd9b5 to 0x0000000002ffe8c1
Event: 22.466 Thread 0x0000000001e8e800 Implicit null exception at 0x0000000002fac2cb to 0x0000000002fac3f9
Event: 22.466 Thread 0x0000000001e8e800 Implicit null exception at 0x0000000002f7ccbe to 0x0000000002f7cdbd
Event: 22.469 Thread 0x0000000001e8e800 Implicit null exception at 0x0000000002ff0c20 to 0x0000000002ff4ce5
Event: 22.694 Thread 0x0000000001e8e800 Implicit null exception at 0x0000000003038de8 to 0x00000000030390ed
Event: 53.571 Thread 0x0000000001e8e800 Implicit null exception at 0x000000000359be3d to 0x000000000359c9fd

Events (10 events):
Event: 63.651 Thread 0x0000000001e8e800 Uncommon trap: trap_request=0xffffffc6 fr.pc=0x00000000032ac720
Event: 63.651 Thread 0x0000000001e8e800 DEOPT PACKING pc=0x00000000032ac720 sp=0x00000000029f0fc0
Event: 63.651 Thread 0x0000000001e8e800 DEOPT UNPACKING pc=0x0000000002a4582a sp=0x00000000029f0f68 mode 2
Event: 63.674 Thread 0x0000000001e8e800 Uncommon trap: trap_request=0xffffff65 fr.pc=0x000000000326c53c
Event: 63.674 Thread 0x0000000001e8e800 DEOPT PACKING pc=0x000000000326c53c sp=0x00000000029f0100
Event: 63.716 Thread 0x0000000001e8e800 DEOPT UNPACKING pc=0x0000000002a4582a sp=0x00000000029f00a0 mode 2
Event: 63.857 Thread 0x0000000001e8e800 Uncommon trap: trap_request=0xffffff65 fr.pc=0x000000000355c97c
Event: 63.857 Thread 0x0000000001e8e800 DEOPT PACKING pc=0x000000000355c97c sp=0x00000000029f0100
Event: 63.857 Thread 0x0000000001e8e800 DEOPT UNPACKING pc=0x0000000002a4582a sp=0x00000000029f00a8 mode 2
Event: 66.089 Thread 0x0000000018c7f000 flushing nmethod 0x0000000002b23810


Dynamic libraries:
0x000000013f340000 - 0x000000013f377000 	D:\jaspersoftstudio\features\jre.win32.win32.x86_64.feature_1.8.0.u144\jre\bin\java.exe
0x0000000077c10000 - 0x0000000077dba000 	C:\windows\SYSTEM32\ntdll.dll
0x000007fef2270000 - 0x000007fef22a4000 	C:\Program Files\AVAST Software\Avast\x64\aswhooka.dll
0x0000000077af0000 - 0x0000000077c0f000 	C:\windows\system32\kernel32.dll
0x000007fefdcc0000 - 0x000007fefdd2a000 	C:\windows\system32\KERNELBASE.dll
0x000007fefe7a0000 - 0x000007fefe87b000 	C:\windows\system32\ADVAPI32.dll
0x000007fefde90000 - 0x000007fefdf2f000 	C:\windows\system32\msvcrt.dll
0x000007fefec10000 - 0x000007fefec2f000 	C:\windows\SYSTEM32\sechost.dll
0x000007fefdf30000 - 0x000007fefe05d000 	C:\windows\system32\RPCRT4.dll
0x00000000779f0000 - 0x0000000077aea000 	C:\windows\system32\USER32.dll
0x000007feffd30000 - 0x000007feffd97000 	C:\windows\system32\GDI32.dll
0x000007fefe790000 - 0x000007fefe79e000 	C:\windows\system32\LPK.dll
0x000007fefe6c0000 - 0x000007fefe78a000 	C:\windows\system32\USP10.dll
0x000007fefc3f0000 - 0x000007fefc5e4000 	C:\windows\WinSxS\amd64_microsoft.windows.common-controls_6595b64144ccf1df_6.0.7601.18837_none_fa3b1e3d17594757\COMCTL32.dll
0x000007fefe640000 - 0x000007fefe6b1000 	C:\windows\system32\SHLWAPI.dll
0x000007fefde60000 - 0x000007fefde8e000 	C:\windows\system32\IMM32.DLL
0x000007feffdc0000 - 0x000007feffec9000 	C:\windows\system32\MSCTF.dll
0x0000000078f50000 - 0x0000000079022000 	D:\jaspersoftstudio\features\jre.win32.win32.x86_64.feature_1.8.0.u144\jre\bin\msvcr100.dll
0x000000006f8c0000 - 0x000000007015d000 	D:\jaspersoftstudio\features\jre.win32.win32.x86_64.feature_1.8.0.u144\jre\bin\server\jvm.dll
0x000007fefc2e0000 - 0x000007fefc2e9000 	C:\windows\system32\WSOCK32.dll
0x000007feffed0000 - 0x000007fefff1d000 	C:\windows\system32\WS2_32.dll
0x000007fefe100000 - 0x000007fefe108000 	C:\windows\system32\NSI.dll
0x000007fefb960000 - 0x000007fefb99b000 	C:\windows\system32\WINMM.dll
0x000007fefcab0000 - 0x000007fefcabc000 	C:\windows\system32\VERSION.dll
0x0000000077de0000 - 0x0000000077de7000 	C:\windows\system32\PSAPI.DLL
0x0000000050200000 - 0x000000005020f000 	D:\jaspersoftstudio\features\jre.win32.win32.x86_64.feature_1.8.0.u144\jre\bin\verify.dll
0x000000006d500000 - 0x000000006d529000 	D:\jaspersoftstudio\features\jre.win32.win32.x86_64.feature_1.8.0.u144\jre\bin\java.dll
0x00000000701a0000 - 0x00000000701b6000 	D:\jaspersoftstudio\features\jre.win32.win32.x86_64.feature_1.8.0.u144\jre\bin\zip.dll
0x000007fefedc0000 - 0x000007feffb49000 	C:\windows\system32\SHELL32.dll
0x000007fefe880000 - 0x000007fefea83000 	C:\windows\system32\ole32.dll
0x000007fefd9c0000 - 0x000007fefd9cf000 	C:\windows\system32\profapi.dll

VM Arguments:
java_command: org.mozilla.javascript.tools.shell.Main C:\Users\ADMINI~1\AppData\Local\Temp\r.js -o build.js
java_class_path (initial): C:\Users\ADMINI~1\AppData\Local\Temp\js.jar;C:\Users\ADMINI~1\AppData\Local\Temp\compiler.jar
Launcher Type: SUN_STANDARD

Environment Variables:
JAVA_HOME=C:\Program Files\Java\jdk1.8.0_141
CLASSPATH=D:\apache-ant-1.9.9\lib
PATH=D:/jaspersoftstudio//features/jre.win32.win32.x86_64.feature_1.8.0.u144/jre/bin/server;D:/jaspersoftstudio//features/jre.win32.win32.x86_64.feature_1.8.0.u144/jre/bin;D:/jaspersoftstudio//features/jre.win32.win32.x86_64.feature_1.8.0.u144/jre/lib/amd64;C:\ProgramData\Oracle\Java\javapath;C:\windows\system32;C:\windows;C:\windows\System32\Wbem;C:\windows\System32\WindowsPowerShell\v1.0\;C:\Program Files\TortoiseSVN\bin;D:\MongoDB\bin;D:\apache-maven-3.5.0\bin;C:\Program Files (x86)\Git\cmd;D:\phantomjs-2.1.1-windows\bin;D:\apache-ant-1.9.9\bin;C:\Program Files\Java\jdk1.7.0_80\bin;D:\Python\Python36;C:\Program Files\nodejs\;C:\strawberry\c\bin;C:\strawberry\perl\bin;C:\Program Files (x86)\ClockworkMod\Universal Adb Driver;C:\Program Files\TortoiseGit\bin;C:\Program Files\dotnet\;C:\Program Files (x86)\Yarn\bin\;D:\Python\Python36\Scripts\;D:\Python\Python36\;C:\Program Files\Microsoft VS Code\bin;C:\Users\Administrator\AppData\Roaming\npm;C:\Users\Administrator\AppData\Local\Programs\Fiddler;C:\Users\Administrator\AppData\Local\Yarn\bin;D:\jaspersoftstudio;
USERNAME=Administrator
OS=Windows_NT
PROCESSOR_IDENTIFIER=Intel64 Family 6 Model 60 Stepping 3, GenuineIntel



---------------  S Y S T E M  ---------------

OS: Windows 7 , 64 bit Build 7601 (6.1.7601.23677)

CPU:total 8 (initial active 8) (4 cores per cpu, 2 threads per core) family 6 model 60 stepping 3, cmov, cx8, fxsr, mmx, sse, sse2, sse3, ssse3, sse4.1, sse4.2, popcnt, avx, avx2, aes, clmul, erms, rtm, lzcnt, ht, tsc, tscinvbit, bmi1, bmi2

Memory: 4k page, physical 8257320k(2392k free), swap 21395884k(9264k free)

vm_info: Java HotSpot(TM) 64-Bit Server VM (25.144-b01) for windows-amd64 JRE (1.8.0_144-b01), built on Jul 21 2017 21:57:33 by "java_re" with MS VC++ 10.0 (VS2010)

time: Mon Jun 25 15:25:57 2018
elapsed time: 69 seconds (0d 0h 1m 9s)

