#
# There is insufficient memory for the Java Runtime Environment to continue.
# Native memory allocation (malloc) failed to allocate 32784 bytes for Chunk::new
# Possible reasons:
#   The system is out of physical RAM or swap space
#   In 32 bit mode, the process size limit was hit
# Possible solutions:
#   Reduce memory load on the system
#   Increase physical memory or swap space
#   Check if swap backing store is full
#   Use 64 bit Java on a 64 bit OS
#   Decrease Java heap size (-Xmx/-Xms)
#   Decrease number of Java threads
#   Decrease Java thread stack sizes (-Xss)
#   Set larger code cache with -XX:ReservedCodeCacheSize=
# This output file may be truncated or incomplete.
#
#  Out of Memory Error (allocation.cpp:390), pid=11612, tid=0x0000000000002df8
#
# JRE version: Java(TM) SE Runtime Environment (8.0_144-b01) (build 1.8.0_144-b01)
# Java VM: Java HotSpot(TM) 64-Bit Server VM (25.144-b01 mixed mode windows-amd64 compressed oops)
# Failed to write core dump. Minidumps are not enabled by default on client versions of Windows
#

---------------  T H R E A D  ---------------

Current thread (0x0000000018bb0800):  JavaThread "C2 CompilerThread0" daemon [_thread_in_native, id=11768, stack(0x000000001a330000,0x000000001a430000)]

Stack: [0x000000001a330000,0x000000001a430000]
[error occurred during error reporting (printing stack bounds), id 0xc0000005]

Native frames: (J=compiled Java code, j=interpreted, Vv=VM code, C=native code)


Current CompileTask:
C2: 158802 2200       4       org.mozilla.javascript.regexp.NativeRegExp::executeREBytecode (2599 bytes)


---------------  P R O C E S S  ---------------

Java Threads: ( => current thread )
  0x0000000018c35000 JavaThread "Service Thread" daemon [_thread_blocked, id=10660, stack(0x000000001a7e0000,0x000000001a8e0000)]
  0x0000000018bbd800 JavaThread "C1 CompilerThread3" daemon [_thread_in_native, id=11492, stack(0x0000000019f10000,0x000000001a010000)]
  0x0000000018bba800 JavaThread "C2 CompilerThread2" daemon [_thread_in_vm, id=10812, stack(0x000000001a580000,0x000000001a680000)]
  0x0000000018bb9800 JavaThread "C2 CompilerThread1" daemon [_thread_in_native, id=10684, stack(0x000000001a460000,0x000000001a560000)]
=>0x0000000018bb0800 JavaThread "C2 CompilerThread0" daemon [_thread_in_native, id=11768, stack(0x000000001a330000,0x000000001a430000)]
  0x0000000018b9c800 JavaThread "Attach Listener" daemon [_thread_blocked, id=11748, stack(0x000000001a1a0000,0x000000001a2a0000)]
  0x0000000018b9b800 JavaThread "Signal Dispatcher" daemon [_thread_blocked, id=11728, stack(0x000000001a040000,0x000000001a140000)]
  0x0000000017bf0000 JavaThread "Finalizer" daemon [_thread_blocked, id=10364, stack(0x0000000019dd0000,0x0000000019ed0000)]
  0x0000000017be9000 JavaThread "Reference Handler" daemon [_thread_blocked, id=10516, stack(0x0000000019c00000,0x0000000019d00000)]
  0x00000000024ce800 JavaThread "main" [_thread_in_Java, id=11936, stack(0x0000000002780000,0x0000000002880000)]

Other Threads:
  0x0000000018b43000 VMThread [stack: 0x0000000019aa0000,0x0000000019ba0000] [id=10472]
  0x0000000018c92800 WatcherThread [stack: 0x000000001a680000,0x000000001a780000] [id=11836]

VM state:not at safepoint (normal execution)

VM Mutex/Monitor currently owned by a thread: None

Heap:
 PSYoungGen      total 283648K, used 219045K [0x00000000d6000000, 0x00000000f9e00000, 0x0000000100000000)
  eden space 262144K, 75% used [0x00000000d6000000,0x00000000e20ebd60,0x00000000e6000000)
  from space 21504K, 99% used [0x00000000e6000000,0x00000000e74fd878,0x00000000e7500000)
  to   space 31744K, 0% used [0x00000000f7f00000,0x00000000f7f00000,0x00000000f9e00000)
 ParOldGen       total 86016K, used 46871K [0x0000000082000000, 0x0000000087400000, 0x00000000d6000000)
  object space 86016K, 54% used [0x0000000082000000,0x0000000084dc5c48,0x0000000087400000)
 Metaspace       used 11402K, capacity 11676K, committed 12032K, reserved 1060864K
  class space    used 851K, capacity 898K, committed 1024K, reserved 1048576K

Card table byte_map: [0x0000000011c40000,0x0000000012040000] byte_map_base: 0x0000000011830000

Marking Bits: (ParMarkBitMap*) 0x00000000700dd850
 Begin Bits: [0x0000000012f10000, 0x0000000014e90000)
 End Bits:   [0x0000000014e90000, 0x0000000016e10000)

Polling page: 0x0000000000360000

CodeCache: size=245760Kb used=14702Kb max_used=14731Kb free=231057Kb
 bounds [0x0000000002880000, 0x0000000003770000, 0x0000000011880000]
 total_blobs=1994 nmethods=1659 adapters=247
 compilation: enabled

Compilation events (10 events):
Event: 150.459 Thread 0x0000000018bb0800 nmethod 2184% 0x0000000002ed0190 code [0x0000000002ed02e0, 0x0000000002ed0678]
Event: 150.505 Thread 0x0000000018bb0800 2188 %     4       org.mozilla.javascript.regexp.NativeRegExp::processCharSetImpl @ 70 (1043 bytes)
Event: 150.506 Thread 0x0000000018bbd800 nmethod 2182 0x0000000003746810 code [0x0000000003747580, 0x0000000003751eb8]
Event: 150.833 Thread 0x0000000018bbd800 2195       2       org.mozilla.javascript.ScriptRuntime::nameIncrDecr (92 bytes)
Event: 151.550 Thread 0x0000000018bb0800 nmethod 2188% 0x0000000003093450 code [0x0000000003093a80, 0x00000000030952b8]
Event: 151.550 Thread 0x0000000018bb0800 2200       4       org.mozilla.javascript.regexp.NativeRegExp::executeREBytecode (2599 bytes)
Event: 151.637 Thread 0x0000000018bbd800 nmethod 2195 0x000000000309efd0 code [0x000000000309f1e0, 0x000000000309f968]
Event: 151.637 Thread 0x0000000018bbd800 2201       2       org.mozilla.javascript.NativeObject::execIdCall (2001 bytes)
Event: 154.244 Thread 0x0000000018bb9800 2190       4       org.mozilla.javascript.ScriptRuntime::doScriptableIncrDecr (99 bytes)
Event: 156.072 Thread 0x0000000018bba800 nmethod 2179 0x000000000375a250 code [0x000000000375ace0, 0x0000000003760ea0]

GC Heap History (10 events):
Event: 79.364 GC heap before
{Heap before GC invocations=3 (full 0):
 PSYoungGen      total 70656K, used 70638K [0x00000000d6000000, 0x00000000daa00000, 0x0000000100000000)
  eden space 65536K, 100% used [0x00000000d6000000,0x00000000da000000,0x00000000da000000)
  from space 5120K, 99% used [0x00000000da500000,0x00000000da9fbb38,0x00000000daa00000)
  to   space 5120K, 0% used [0x00000000da000000,0x00000000da000000,0x00000000da500000)
 ParOldGen       total 86016K, used 20183K [0x0000000082000000, 0x0000000087400000, 0x00000000d6000000)
  object space 86016K, 23% used [0x0000000082000000,0x00000000833b5ed8,0x0000000087400000)
 Metaspace       used 9868K, capacity 10092K, committed 10368K, reserved 1058816K
  class space    used 811K, capacity 862K, committed 896K, reserved 1048576K
Event: 84.999 GC heap after
Heap after GC invocations=3 (full 0):
 PSYoungGen      total 70656K, used 5102K [0x00000000d6000000, 0x00000000dea00000, 0x0000000100000000)
  eden space 65536K, 0% used [0x00000000d6000000,0x00000000d6000000,0x00000000da000000)
  from space 5120K, 99% used [0x00000000da000000,0x00000000da4fbb38,0x00000000da500000)
  to   space 5120K, 0% used [0x00000000de500000,0x00000000de500000,0x00000000dea00000)
 ParOldGen       total 86016K, used 22096K [0x0000000082000000, 0x0000000087400000, 0x00000000d6000000)
  object space 86016K, 25% used [0x0000000082000000,0x00000000835942c0,0x0000000087400000)
 Metaspace       used 9868K, capacity 10092K, committed 10368K, reserved 1058816K
  class space    used 811K, capacity 862K, committed 896K, reserved 1048576K
}
Event: 87.351 GC heap before
{Heap before GC invocations=4 (full 0):
 PSYoungGen      total 70656K, used 70638K [0x00000000d6000000, 0x00000000dea00000, 0x0000000100000000)
  eden space 65536K, 100% used [0x00000000d6000000,0x00000000da000000,0x00000000da000000)
  from space 5120K, 99% used [0x00000000da000000,0x00000000da4fbb38,0x00000000da500000)
  to   space 5120K, 0% used [0x00000000de500000,0x00000000de500000,0x00000000dea00000)
 ParOldGen       total 86016K, used 22096K [0x0000000082000000, 0x0000000087400000, 0x00000000d6000000)
  object space 86016K, 25% used [0x0000000082000000,0x00000000835942c0,0x0000000087400000)
 Metaspace       used 10785K, capacity 11018K, committed 11136K, reserved 1058816K
  class space    used 833K, capacity 895K, committed 896K, reserved 1048576K
Event: 87.676 GC heap after
Heap after GC invocations=4 (full 0):
 PSYoungGen      total 136192K, used 5102K [0x00000000d6000000, 0x00000000dea00000, 0x0000000100000000)
  eden space 131072K, 0% used [0x00000000d6000000,0x00000000d6000000,0x00000000de000000)
  from space 5120K, 99% used [0x00000000de500000,0x00000000de9fbb38,0x00000000dea00000)
  to   space 5120K, 0% used [0x00000000de000000,0x00000000de000000,0x00000000de500000)
 ParOldGen       total 86016K, used 22866K [0x0000000082000000, 0x0000000087400000, 0x00000000d6000000)
  object space 86016K, 26% used [0x0000000082000000,0x0000000083654ae0,0x0000000087400000)
 Metaspace       used 10785K, capacity 11018K, committed 11136K, reserved 1058816K
  class space    used 833K, capacity 895K, committed 896K, reserved 1048576K
}
Event: 93.563 GC heap before
{Heap before GC invocations=5 (full 0):
 PSYoungGen      total 136192K, used 136174K [0x00000000d6000000, 0x00000000dea00000, 0x0000000100000000)
  eden space 131072K, 100% used [0x00000000d6000000,0x00000000de000000,0x00000000de000000)
  from space 5120K, 99% used [0x00000000de500000,0x00000000de9fbb38,0x00000000dea00000)
  to   space 5120K, 0% used [0x00000000de000000,0x00000000de000000,0x00000000de500000)
 ParOldGen       total 86016K, used 22866K [0x0000000082000000, 0x0000000087400000, 0x00000000d6000000)
  object space 86016K, 26% used [0x0000000082000000,0x0000000083654ae0,0x0000000087400000)
 Metaspace       used 11197K, capacity 11414K, committed 11776K, reserved 1060864K
  class space    used 850K, capacity 897K, committed 1024K, reserved 1048576K
Event: 95.062 GC heap after
Heap after GC invocations=5 (full 0):
 PSYoungGen      total 136192K, used 5092K [0x00000000d6000000, 0x00000000e8a00000, 0x0000000100000000)
  eden space 131072K, 0% used [0x00000000d6000000,0x00000000d6000000,0x00000000de000000)
  from space 5120K, 99% used [0x00000000de000000,0x00000000de4f93b0,0x00000000de500000)
  to   space 21504K, 0% used [0x00000000e7500000,0x00000000e7500000,0x00000000e8a00000)
 ParOldGen       total 86016K, used 33096K [0x0000000082000000, 0x0000000087400000, 0x00000000d6000000)
  object space 86016K, 38% used [0x0000000082000000,0x0000000084052240,0x0000000087400000)
 Metaspace       used 11197K, capacity 11414K, committed 11776K, reserved 1060864K
  class space    used 850K, capacity 897K, committed 1024K, reserved 1048576K
}
Event: 96.676 GC heap before
{Heap before GC invocations=6 (full 0):
 PSYoungGen      total 136192K, used 136164K [0x00000000d6000000, 0x00000000e8a00000, 0x0000000100000000)
  eden space 131072K, 100% used [0x00000000d6000000,0x00000000de000000,0x00000000de000000)
  from space 5120K, 99% used [0x00000000de000000,0x00000000de4f93b0,0x00000000de500000)
  to   space 21504K, 0% used [0x00000000e7500000,0x00000000e7500000,0x00000000e8a00000)
 ParOldGen       total 86016K, used 33096K [0x0000000082000000, 0x0000000087400000, 0x00000000d6000000)
  object space 86016K, 38% used [0x0000000082000000,0x0000000084052240,0x0000000087400000)
 Metaspace       used 11246K, capacity 11542K, committed 11776K, reserved 1060864K
  class space    used 850K, capacity 897K, committed 1024K, reserved 1048576K
Event: 98.147 GC heap after
Heap after GC invocations=6 (full 0):
 PSYoungGen      total 283648K, used 14276K [0x00000000d6000000, 0x00000000e8a00000, 0x0000000100000000)
  eden space 262144K, 0% used [0x00000000d6000000,0x00000000d6000000,0x00000000e6000000)
  from space 21504K, 66% used [0x00000000e7500000,0x00000000e82f13b0,0x00000000e8a00000)
  to   space 21504K, 0% used [0x00000000e6000000,0x00000000e6000000,0x00000000e7500000)
 ParOldGen       total 86016K, used 33096K [0x0000000082000000, 0x0000000087400000, 0x00000000d6000000)
  object space 86016K, 38% used [0x0000000082000000,0x0000000084052240,0x0000000087400000)
 Metaspace       used 11246K, capacity 11542K, committed 11776K, reserved 1060864K
  class space    used 850K, capacity 897K, committed 1024K, reserved 1048576K
}
Event: 101.592 GC heap before
{Heap before GC invocations=7 (full 0):
 PSYoungGen      total 283648K, used 276420K [0x00000000d6000000, 0x00000000e8a00000, 0x0000000100000000)
  eden space 262144K, 100% used [0x00000000d6000000,0x00000000e6000000,0x00000000e6000000)
  from space 21504K, 66% used [0x00000000e7500000,0x00000000e82f13b0,0x00000000e8a00000)
  to   space 21504K, 0% used [0x00000000e6000000,0x00000000e6000000,0x00000000e7500000)
 ParOldGen       total 86016K, used 33096K [0x0000000082000000, 0x0000000087400000, 0x00000000d6000000)
  object space 86016K, 38% used [0x0000000082000000,0x0000000084052240,0x0000000087400000)
 Metaspace       used 11276K, capacity 11542K, committed 11776K, reserved 1060864K
  class space    used 850K, capacity 897K, committed 1024K, reserved 1048576K
Event: 106.880 GC heap after
Heap after GC invocations=7 (full 0):
 PSYoungGen      total 283648K, used 21494K [0x00000000d6000000, 0x00000000f9e00000, 0x0000000100000000)
  eden space 262144K, 0% used [0x00000000d6000000,0x00000000d6000000,0x00000000e6000000)
  from space 21504K, 99% used [0x00000000e6000000,0x00000000e74fd878,0x00000000e7500000)
  to   space 31744K, 0% used [0x00000000f7f00000,0x00000000f7f00000,0x00000000f9e00000)
 ParOldGen       total 86016K, used 46871K [0x0000000082000000, 0x0000000087400000, 0x00000000d6000000)
  object space 86016K, 54% used [0x0000000082000000,0x0000000084dc5c48,0x0000000087400000)
 Metaspace       used 11276K, capacity 11542K, committed 11776K, reserved 1060864K
  class space    used 850K, capacity 897K, committed 1024K, reserved 1048576K
}

Deoptimization events (10 events):
Event: 150.833 Thread 0x00000000024ce800 Uncommon trap: reason=class_check action=maybe_recompile pc=0x0000000002b9f1e8 method=org.mozilla.javascript.BaseFunction.getClassPrototype()Lorg/mozilla/javascript/Scriptable; @ 6
Event: 150.988 Thread 0x00000000024ce800 Uncommon trap: reason=class_check action=maybe_recompile pc=0x0000000002b9f1e8 method=org.mozilla.javascript.BaseFunction.getClassPrototype()Lorg/mozilla/javascript/Scriptable; @ 6
Event: 150.990 Thread 0x00000000024ce800 Uncommon trap: reason=class_check action=maybe_recompile pc=0x0000000002b9f1e8 method=org.mozilla.javascript.BaseFunction.getClassPrototype()Lorg/mozilla/javascript/Scriptable; @ 6
Event: 151.050 Thread 0x00000000024ce800 Uncommon trap: reason=class_check action=maybe_recompile pc=0x000000000338fdc4 method=org.mozilla.javascript.NativeObject.execIdCall(Lorg/mozilla/javascript/IdFunctionObject;Lorg/mozilla/javascript/Context;Lorg/mozilla/javascript/Scriptable;Lorg/mozilla/j
Event: 151.150 Thread 0x00000000024ce800 Uncommon trap: reason=class_check action=maybe_recompile pc=0x0000000002b9f1e8 method=org.mozilla.javascript.BaseFunction.getClassPrototype()Lorg/mozilla/javascript/Scriptable; @ 6
Event: 151.258 Thread 0x00000000024ce800 Uncommon trap: reason=class_check action=maybe_recompile pc=0x000000000338fdc4 method=org.mozilla.javascript.NativeObject.execIdCall(Lorg/mozilla/javascript/IdFunctionObject;Lorg/mozilla/javascript/Context;Lorg/mozilla/javascript/Scriptable;Lorg/mozilla/j
Event: 151.259 Thread 0x00000000024ce800 Uncommon trap: reason=class_check action=maybe_recompile pc=0x000000000338fdc4 method=org.mozilla.javascript.NativeObject.execIdCall(Lorg/mozilla/javascript/IdFunctionObject;Lorg/mozilla/javascript/Context;Lorg/mozilla/javascript/Scriptable;Lorg/mozilla/j
Event: 151.260 Thread 0x00000000024ce800 Uncommon trap: reason=class_check action=maybe_recompile pc=0x000000000338fdc4 method=org.mozilla.javascript.NativeObject.execIdCall(Lorg/mozilla/javascript/IdFunctionObject;Lorg/mozilla/javascript/Context;Lorg/mozilla/javascript/Scriptable;Lorg/mozilla/j
Event: 152.241 Thread 0x00000000024ce800 Uncommon trap: reason=unstable_if action=reinterpret pc=0x0000000003006118 method=org.mozilla.javascript.ScriptableObject.getSlot(Ljava/lang/String;II)Lorg/mozilla/javascript/ScriptableObject$Slot; @ 83
Event: 156.877 Thread 0x00000000024ce800 Uncommon trap: reason=unstable_if action=reinterpret pc=0x00000000030ff510 method=org.mozilla.javascript.ScriptRuntime.indexFromString(Ljava/lang/String;)J @ 9

Internal exceptions (10 events):
Event: 4.921 Thread 0x00000000024ce800 Exception <a 'java/security/PrivilegedActionException'> (0x00000000d6451b90) thrown at [C:\re\workspace\8-2-build-windows-amd64-cygwin\jdk8u144\9417\hotspot\src\share\vm\prims\jvm.cpp, line 1390]
Event: 16.266 Thread 0x00000000024ce800 Implicit null exception at 0x0000000002ccf348 to 0x0000000002ccf641
Event: 28.954 Thread 0x00000000024ce800 Exception <a 'java/lang/NoSuchFieldError': method resolution failed> (0x00000000d637b830) thrown at [C:\re\workspace\8-2-build-windows-amd64-cygwin\jdk8u144\9417\hotspot\src\share\vm\prims\methodHandles.cpp, line 1146]
Event: 29.091 Thread 0x00000000024ce800 Exception <a 'java/lang/NoSuchFieldError': method resolution failed> (0x00000000d6388f20) thrown at [C:\re\workspace\8-2-build-windows-amd64-cygwin\jdk8u144\9417\hotspot\src\share\vm\prims\methodHandles.cpp, line 1146]
Event: 85.326 Thread 0x00000000024ce800 Implicit null exception at 0x0000000002ef7a05 to 0x0000000002efacc9
Event: 85.326 Thread 0x00000000024ce800 Implicit null exception at 0x0000000002ec35fe to 0x0000000002ec36fd
Event: 85.636 Thread 0x00000000024ce800 Implicit null exception at 0x0000000002f7f7ed to 0x0000000002f7fbad
Event: 85.636 Thread 0x00000000024ce800 Implicit null exception at 0x0000000002f627e5 to 0x0000000002f62b25
Event: 86.522 Thread 0x00000000024ce800 Implicit null exception at 0x0000000002b5f321 to 0x0000000002b5fab5
Event: 152.188 Thread 0x00000000024ce800 Implicit null exception at 0x0000000003005f49 to 0x00000000030060f5

Events (10 events):
Event: 151.260 Thread 0x00000000024ce800 DEOPT PACKING pc=0x000000000338fdc4 sp=0x000000000286a9c0
Event: 151.260 Thread 0x00000000024ce800 DEOPT UNPACKING pc=0x00000000028c582a sp=0x000000000286a918 mode 2
Event: 151.692 Thread 0x00000000024ce800 DEOPT PACKING pc=0x0000000002fd2a2d sp=0x0000000002865a70
Event: 151.831 Thread 0x00000000024ce800 DEOPT UNPACKING pc=0x00000000028c787f sp=0x00000000028656c0 mode 0
Event: 152.188 Thread 0x00000000024ce800 Uncommon trap: trap_request=0xffffff65 fr.pc=0x0000000003006118
Event: 152.322 Thread 0x00000000024ce800 DEOPT PACKING pc=0x0000000003006118 sp=0x00000000028698c0
Event: 152.322 Thread 0x00000000024ce800 DEOPT UNPACKING pc=0x00000000028c582a sp=0x0000000002869840 mode 2
Event: 156.877 Thread 0x00000000024ce800 Uncommon trap: trap_request=0xffffff65 fr.pc=0x00000000030ff510
Event: 156.917 Thread 0x00000000024ce800 DEOPT PACKING pc=0x00000000030ff510 sp=0x000000000286a3e0
Event: 156.917 Thread 0x00000000024ce800 DEOPT UNPACKING pc=0x00000000028c582a sp=0x000000000286a300 mode 2


Dynamic libraries:
0x000000013f340000 - 0x000000013f377000 	D:\jaspersoftstudio\features\jre.win32.win32.x86_64.feature_1.8.0.u144\jre\bin\java.exe
0x0000000077c10000 - 0x0000000077dba000 	C:\windows\SYSTEM32\ntdll.dll
0x000007fef2270000 - 0x000007fef22a4000 	C:\Program Files\AVAST Software\Avast\x64\aswhooka.dll
0x0000000077af0000 - 0x0000000077c0f000 	C:\windows\system32\kernel32.dll
0x000007fefdcc0000 - 0x000007fefdd2a000 	C:\windows\system32\KERNELBASE.dll
0x000007fefe7a0000 - 0x000007fefe87b000 	C:\windows\system32\ADVAPI32.dll
0x000007fefde90000 - 0x000007fefdf2f000 	C:\windows\system32\msvcrt.dll
0x000007fefec10000 - 0x000007fefec2f000 	C:\windows\SYSTEM32\sechost.dll
0x000007fefdf30000 - 0x000007fefe05d000 	C:\windows\system32\RPCRT4.dll
0x00000000779f0000 - 0x0000000077aea000 	C:\windows\system32\USER32.dll
0x000007feffd30000 - 0x000007feffd97000 	C:\windows\system32\GDI32.dll
0x000007fefe790000 - 0x000007fefe79e000 	C:\windows\system32\LPK.dll
0x000007fefe6c0000 - 0x000007fefe78a000 	C:\windows\system32\USP10.dll
0x000007fefc3f0000 - 0x000007fefc5e4000 	C:\windows\WinSxS\amd64_microsoft.windows.common-controls_6595b64144ccf1df_6.0.7601.18837_none_fa3b1e3d17594757\COMCTL32.dll
0x000007fefe640000 - 0x000007fefe6b1000 	C:\windows\system32\SHLWAPI.dll
0x000007fefde60000 - 0x000007fefde8e000 	C:\windows\system32\IMM32.DLL
0x000007feffdc0000 - 0x000007feffec9000 	C:\windows\system32\MSCTF.dll
0x0000000078f50000 - 0x0000000079022000 	D:\jaspersoftstudio\features\jre.win32.win32.x86_64.feature_1.8.0.u144\jre\bin\msvcr100.dll
0x000000006f8c0000 - 0x000000007015d000 	D:\jaspersoftstudio\features\jre.win32.win32.x86_64.feature_1.8.0.u144\jre\bin\server\jvm.dll
0x000007fefc2e0000 - 0x000007fefc2e9000 	C:\windows\system32\WSOCK32.dll
0x000007feffed0000 - 0x000007fefff1d000 	C:\windows\system32\WS2_32.dll
0x000007fefe100000 - 0x000007fefe108000 	C:\windows\system32\NSI.dll
0x000007fefb960000 - 0x000007fefb99b000 	C:\windows\system32\WINMM.dll
0x000007fefcab0000 - 0x000007fefcabc000 	C:\windows\system32\VERSION.dll
0x0000000077de0000 - 0x0000000077de7000 	C:\windows\system32\PSAPI.DLL
0x0000000050200000 - 0x000000005020f000 	D:\jaspersoftstudio\features\jre.win32.win32.x86_64.feature_1.8.0.u144\jre\bin\verify.dll
0x000000006d500000 - 0x000000006d529000 	D:\jaspersoftstudio\features\jre.win32.win32.x86_64.feature_1.8.0.u144\jre\bin\java.dll
0x00000000701a0000 - 0x00000000701b6000 	D:\jaspersoftstudio\features\jre.win32.win32.x86_64.feature_1.8.0.u144\jre\bin\zip.dll
0x000007fefedc0000 - 0x000007feffb49000 	C:\windows\system32\SHELL32.dll
0x000007fefe880000 - 0x000007fefea83000 	C:\windows\system32\ole32.dll
0x000007fefd9c0000 - 0x000007fefd9cf000 	C:\windows\system32\profapi.dll

VM Arguments:
java_command: org.mozilla.javascript.tools.shell.Main C:\Users\ADMINI~1\AppData\Local\Temp\r.js -o build.js
java_class_path (initial): C:\Users\ADMINI~1\AppData\Local\Temp\js.jar;C:\Users\ADMINI~1\AppData\Local\Temp\compiler.jar
Launcher Type: SUN_STANDARD

Environment Variables:
JAVA_HOME=C:\Program Files\Java\jdk1.8.0_141
CLASSPATH=D:\apache-ant-1.9.9\lib
PATH=D:/jaspersoftstudio//features/jre.win32.win32.x86_64.feature_1.8.0.u144/jre/bin/server;D:/jaspersoftstudio//features/jre.win32.win32.x86_64.feature_1.8.0.u144/jre/bin;D:/jaspersoftstudio//features/jre.win32.win32.x86_64.feature_1.8.0.u144/jre/lib/amd64;C:\ProgramData\Oracle\Java\javapath;C:\windows\system32;C:\windows;C:\windows\System32\Wbem;C:\windows\System32\WindowsPowerShell\v1.0\;C:\Program Files\TortoiseSVN\bin;D:\MongoDB\bin;D:\apache-maven-3.5.0\bin;C:\Program Files (x86)\Git\cmd;D:\phantomjs-2.1.1-windows\bin;D:\apache-ant-1.9.9\bin;C:\Program Files\Java\jdk1.7.0_80\bin;D:\Python\Python36;C:\Program Files\nodejs\;C:\strawberry\c\bin;C:\strawberry\perl\bin;C:\Program Files (x86)\ClockworkMod\Universal Adb Driver;C:\Program Files\TortoiseGit\bin;C:\Program Files\dotnet\;C:\Program Files (x86)\Yarn\bin\;D:\Python\Python36\Scripts\;D:\Python\Python36\;C:\Program Files\Microsoft VS Code\bin;C:\Users\Administrator\AppData\Roaming\npm;C:\Users\Administrator\AppData\Local\Programs\Fiddler;C:\Users\Administrator\AppData\Local\Yarn\bin;D:\jaspersoftstudio;
USERNAME=Administrator
OS=Windows_NT
PROCESSOR_IDENTIFIER=Intel64 Family 6 Model 60 Stepping 3, GenuineIntel



---------------  S Y S T E M  ---------------

OS: Windows 7 , 64 bit Build 7601 (6.1.7601.23677)

CPU:total 8 (initial active 8) (4 cores per cpu, 2 threads per core) family 6 model 60 stepping 3, cmov, cx8, fxsr, mmx, sse, sse2, sse3, ssse3, sse4.1, sse4.2, popcnt, avx, avx2, aes, clmul, erms, rtm, lzcnt, ht, tsc, tscinvbit, bmi1, bmi2

Memory: 4k page, physical 8257320k(117924k free), swap 21635396k(24204k free)

vm_info: Java HotSpot(TM) 64-Bit Server VM (25.144-b01) for windows-amd64 JRE (1.8.0_144-b01), built on Jul 21 2017 21:57:33 by "java_re" with MS VC++ 10.0 (VS2010)

time: Mon Jun 25 15:27:22 2018
elapsed time: 160 seconds (0d 0h 2m 40s)

