#
# There is insufficient memory for the Java Runtime Environment to continue.
# Native memory allocation (malloc) failed to allocate 32744 bytes for ChunkPool::allocate
# Possible reasons:
#   The system is out of physical RAM or swap space
#   In 32 bit mode, the process size limit was hit
# Possible solutions:
#   Reduce memory load on the system
#   Increase physical memory or swap space
#   Check if swap backing store is full
#   Use 64 bit Java on a 64 bit OS
#   Decrease Java heap size (-Xmx/-Xms)
#   Decrease number of Java threads
#   Decrease Java thread stack sizes (-Xss)
#   Set larger code cache with -XX:ReservedCodeCacheSize=
# This output file may be truncated or incomplete.
#
#  Out of Memory Error (allocation.cpp:273), pid=10780, tid=0x0000000000002e60
#
# JRE version: Java(TM) SE Runtime Environment (8.0_144-b01) (build 1.8.0_144-b01)
# Java VM: Java HotSpot(TM) 64-Bit Server VM (25.144-b01 mixed mode windows-amd64 compressed oops)
# Failed to write core dump. Minidumps are not enabled by default on client versions of Windows
#

---------------  T H R E A D  ---------------

Current thread (0x0000000018a8c000):  JavaThread "C1 CompilerThread3" daemon [_thread_in_native, id=11872, stack(0x000000001a6d0000,0x000000001a7d0000)]

Stack: [0x000000001a6d0000,0x000000001a7d0000]
[error occurred during error reporting (printing stack bounds), id 0xc0000005]

Native frames: (J=compiled Java code, j=interpreted, Vv=VM code, C=native code)


Current CompileTask:
C1: 167844 1810       3       org.mozilla.javascript.gen.C__Users_ADMINI_1_AppData_Local_Temp_r_js_1::_c_scanPunctuator_346 (2245 bytes)


---------------  P R O C E S S  ---------------

Java Threads: ( => current thread )
  0x0000000018a96800 JavaThread "Service Thread" daemon [_thread_blocked, id=11876, stack(0x000000001a8e0000,0x000000001a9e0000)]
=>0x0000000018a8c000 JavaThread "C1 CompilerThread3" daemon [_thread_in_native, id=11872, stack(0x000000001a6d0000,0x000000001a7d0000)]
  0x0000000018a8a800 JavaThread "C2 CompilerThread2" daemon [_thread_in_vm, id=11868, stack(0x000000001a580000,0x000000001a680000)]
  0x0000000018a88000 JavaThread "C2 CompilerThread1" daemon [_thread_in_native, id=11864, stack(0x0000000019ba0000,0x0000000019ca0000)]
  0x0000000018a6a000 JavaThread "C2 CompilerThread0" daemon [_thread_in_native, id=11860, stack(0x000000001a3a0000,0x000000001a4a0000)]
  0x0000000018a68800 JavaThread "Attach Listener" daemon [_thread_blocked, id=11484, stack(0x000000001a170000,0x000000001a270000)]
  0x0000000018a67800 JavaThread "Signal Dispatcher" daemon [_thread_blocked, id=11572, stack(0x0000000019ff0000,0x000000001a0f0000)]
  0x00000000178a0000 JavaThread "Finalizer" daemon [_thread_blocked, id=11904, stack(0x0000000019e50000,0x0000000019f50000)]
  0x0000000017898800 JavaThread "Reference Handler" daemon [_thread_blocked, id=11892, stack(0x0000000019ca0000,0x0000000019da0000)]
  0x000000000240e800 JavaThread "main" [_thread_in_vm, id=10844, stack(0x00000000025c0000,0x00000000026c0000)]

Other Threads:
  0x0000000018a13000 VMThread [stack: 0x0000000019a10000,0x0000000019b10000] [id=11952]
  0x0000000018b86800 WatcherThread [stack: 0x000000001a7d0000,0x000000001a8d0000] [id=12000]

VM state:synchronizing (normal execution)

VM Mutex/Monitor currently owned by a thread:  ([mutex/lock_event])
[0x000000000240cd80] Threads_lock - owner thread: 0x0000000018a13000
[0x000000000240d800] MethodData_lock - owner thread: 0x000000000240e800

Heap:
 PSYoungGen      total 136192K, used 31269K [0x00000000d6000000, 0x00000000dea00000, 0x0000000100000000)
  eden space 131072K, 19% used [0x00000000d6000000,0x00000000d798dbe0,0x00000000de000000)
  from space 5120K, 99% used [0x00000000de500000,0x00000000de9fbb38,0x00000000dea00000)
  to   space 5120K, 0% used [0x00000000de000000,0x00000000de000000,0x00000000de500000)
 ParOldGen       total 86016K, used 22970K [0x0000000082000000, 0x0000000087400000, 0x00000000d6000000)
  object space 86016K, 26% used [0x0000000082000000,0x000000008366e880,0x0000000087400000)
 Metaspace       used 11064K, capacity 11286K, committed 11520K, reserved 1060864K
  class space    used 851K, capacity 897K, committed 1024K, reserved 1048576K

Card table byte_map: [0x0000000011a80000,0x0000000011e80000] byte_map_base: 0x0000000011670000

Marking Bits: (ParMarkBitMap*) 0x00000000700dd850
 Begin Bits: [0x0000000012bc0000, 0x0000000014b40000)
 End Bits:   [0x0000000014b40000, 0x0000000016ac0000)

Polling page: 0x0000000000460000

CodeCache: size=245760Kb used=7231Kb max_used=8662Kb free=238528Kb
 bounds [0x00000000026c0000, 0x0000000002f70000, 0x00000000116c0000]
 total_blobs=1755 nmethods=1420 adapters=247
 compilation: enabled

Compilation events (10 events):
Event: 164.004 Thread 0x0000000018a8c000 nmethod 1796 0x0000000002a169d0 code [0x0000000002a17220, 0x0000000002a1b898]
Event: 164.004 Thread 0x0000000018a8c000 1801       3       org.mozilla.javascript.ScriptRuntime::toObject (159 bytes)
Event: 164.123 Thread 0x0000000018a8c000 nmethod 1801 0x00000000029ae4d0 code [0x00000000029ae980, 0x00000000029b1978]
Event: 164.123 Thread 0x0000000018a8c000 1799       3       org.mozilla.javascript.gen.C__Users_ADMINI_1_AppData_Local_Temp_r_js_1::_c_isDecimalDigit_327 (87 bytes)
Event: 164.123 Thread 0x0000000018a8c000 nmethod 1799 0x0000000002a69f10 code [0x0000000002a6a0c0, 0x0000000002a6a538]
Event: 164.123 Thread 0x0000000018a8c000 1797       3       org.mozilla.javascript.NativeString::js_substr (118 bytes)
Event: 164.124 Thread 0x0000000018a8c000 nmethod 1797 0x0000000002826f50 code [0x0000000002827140, 0x00000000028278e8]
Event: 164.212 Thread 0x0000000018a8c000 1805       3       org.mozilla.javascript.gen.C__Users_ADMINI_1_AppData_Local_Temp_r_js_1::_c_parseUnaryExpression_433 (1024 bytes)
Event: 164.230 Thread 0x0000000018a8c000 nmethod 1805 0x0000000002f38c10 code [0x0000000002f3a7a0, 0x0000000002f4cbc8]
Event: 164.230 Thread 0x0000000018a8c000 1810       3       org.mozilla.javascript.gen.C__Users_ADMINI_1_AppData_Local_Temp_r_js_1::_c_scanPunctuator_346 (2245 bytes)

GC Heap History (8 events):
Event: 7.514 GC heap before
{Heap before GC invocations=1 (full 0):
 PSYoungGen      total 37888K, used 32768K [0x00000000d6000000, 0x00000000d8a00000, 0x0000000100000000)
  eden space 32768K, 100% used [0x00000000d6000000,0x00000000d8000000,0x00000000d8000000)
  from space 5120K, 0% used [0x00000000d8500000,0x00000000d8500000,0x00000000d8a00000)
  to   space 5120K, 0% used [0x00000000d8000000,0x00000000d8000000,0x00000000d8500000)
 ParOldGen       total 86016K, used 0K [0x0000000082000000, 0x0000000087400000, 0x00000000d6000000)
  object space 86016K, 0% used [0x0000000082000000,0x0000000082000000,0x0000000087400000)
 Metaspace       used 6274K, capacity 6592K, committed 6912K, reserved 1056768K
  class space    used 658K, capacity 692K, committed 768K, reserved 1048576K
Event: 9.107 GC heap after
Heap after GC invocations=1 (full 0):
 PSYoungGen      total 37888K, used 5096K [0x00000000d6000000, 0x00000000daa00000, 0x0000000100000000)
  eden space 32768K, 0% used [0x00000000d6000000,0x00000000d6000000,0x00000000d8000000)
  from space 5120K, 99% used [0x00000000d8000000,0x00000000d84fa290,0x00000000d8500000)
  to   space 5120K, 0% used [0x00000000da500000,0x00000000da500000,0x00000000daa00000)
 ParOldGen       total 86016K, used 7792K [0x0000000082000000, 0x0000000087400000, 0x00000000d6000000)
  object space 86016K, 9% used [0x0000000082000000,0x000000008279c188,0x0000000087400000)
 Metaspace       used 6274K, capacity 6592K, committed 6912K, reserved 1056768K
  class space    used 658K, capacity 692K, committed 768K, reserved 1048576K
}
Event: 11.145 GC heap before
{Heap before GC invocations=2 (full 0):
 PSYoungGen      total 37888K, used 37683K [0x00000000d6000000, 0x00000000daa00000, 0x0000000100000000)
  eden space 32768K, 99% used [0x00000000d6000000,0x00000000d7fd2d28,0x00000000d8000000)
  from space 5120K, 99% used [0x00000000d8000000,0x00000000d84fa290,0x00000000d8500000)
  to   space 5120K, 0% used [0x00000000da500000,0x00000000da500000,0x00000000daa00000)
 ParOldGen       total 86016K, used 7792K [0x0000000082000000, 0x0000000087400000, 0x00000000d6000000)
  object space 86016K, 9% used [0x0000000082000000,0x000000008279c188,0x0000000087400000)
 Metaspace       used 6751K, capacity 6976K, committed 7168K, reserved 1056768K
  class space    used 675K, capacity 692K, committed 768K, reserved 1048576K
Event: 11.430 GC heap after
Heap after GC invocations=2 (full 0):
 PSYoungGen      total 70656K, used 5102K [0x00000000d6000000, 0x00000000daa00000, 0x0000000100000000)
  eden space 65536K, 0% used [0x00000000d6000000,0x00000000d6000000,0x00000000da000000)
  from space 5120K, 99% used [0x00000000da500000,0x00000000da9fbb38,0x00000000daa00000)
  to   space 5120K, 0% used [0x00000000da000000,0x00000000da000000,0x00000000da500000)
 ParOldGen       total 86016K, used 20228K [0x0000000082000000, 0x0000000087400000, 0x00000000d6000000)
  object space 86016K, 23% used [0x0000000082000000,0x00000000833c1130,0x0000000087400000)
 Metaspace       used 6751K, capacity 6976K, committed 7168K, reserved 1056768K
  class space    used 675K, capacity 692K, committed 768K, reserved 1048576K
}
Event: 94.358 GC heap before
{Heap before GC invocations=3 (full 0):
 PSYoungGen      total 70656K, used 70638K [0x00000000d6000000, 0x00000000daa00000, 0x0000000100000000)
  eden space 65536K, 100% used [0x00000000d6000000,0x00000000da000000,0x00000000da000000)
  from space 5120K, 99% used [0x00000000da500000,0x00000000da9fbb38,0x00000000daa00000)
  to   space 5120K, 0% used [0x00000000da000000,0x00000000da000000,0x00000000da500000)
 ParOldGen       total 86016K, used 20228K [0x0000000082000000, 0x0000000087400000, 0x00000000d6000000)
  object space 86016K, 23% used [0x0000000082000000,0x00000000833c1130,0x0000000087400000)
 Metaspace       used 9889K, capacity 10092K, committed 10368K, reserved 1058816K
  class space    used 812K, capacity 862K, committed 896K, reserved 1048576K
Event: 95.924 GC heap after
Heap after GC invocations=3 (full 0):
 PSYoungGen      total 70656K, used 5088K [0x00000000d6000000, 0x00000000dea00000, 0x0000000100000000)
  eden space 65536K, 0% used [0x00000000d6000000,0x00000000d6000000,0x00000000da000000)
  from space 5120K, 99% used [0x00000000da000000,0x00000000da4f8130,0x00000000da500000)
  to   space 5120K, 0% used [0x00000000de500000,0x00000000de500000,0x00000000dea00000)
 ParOldGen       total 86016K, used 22182K [0x0000000082000000, 0x0000000087400000, 0x00000000d6000000)
  object space 86016K, 25% used [0x0000000082000000,0x00000000835a9848,0x0000000087400000)
 Metaspace       used 9889K, capacity 10092K, committed 10368K, reserved 1058816K
  class space    used 812K, capacity 862K, committed 896K, reserved 1048576K
}
Event: 102.420 GC heap before
{Heap before GC invocations=4 (full 0):
 PSYoungGen      total 70656K, used 70624K [0x00000000d6000000, 0x00000000dea00000, 0x0000000100000000)
  eden space 65536K, 100% used [0x00000000d6000000,0x00000000da000000,0x00000000da000000)
  from space 5120K, 99% used [0x00000000da000000,0x00000000da4f8130,0x00000000da500000)
  to   space 5120K, 0% used [0x00000000de500000,0x00000000de500000,0x00000000dea00000)
 ParOldGen       total 86016K, used 22182K [0x0000000082000000, 0x0000000087400000, 0x00000000d6000000)
  object space 86016K, 25% used [0x0000000082000000,0x00000000835a9848,0x0000000087400000)
 Metaspace       used 10794K, capacity 11018K, committed 11136K, reserved 1058816K
  class space    used 835K, capacity 895K, committed 896K, reserved 1048576K
Event: 103.254 GC heap after
Heap after GC invocations=4 (full 0):
 PSYoungGen      total 136192K, used 5102K [0x00000000d6000000, 0x00000000dea00000, 0x0000000100000000)
  eden space 131072K, 0% used [0x00000000d6000000,0x00000000d6000000,0x00000000de000000)
  from space 5120K, 99% used [0x00000000de500000,0x00000000de9fbb38,0x00000000dea00000)
  to   space 5120K, 0% used [0x00000000de000000,0x00000000de000000,0x00000000de500000)
 ParOldGen       total 86016K, used 22970K [0x0000000082000000, 0x0000000087400000, 0x00000000d6000000)
  object space 86016K, 26% used [0x0000000082000000,0x000000008366e880,0x0000000087400000)
 Metaspace       used 10794K, capacity 11018K, committed 11136K, reserved 1058816K
  class space    used 835K, capacity 895K, committed 896K, reserved 1048576K
}

Deoptimization events (10 events):
Event: 144.691 Thread 0x000000000240e800 Uncommon trap: reason=unstable_if action=reinterpret pc=0x0000000002e48170 method=org.mozilla.javascript.TokenStream.getChar()I @ 156
Event: 145.187 Thread 0x000000000240e800 Uncommon trap: reason=unstable_if action=reinterpret pc=0x000000000284aa18 method=org.mozilla.javascript.TokenStream.isJSSpace(I)Z @ 15
Event: 145.917 Thread 0x000000000240e800 Uncommon trap: reason=unstable_if action=reinterpret pc=0x0000000002a5e0dc method=org.mozilla.javascript.Parser.insideFunction()Z @ 4
Event: 154.705 Thread 0x000000000240e800 Uncommon trap: reason=class_check action=maybe_recompile pc=0x0000000002d6e808 method=org.mozilla.javascript.ScriptRuntime.nameOrFunction(Lorg/mozilla/javascript/Context;Lorg/mozilla/javascript/Scriptable;Lorg/mozilla/javascript/Scriptable;Ljava/lang/Stri
Event: 154.754 Thread 0x000000000240e800 Uncommon trap: reason=class_check action=maybe_recompile pc=0x0000000002f28c78 method=org.mozilla.javascript.ScriptRuntime.getNameFunctionAndThis(Ljava/lang/String;Lorg/mozilla/javascript/Context;Lorg/mozilla/javascript/Scriptable;)Lorg/mozilla/javascript
Event: 157.969 Thread 0x000000000240e800 Uncommon trap: reason=class_check action=maybe_recompile pc=0x0000000002de7f18 method=org.mozilla.javascript.ScriptRuntime.toBoolean(Ljava/lang/Object;)Z @ 59
Event: 158.077 Thread 0x000000000240e800 Uncommon trap: reason=class_check action=maybe_recompile pc=0x0000000002d6e808 method=org.mozilla.javascript.ScriptRuntime.nameOrFunction(Lorg/mozilla/javascript/Context;Lorg/mozilla/javascript/Scriptable;Lorg/mozilla/javascript/Scriptable;Ljava/lang/Stri
Event: 158.077 Thread 0x000000000240e800 Uncommon trap: reason=class_check action=maybe_recompile pc=0x0000000002f28c78 method=org.mozilla.javascript.ScriptRuntime.getNameFunctionAndThis(Ljava/lang/String;Lorg/mozilla/javascript/Context;Lorg/mozilla/javascript/Scriptable;)Lorg/mozilla/javascript
Event: 158.535 Thread 0x000000000240e800 Uncommon trap: reason=unstable_if action=reinterpret pc=0x0000000002e20644 method=org.mozilla.javascript.regexp.NativeRegExp.classMatcher(Lorg/mozilla/javascript/regexp/REGlobalData;Lorg/mozilla/javascript/regexp/RECharSet;C)Z @ 36
Event: 158.957 Thread 0x000000000240e800 Uncommon trap: reason=bimorphic action=maybe_recompile pc=0x0000000002d7d144 method=org.mozilla.javascript.IdScriptableObject$PrototypeValues.ensureId(I)Ljava/lang/Object; @ 116

Internal exceptions (10 events):
Event: 4.568 Thread 0x000000000240e800 Exception <a 'java/security/PrivilegedActionException'> (0x00000000d6451758) thrown at [C:\re\workspace\8-2-build-windows-amd64-cygwin\jdk8u144\9417\hotspot\src\share\vm\prims\jvm.cpp, line 1390]
Event: 4.568 Thread 0x000000000240e800 Exception <a 'java/security/PrivilegedActionException'> (0x00000000d6451b50) thrown at [C:\re\workspace\8-2-build-windows-amd64-cygwin\jdk8u144\9417\hotspot\src\share\vm\prims\jvm.cpp, line 1390]
Event: 10.713 Thread 0x000000000240e800 Implicit null exception at 0x0000000002afdc48 to 0x0000000002afdf3d
Event: 14.206 Thread 0x000000000240e800 Exception <a 'java/lang/NoSuchFieldError': method resolution failed> (0x00000000d637b748) thrown at [C:\re\workspace\8-2-build-windows-amd64-cygwin\jdk8u144\9417\hotspot\src\share\vm\prims\methodHandles.cpp, line 1146]
Event: 14.290 Thread 0x000000000240e800 Exception <a 'java/lang/NoSuchFieldError': method resolution failed> (0x00000000d6388e38) thrown at [C:\re\workspace\8-2-build-windows-amd64-cygwin\jdk8u144\9417\hotspot\src\share\vm\prims\methodHandles.cpp, line 1146]
Event: 96.578 Thread 0x000000000240e800 Implicit null exception at 0x0000000002ce5545 to 0x0000000002ce8805
Event: 96.579 Thread 0x000000000240e800 Implicit null exception at 0x0000000002cc2efe to 0x0000000002cc2ffd
Event: 98.026 Thread 0x000000000240e800 Implicit null exception at 0x0000000002d799ed to 0x0000000002d79d91
Event: 98.026 Thread 0x000000000240e800 Implicit null exception at 0x0000000002d5c625 to 0x0000000002d5c941
Event: 101.010 Thread 0x000000000240e800 Implicit null exception at 0x00000000029ca01f to 0x00000000029ca7b1

Events (10 events):
Event: 158.077 Thread 0x000000000240e800 DEOPT PACKING pc=0x0000000002f28c78 sp=0x00000000026b14a0
Event: 158.077 Thread 0x000000000240e800 DEOPT UNPACKING pc=0x000000000270582a sp=0x00000000026b1428 mode 2
Event: 158.535 Thread 0x000000000240e800 Uncommon trap: trap_request=0xffffff65 fr.pc=0x0000000002e20644
Event: 158.535 Thread 0x000000000240e800 DEOPT PACKING pc=0x0000000002e20644 sp=0x00000000026b05d0
Event: 158.535 Thread 0x000000000240e800 DEOPT UNPACKING pc=0x000000000270582a sp=0x00000000026b0560 mode 2
Event: 158.957 Thread 0x000000000240e800 Uncommon trap: trap_request=0xffffffc6 fr.pc=0x0000000002d7d144
Event: 158.957 Thread 0x000000000240e800 DEOPT PACKING pc=0x0000000002d7d144 sp=0x00000000026b04e0
Event: 158.957 Thread 0x000000000240e800 DEOPT UNPACKING pc=0x000000000270582a sp=0x00000000026b03a0 mode 2
Event: 163.935 Thread 0x000000000240e800 DEOPT PACKING pc=0x0000000002dbd552 sp=0x00000000026aa930
Event: 163.935 Thread 0x000000000240e800 DEOPT UNPACKING pc=0x000000000270787f sp=0x00000000026aa6c8 mode 0


Dynamic libraries:
0x000000013f340000 - 0x000000013f377000 	D:\jaspersoftstudio\features\jre.win32.win32.x86_64.feature_1.8.0.u144\jre\bin\java.exe
0x0000000077c10000 - 0x0000000077dba000 	C:\windows\SYSTEM32\ntdll.dll
0x000007fef2270000 - 0x000007fef22a4000 	C:\Program Files\AVAST Software\Avast\x64\aswhooka.dll
0x0000000077af0000 - 0x0000000077c0f000 	C:\windows\system32\kernel32.dll
0x000007fefdcc0000 - 0x000007fefdd2a000 	C:\windows\system32\KERNELBASE.dll
0x000007fefe7a0000 - 0x000007fefe87b000 	C:\windows\system32\ADVAPI32.dll
0x000007fefde90000 - 0x000007fefdf2f000 	C:\windows\system32\msvcrt.dll
0x000007fefec10000 - 0x000007fefec2f000 	C:\windows\SYSTEM32\sechost.dll
0x000007fefdf30000 - 0x000007fefe05d000 	C:\windows\system32\RPCRT4.dll
0x00000000779f0000 - 0x0000000077aea000 	C:\windows\system32\USER32.dll
0x000007feffd30000 - 0x000007feffd97000 	C:\windows\system32\GDI32.dll
0x000007fefe790000 - 0x000007fefe79e000 	C:\windows\system32\LPK.dll
0x000007fefe6c0000 - 0x000007fefe78a000 	C:\windows\system32\USP10.dll
0x000007fefc3f0000 - 0x000007fefc5e4000 	C:\windows\WinSxS\amd64_microsoft.windows.common-controls_6595b64144ccf1df_6.0.7601.18837_none_fa3b1e3d17594757\COMCTL32.dll
0x000007fefe640000 - 0x000007fefe6b1000 	C:\windows\system32\SHLWAPI.dll
0x000007fefde60000 - 0x000007fefde8e000 	C:\windows\system32\IMM32.DLL
0x000007feffdc0000 - 0x000007feffec9000 	C:\windows\system32\MSCTF.dll
0x0000000078f50000 - 0x0000000079022000 	D:\jaspersoftstudio\features\jre.win32.win32.x86_64.feature_1.8.0.u144\jre\bin\msvcr100.dll
0x000000006f8c0000 - 0x000000007015d000 	D:\jaspersoftstudio\features\jre.win32.win32.x86_64.feature_1.8.0.u144\jre\bin\server\jvm.dll
0x000007fefc2e0000 - 0x000007fefc2e9000 	C:\windows\system32\WSOCK32.dll
0x000007feffed0000 - 0x000007fefff1d000 	C:\windows\system32\WS2_32.dll
0x000007fefe100000 - 0x000007fefe108000 	C:\windows\system32\NSI.dll
0x000007fefb960000 - 0x000007fefb99b000 	C:\windows\system32\WINMM.dll
0x000007fefcab0000 - 0x000007fefcabc000 	C:\windows\system32\VERSION.dll
0x0000000077de0000 - 0x0000000077de7000 	C:\windows\system32\PSAPI.DLL
0x0000000050200000 - 0x000000005020f000 	D:\jaspersoftstudio\features\jre.win32.win32.x86_64.feature_1.8.0.u144\jre\bin\verify.dll
0x000000006d500000 - 0x000000006d529000 	D:\jaspersoftstudio\features\jre.win32.win32.x86_64.feature_1.8.0.u144\jre\bin\java.dll
0x00000000701a0000 - 0x00000000701b6000 	D:\jaspersoftstudio\features\jre.win32.win32.x86_64.feature_1.8.0.u144\jre\bin\zip.dll
0x000007fefedc0000 - 0x000007feffb49000 	C:\windows\system32\SHELL32.dll
0x000007fefe880000 - 0x000007fefea83000 	C:\windows\system32\ole32.dll
0x000007fefd9c0000 - 0x000007fefd9cf000 	C:\windows\system32\profapi.dll

VM Arguments:
java_command: org.mozilla.javascript.tools.shell.Main C:\Users\ADMINI~1\AppData\Local\Temp\r.js -o build.js
java_class_path (initial): C:\Users\ADMINI~1\AppData\Local\Temp\js.jar;C:\Users\ADMINI~1\AppData\Local\Temp\compiler.jar
Launcher Type: SUN_STANDARD

Environment Variables:
JAVA_HOME=C:\Program Files\Java\jdk1.8.0_141
CLASSPATH=D:\apache-ant-1.9.9\lib
PATH=D:/jaspersoftstudio//features/jre.win32.win32.x86_64.feature_1.8.0.u144/jre/bin/server;D:/jaspersoftstudio//features/jre.win32.win32.x86_64.feature_1.8.0.u144/jre/bin;D:/jaspersoftstudio//features/jre.win32.win32.x86_64.feature_1.8.0.u144/jre/lib/amd64;C:\ProgramData\Oracle\Java\javapath;C:\windows\system32;C:\windows;C:\windows\System32\Wbem;C:\windows\System32\WindowsPowerShell\v1.0\;C:\Program Files\TortoiseSVN\bin;D:\MongoDB\bin;D:\apache-maven-3.5.0\bin;C:\Program Files (x86)\Git\cmd;D:\phantomjs-2.1.1-windows\bin;D:\apache-ant-1.9.9\bin;C:\Program Files\Java\jdk1.7.0_80\bin;D:\Python\Python36;C:\Program Files\nodejs\;C:\strawberry\c\bin;C:\strawberry\perl\bin;C:\Program Files (x86)\ClockworkMod\Universal Adb Driver;C:\Program Files\TortoiseGit\bin;C:\Program Files\dotnet\;C:\Program Files (x86)\Yarn\bin\;D:\Python\Python36\Scripts\;D:\Python\Python36\;C:\Program Files\Microsoft VS Code\bin;C:\Users\Administrator\AppData\Roaming\npm;C:\Users\Administrator\AppData\Local\Programs\Fiddler;C:\Users\Administrator\AppData\Local\Yarn\bin;D:\jaspersoftstudio;
USERNAME=Administrator
OS=Windows_NT
PROCESSOR_IDENTIFIER=Intel64 Family 6 Model 60 Stepping 3, GenuineIntel



---------------  S Y S T E M  ---------------

OS: Windows 7 , 64 bit Build 7601 (6.1.7601.23677)

CPU:total 8 (initial active 8) (4 cores per cpu, 2 threads per core) family 6 model 60 stepping 3, cmov, cx8, fxsr, mmx, sse, sse2, sse3, ssse3, sse4.1, sse4.2, popcnt, avx, avx2, aes, clmul, erms, rtm, lzcnt, ht, tsc, tscinvbit, bmi1, bmi2

Memory: 4k page, physical 8257320k(111264k free), swap 21635396k(22124k free)

vm_info: Java HotSpot(TM) 64-Bit Server VM (25.144-b01) for windows-amd64 JRE (1.8.0_144-b01), built on Jul 21 2017 21:57:33 by "java_re" with MS VC++ 10.0 (VS2010)

time: Mon Jun 25 15:27:22 2018
elapsed time: 169 seconds (0d 0h 2m 49s)

