#
# There is insufficient memory for the Java Runtime Environment to continue.
# Native memory allocation (malloc) failed to allocate 65544 bytes for AllocateHeap
# Possible reasons:
#   The system is out of physical RAM or swap space
#   In 32 bit mode, the process size limit was hit
# Possible solutions:
#   Reduce memory load on the system
#   Increase physical memory or swap space
#   Check if swap backing store is full
#   Use 64 bit Java on a 64 bit OS
#   Decrease Java heap size (-Xmx/-Xms)
#   Decrease number of Java threads
#   Decrease Java thread stack sizes (-Xss)
#   Set larger code cache with -XX:ReservedCodeCacheSize=
# This output file may be truncated or incomplete.
#
#  Out of Memory Error (memory/allocation.inline.hpp:61), pid=11396, tid=0x0000000000002d0c
#
# JRE version: Java(TM) SE Runtime Environment (8.0_144-b01) (build 1.8.0_144-b01)
# Java VM: Java HotSpot(TM) 64-Bit Server VM (25.144-b01 mixed mode windows-amd64 compressed oops)
# Failed to write core dump. Minidumps are not enabled by default on client versions of Windows
#

---------------  T H R E A D  ---------------

Current thread (0x00000000023de800):  JavaThread "main" [_thread_in_vm, id=11532, stack(0x0000000002550000,0x0000000002650000)]

Stack: [0x0000000002550000,0x0000000002650000]
[error occurred during error reporting (printing stack bounds), id 0xc0000005]

Native frames: (J=compiled Java code, j=interpreted, Vv=VM code, C=native code)

Java frames: (J=compiled Java code, j=interpreted, Vv=VM code)
j  java.lang.ClassLoader.defineClass1(Ljava/lang/String;[BIILjava/security/ProtectionDomain;Ljava/lang/String;)Ljava/lang/Class;+0
j  java.lang.ClassLoader.defineClass(Ljava/lang/String;[BIILjava/security/ProtectionDomain;)Ljava/lang/Class;+27
j  org.mozilla.javascript.DefiningClassLoader.defineClass(Ljava/lang/String;[B)Ljava/lang/Class;+13
j  org.mozilla.javascript.optimizer.Codegen.defineClass(Ljava/lang/Object;Ljava/lang/Object;)Ljava/lang/Class;+50
j  org.mozilla.javascript.optimizer.Codegen.createScriptObject(Ljava/lang/Object;Ljava/lang/Object;)Lorg/mozilla/javascript/Script;+3
j  org.mozilla.javascript.Context.compileImpl(Lorg/mozilla/javascript/Scriptable;Ljava/io/Reader;Ljava/lang/String;Ljava/lang/String;ILjava/lang/Object;ZLorg/mozilla/javascript/Evaluator;Lorg/mozilla/javascript/ErrorReporter;)Ljava/lang/Object;+372
j  org.mozilla.javascript.Context.compileString(Ljava/lang/String;Lorg/mozilla/javascript/Evaluator;Lorg/mozilla/javascript/ErrorReporter;Ljava/lang/String;ILjava/lang/Object;)Lorg/mozilla/javascript/Script;+13
j  org.mozilla.javascript.Context.compileString(Ljava/lang/String;Ljava/lang/String;ILjava/lang/Object;)Lorg/mozilla/javascript/Script;+14
j  org.mozilla.javascript.tools.shell.Main.loadScriptFromSource(Lorg/mozilla/javascript/Context;Ljava/lang/String;Ljava/lang/String;ILjava/lang/Object;)Lorg/mozilla/javascript/Script;+6
j  org.mozilla.javascript.tools.shell.Main.processFileSecure(Lorg/mozilla/javascript/Context;Lorg/mozilla/javascript/Scriptable;Ljava/lang/String;Ljava/lang/Object;)V+215
j  org.mozilla.javascript.tools.shell.Main.processFile(Lorg/mozilla/javascript/Context;Lorg/mozilla/javascript/Scriptable;Ljava/lang/String;)V+10
j  org.mozilla.javascript.tools.shell.Main.processSource(Lorg/mozilla/javascript/Context;Ljava/lang/String;)V+398
j  org.mozilla.javascript.tools.shell.Main.processFiles(Lorg/mozilla/javascript/Context;[Ljava/lang/String;)V+69
j  org.mozilla.javascript.tools.shell.Main$IProxy.run(Lorg/mozilla/javascript/Context;)Ljava/lang/Object;+41
j  org.mozilla.javascript.Context.call(Lorg/mozilla/javascript/ContextFactory;Lorg/mozilla/javascript/ContextAction;)Ljava/lang/Object;+8
j  org.mozilla.javascript.ContextFactory.call(Lorg/mozilla/javascript/ContextAction;)Ljava/lang/Object;+2
j  org.mozilla.javascript.tools.shell.Main.exec([Ljava/lang/String;)I+115
j  org.mozilla.javascript.tools.shell.Main.main([Ljava/lang/String;)V+23
v  ~StubRoutines::call_stub

---------------  P R O C E S S  ---------------

Java Threads: ( => current thread )
  0x0000000018a7e800 JavaThread "Service Thread" daemon [_thread_blocked, id=11756, stack(0x000000001a7f0000,0x000000001a8f0000)]
  0x0000000018a47800 JavaThread "C1 CompilerThread3" daemon [_thread_blocked, id=11736, stack(0x000000001a6a0000,0x000000001a7a0000)]
  0x0000000018a47000 JavaThread "C2 CompilerThread2" daemon [_thread_blocked, id=11716, stack(0x000000001a090000,0x000000001a190000)]
  0x0000000018a44000 JavaThread "C2 CompilerThread1" daemon [_thread_blocked, id=11760, stack(0x000000001a4e0000,0x000000001a5e0000)]
  0x00000000189f0800 JavaThread "C2 CompilerThread0" daemon [_thread_blocked, id=11048, stack(0x000000001a2f0000,0x000000001a3f0000)]
  0x00000000189dc800 JavaThread "Attach Listener" daemon [_thread_blocked, id=11500, stack(0x000000001a1a0000,0x000000001a2a0000)]
  0x00000000189db800 JavaThread "Signal Dispatcher" daemon [_thread_blocked, id=11472, stack(0x0000000019f80000,0x000000001a080000)]
  0x0000000017a2a000 JavaThread "Finalizer" daemon [_thread_blocked, id=11176, stack(0x0000000019d90000,0x0000000019e90000)]
  0x0000000017a28800 JavaThread "Reference Handler" daemon [_thread_blocked, id=10456, stack(0x0000000019c50000,0x0000000019d50000)]
=>0x00000000023de800 JavaThread "main" [_thread_in_vm, id=11532, stack(0x0000000002550000,0x0000000002650000)]

Other Threads:
  0x0000000018983000 VMThread [stack: 0x0000000019a20000,0x0000000019b20000] [id=12268]
  0x0000000018aba000 WatcherThread [stack: 0x000000001a9a0000,0x000000001aaa0000] [id=11796]

VM state:not at safepoint (normal execution)

VM Mutex/Monitor currently owned by a thread:  ([mutex/lock_event])
[0x00000000023dc880] SymbolTable_lock - owner thread: 0x00000000023de800

Heap:
 PSYoungGen      total 70656K, used 8118K [0x00000000d6000000, 0x00000000daa00000, 0x0000000100000000)
  eden space 65536K, 4% used [0x00000000d6000000,0x00000000d62ed908,0x00000000da000000)
  from space 5120K, 100% used [0x00000000da500000,0x00000000daa00000,0x00000000daa00000)
  to   space 5120K, 0% used [0x00000000da000000,0x00000000da000000,0x00000000da500000)
 ParOldGen       total 86016K, used 20211K [0x0000000082000000, 0x0000000087400000, 0x00000000d6000000)
  object space 86016K, 23% used [0x0000000082000000,0x00000000833bce90,0x0000000087400000)
 Metaspace       used 7028K, capacity 7331K, committed 7424K, reserved 1056768K
  class space    used 678K, capacity 694K, committed 768K, reserved 1048576K

Card table byte_map: [0x0000000011a10000,0x0000000011e10000] byte_map_base: 0x0000000011600000

Marking Bits: (ParMarkBitMap*) 0x00000000700dd850
 Begin Bits: [0x0000000012d50000, 0x0000000014cd0000)
 End Bits:   [0x0000000014cd0000, 0x0000000016c50000)

Polling page: 0x0000000001c80000

CodeCache: size=245760Kb used=5828Kb max_used=5833Kb free=239931Kb
 bounds [0x0000000002650000, 0x0000000002c10000, 0x0000000011650000]
 total_blobs=1323 nmethods=1020 adapters=216
 compilation: enabled

Compilation events (10 events):
Event: 131.770 Thread 0x0000000018a47800 1059       1       org.mozilla.classfile.ClassFileMethod::getWriteSize (9 bytes)
Event: 131.770 Thread 0x00000000189f0800 1060       4       org.mozilla.javascript.ObjArray::getImpl (70 bytes)
Event: 131.770 Thread 0x0000000018a47800 nmethod 1059 0x0000000002bed750 code [0x0000000002bed8a0, 0x0000000002bed9b0]
Event: 131.771 Thread 0x00000000189f0800 nmethod 1060 0x0000000002c06ad0 code [0x0000000002c06c00, 0x0000000002c06cd8]
Event: 132.630 Thread 0x0000000018a47000 1063       4       org.mozilla.javascript.ObjArray::get (28 bytes)
Event: 132.631 Thread 0x0000000018a47000 nmethod 1063 0x0000000002bebed0 code [0x0000000002bec020, 0x0000000002bec138]
Event: 132.631 Thread 0x0000000018a47800 1062       3       org.mozilla.classfile.ClassFileMethod::write (62 bytes)
Event: 132.731 Thread 0x0000000018a47800 nmethod 1062 0x0000000002beb4d0 code [0x0000000002beb680, 0x0000000002bebb28]
Event: 132.731 Thread 0x0000000018a47800 1061       3       org.mozilla.classfile.ClassFileField::write (96 bytes)
Event: 132.732 Thread 0x0000000018a47800 nmethod 1061 0x0000000002bec850 code [0x0000000002beca20, 0x0000000002bed190]

GC Heap History (4 events):
Event: 10.380 GC heap before
{Heap before GC invocations=1 (full 0):
 PSYoungGen      total 37888K, used 32768K [0x00000000d6000000, 0x00000000d8a00000, 0x0000000100000000)
  eden space 32768K, 100% used [0x00000000d6000000,0x00000000d8000000,0x00000000d8000000)
  from space 5120K, 0% used [0x00000000d8500000,0x00000000d8500000,0x00000000d8a00000)
  to   space 5120K, 0% used [0x00000000d8000000,0x00000000d8000000,0x00000000d8500000)
 ParOldGen       total 86016K, used 0K [0x0000000082000000, 0x0000000087400000, 0x00000000d6000000)
  object space 86016K, 0% used [0x0000000082000000,0x0000000082000000,0x0000000087400000)
 Metaspace       used 6278K, capacity 6592K, committed 6912K, reserved 1056768K
  class space    used 658K, capacity 692K, committed 768K, reserved 1048576K
Event: 15.741 GC heap after
Heap after GC invocations=1 (full 0):
 PSYoungGen      total 37888K, used 5088K [0x00000000d6000000, 0x00000000daa00000, 0x0000000100000000)
  eden space 32768K, 0% used [0x00000000d6000000,0x00000000d6000000,0x00000000d8000000)
  from space 5120K, 99% used [0x00000000d8000000,0x00000000d84f82b0,0x00000000d8500000)
  to   space 5120K, 0% used [0x00000000da500000,0x00000000da500000,0x00000000daa00000)
 ParOldGen       total 86016K, used 7867K [0x0000000082000000, 0x0000000087400000, 0x00000000d6000000)
  object space 86016K, 9% used [0x0000000082000000,0x00000000827aefc8,0x0000000087400000)
 Metaspace       used 6278K, capacity 6592K, committed 6912K, reserved 1056768K
  class space    used 658K, capacity 692K, committed 768K, reserved 1048576K
}
Event: 125.377 GC heap before
{Heap before GC invocations=2 (full 0):
 PSYoungGen      total 37888K, used 37856K [0x00000000d6000000, 0x00000000daa00000, 0x0000000100000000)
  eden space 32768K, 100% used [0x00000000d6000000,0x00000000d8000000,0x00000000d8000000)
  from space 5120K, 99% used [0x00000000d8000000,0x00000000d84f82b0,0x00000000d8500000)
  to   space 5120K, 0% used [0x00000000da500000,0x00000000da500000,0x00000000daa00000)
 ParOldGen       total 86016K, used 7867K [0x0000000082000000, 0x0000000087400000, 0x00000000d6000000)
  object space 86016K, 9% used [0x0000000082000000,0x00000000827aefc8,0x0000000087400000)
 Metaspace       used 6762K, capacity 7040K, committed 7168K, reserved 1056768K
  class space    used 675K, capacity 692K, committed 768K, reserved 1048576K
Event: 131.409 GC heap after
Heap after GC invocations=2 (full 0):
 PSYoungGen      total 70656K, used 5120K [0x00000000d6000000, 0x00000000daa00000, 0x0000000100000000)
  eden space 65536K, 0% used [0x00000000d6000000,0x00000000d6000000,0x00000000da000000)
  from space 5120K, 100% used [0x00000000da500000,0x00000000daa00000,0x00000000daa00000)
  to   space 5120K, 0% used [0x00000000da000000,0x00000000da000000,0x00000000da500000)
 ParOldGen       total 86016K, used 20211K [0x0000000082000000, 0x0000000087400000, 0x00000000d6000000)
  object space 86016K, 23% used [0x0000000082000000,0x00000000833bce90,0x0000000087400000)
 Metaspace       used 6762K, capacity 7040K, committed 7168K, reserved 1056768K
  class space    used 675K, capacity 692K, committed 768K, reserved 1048576K
}

Deoptimization events (10 events):
Event: 86.579 Thread 0x00000000023de800 Uncommon trap: reason=unstable_if action=reinterpret pc=0x0000000002ac3d6c method=org.mozilla.classfile.ConstantPool.getUtfEncodingLimit(Ljava/lang/String;II)I @ 7
Event: 86.579 Thread 0x00000000023de800 Uncommon trap: reason=unstable_if action=reinterpret pc=0x0000000002ad3e78 method=org.mozilla.classfile.ConstantPool.getUtfEncodingLimit(Ljava/lang/String;II)I @ 57
Event: 87.264 Thread 0x00000000023de800 Uncommon trap: reason=unstable_if action=reinterpret pc=0x0000000002a0d090 method=org.mozilla.javascript.ast.AstNode.getLineno()I @ 5
Event: 87.861 Thread 0x00000000023de800 Uncommon trap: reason=unstable_if action=reinterpret pc=0x0000000002adfd14 method=org.mozilla.classfile.ClassFileWriter.add(I)V @ 72
Event: 88.037 Thread 0x00000000023de800 Uncommon trap: reason=null_assert action=make_not_entrant pc=0x0000000002991958 method=org.mozilla.javascript.Node.removeProp(I)V @ 4
Event: 93.101 Thread 0x00000000023de800 Uncommon trap: reason=unstable_if action=reinterpret pc=0x0000000002b63d58 method=org.mozilla.classfile.ClassFileWriter.addInvoke(ILjava/lang/String;Ljava/lang/String;Ljava/lang/String;)V @ 181
Event: 98.206 Thread 0x00000000023de800 Uncommon trap: reason=unstable_if action=reinterpret pc=0x0000000002aeb158 method=org.mozilla.javascript.ObjToIntMap.findIndex(Ljava/lang/Object;)I @ 76
Event: 103.676 Thread 0x00000000023de800 Uncommon trap: reason=unstable_if action=reinterpret pc=0x0000000002af5ad4 method=org.mozilla.classfile.ClassFileWriter.addPush(I)V @ 8
Event: 104.484 Thread 0x00000000023de800 Uncommon trap: reason=unstable_if action=reinterpret pc=0x0000000002b30b8c method=org.mozilla.javascript.ObjToIntMap.findIndex(Ljava/lang/Object;)I @ 76
Event: 131.713 Thread 0x00000000023de800 Uncommon trap: reason=unstable_if action=reinterpret pc=0x0000000002b34c64 method=org.mozilla.classfile.ClassFileWriter.add(II)V @ 669

Internal exceptions (7 events):
Event: 0.039 Thread 0x00000000023de800 Exception <a 'java/lang/NoSuchMethodError': Method sun.misc.Unsafe.defineClass(Ljava/lang/String;[BII)Ljava/lang/Class; name or signature does not match> (0x00000000d6007ca8) thrown at [C:\re\workspace\8-2-build-windows-amd64-cygwin\jdk8u144\9417\hotspot\
Event: 0.039 Thread 0x00000000023de800 Exception <a 'java/lang/NoSuchMethodError': Method sun.misc.Unsafe.prefetchRead(Ljava/lang/Object;J)V name or signature does not match> (0x00000000d6007f90) thrown at [C:\re\workspace\8-2-build-windows-amd64-cygwin\jdk8u144\9417\hotspot\src\share\vm\prims
Event: 3.628 Thread 0x00000000023de800 Exception <a 'java/security/PrivilegedActionException'> (0x00000000d644e6a8) thrown at [C:\re\workspace\8-2-build-windows-amd64-cygwin\jdk8u144\9417\hotspot\src\share\vm\prims\jvm.cpp, line 1390]
Event: 3.628 Thread 0x00000000023de800 Exception <a 'java/security/PrivilegedActionException'> (0x00000000d644eaa0) thrown at [C:\re\workspace\8-2-build-windows-amd64-cygwin\jdk8u144\9417\hotspot\src\share\vm\prims\jvm.cpp, line 1390]
Event: 3.629 Thread 0x00000000023de800 Exception <a 'java/security/PrivilegedActionException'> (0x00000000d6452e80) thrown at [C:\re\workspace\8-2-build-windows-amd64-cygwin\jdk8u144\9417\hotspot\src\share\vm\prims\jvm.cpp, line 1390]
Event: 3.629 Thread 0x00000000023de800 Exception <a 'java/security/PrivilegedActionException'> (0x00000000d6453278) thrown at [C:\re\workspace\8-2-build-windows-amd64-cygwin\jdk8u144\9417\hotspot\src\share\vm\prims\jvm.cpp, line 1390]
Event: 84.667 Thread 0x00000000023de800 Implicit null exception at 0x0000000002aa00c8 to 0x0000000002aa03bd

Events (10 events):
Event: 134.668 loading class org/mozilla/javascript/ContextFactory$1
Event: 134.668 loading class org/mozilla/javascript/ContextFactory$1 done
Event: 146.137 loading class org/mozilla/javascript/DefiningClassLoader
Event: 146.137 loading class org/mozilla/javascript/DefiningClassLoader done
Event: 147.871 loading class org/mozilla/javascript/GeneratedClassLoader
Event: 147.871 loading class org/mozilla/javascript/GeneratedClassLoader done
Event: 149.409 loading class org/mozilla/javascript/SecurityUtilities
Event: 149.409 loading class org/mozilla/javascript/SecurityUtilities done
Event: 150.147 loading class org/mozilla/javascript/SecurityUtilities$2
Event: 150.147 loading class org/mozilla/javascript/SecurityUtilities$2 done


Dynamic libraries:
0x000000013f340000 - 0x000000013f377000 	D:\jaspersoftstudio\features\jre.win32.win32.x86_64.feature_1.8.0.u144\jre\bin\java.exe
0x0000000077c10000 - 0x0000000077dba000 	C:\windows\SYSTEM32\ntdll.dll
0x000007fef2270000 - 0x000007fef22a4000 	C:\Program Files\AVAST Software\Avast\x64\aswhooka.dll
0x0000000077af0000 - 0x0000000077c0f000 	C:\windows\system32\kernel32.dll
0x000007fefdcc0000 - 0x000007fefdd2a000 	C:\windows\system32\KERNELBASE.dll
0x000007fefe7a0000 - 0x000007fefe87b000 	C:\windows\system32\ADVAPI32.dll
0x000007fefde90000 - 0x000007fefdf2f000 	C:\windows\system32\msvcrt.dll
0x000007fefec10000 - 0x000007fefec2f000 	C:\windows\SYSTEM32\sechost.dll
0x000007fefdf30000 - 0x000007fefe05d000 	C:\windows\system32\RPCRT4.dll
0x00000000779f0000 - 0x0000000077aea000 	C:\windows\system32\USER32.dll
0x000007feffd30000 - 0x000007feffd97000 	C:\windows\system32\GDI32.dll
0x000007fefe790000 - 0x000007fefe79e000 	C:\windows\system32\LPK.dll
0x000007fefe6c0000 - 0x000007fefe78a000 	C:\windows\system32\USP10.dll
0x000007fefc3f0000 - 0x000007fefc5e4000 	C:\windows\WinSxS\amd64_microsoft.windows.common-controls_6595b64144ccf1df_6.0.7601.18837_none_fa3b1e3d17594757\COMCTL32.dll
0x000007fefe640000 - 0x000007fefe6b1000 	C:\windows\system32\SHLWAPI.dll
0x000007fefde60000 - 0x000007fefde8e000 	C:\windows\system32\IMM32.DLL
0x000007feffdc0000 - 0x000007feffec9000 	C:\windows\system32\MSCTF.dll
0x0000000078f50000 - 0x0000000079022000 	D:\jaspersoftstudio\features\jre.win32.win32.x86_64.feature_1.8.0.u144\jre\bin\msvcr100.dll
0x000000006f8c0000 - 0x000000007015d000 	D:\jaspersoftstudio\features\jre.win32.win32.x86_64.feature_1.8.0.u144\jre\bin\server\jvm.dll
0x000007fefc2e0000 - 0x000007fefc2e9000 	C:\windows\system32\WSOCK32.dll
0x000007feffed0000 - 0x000007fefff1d000 	C:\windows\system32\WS2_32.dll
0x000007fefe100000 - 0x000007fefe108000 	C:\windows\system32\NSI.dll
0x000007fefb960000 - 0x000007fefb99b000 	C:\windows\system32\WINMM.dll
0x000007fefcab0000 - 0x000007fefcabc000 	C:\windows\system32\VERSION.dll
0x0000000077de0000 - 0x0000000077de7000 	C:\windows\system32\PSAPI.DLL
0x0000000050200000 - 0x000000005020f000 	D:\jaspersoftstudio\features\jre.win32.win32.x86_64.feature_1.8.0.u144\jre\bin\verify.dll
0x000000006d500000 - 0x000000006d529000 	D:\jaspersoftstudio\features\jre.win32.win32.x86_64.feature_1.8.0.u144\jre\bin\java.dll
0x00000000701a0000 - 0x00000000701b6000 	D:\jaspersoftstudio\features\jre.win32.win32.x86_64.feature_1.8.0.u144\jre\bin\zip.dll
0x000007fefedc0000 - 0x000007feffb49000 	C:\windows\system32\SHELL32.dll
0x000007fefe880000 - 0x000007fefea83000 	C:\windows\system32\ole32.dll
0x000007fefd9c0000 - 0x000007fefd9cf000 	C:\windows\system32\profapi.dll

VM Arguments:
java_command: org.mozilla.javascript.tools.shell.Main C:\Users\ADMINI~1\AppData\Local\Temp\r.js -o build.js
java_class_path (initial): C:\Users\ADMINI~1\AppData\Local\Temp\js.jar;C:\Users\ADMINI~1\AppData\Local\Temp\compiler.jar
Launcher Type: SUN_STANDARD

Environment Variables:
JAVA_HOME=C:\Program Files\Java\jdk1.8.0_141
CLASSPATH=D:\apache-ant-1.9.9\lib
PATH=D:/jaspersoftstudio//features/jre.win32.win32.x86_64.feature_1.8.0.u144/jre/bin/server;D:/jaspersoftstudio//features/jre.win32.win32.x86_64.feature_1.8.0.u144/jre/bin;D:/jaspersoftstudio//features/jre.win32.win32.x86_64.feature_1.8.0.u144/jre/lib/amd64;C:\ProgramData\Oracle\Java\javapath;C:\windows\system32;C:\windows;C:\windows\System32\Wbem;C:\windows\System32\WindowsPowerShell\v1.0\;C:\Program Files\TortoiseSVN\bin;D:\MongoDB\bin;D:\apache-maven-3.5.0\bin;C:\Program Files (x86)\Git\cmd;D:\phantomjs-2.1.1-windows\bin;D:\apache-ant-1.9.9\bin;C:\Program Files\Java\jdk1.7.0_80\bin;D:\Python\Python36;C:\Program Files\nodejs\;C:\strawberry\c\bin;C:\strawberry\perl\bin;C:\Program Files (x86)\ClockworkMod\Universal Adb Driver;C:\Program Files\TortoiseGit\bin;C:\Program Files\dotnet\;C:\Program Files (x86)\Yarn\bin\;D:\Python\Python36\Scripts\;D:\Python\Python36\;C:\Program Files\Microsoft VS Code\bin;C:\Users\Administrator\AppData\Roaming\npm;C:\Users\Administrator\AppData\Local\Programs\Fiddler;C:\Users\Administrator\AppData\Local\Yarn\bin;D:\jaspersoftstudio;
USERNAME=Administrator
OS=Windows_NT
PROCESSOR_IDENTIFIER=Intel64 Family 6 Model 60 Stepping 3, GenuineIntel



---------------  S Y S T E M  ---------------

OS: Windows 7 , 64 bit Build 7601 (6.1.7601.23677)

CPU:total 8 (initial active 8) (4 cores per cpu, 2 threads per core) family 6 model 60 stepping 3, cmov, cx8, fxsr, mmx, sse, sse2, sse3, ssse3, sse4.1, sse4.2, popcnt, avx, avx2, aes, clmul, erms, rtm, lzcnt, ht, tsc, tscinvbit, bmi1, bmi2

Memory: 4k page, physical 8257320k(112652k free), swap 21635396k(22288k free)

vm_info: Java HotSpot(TM) 64-Bit Server VM (25.144-b01) for windows-amd64 JRE (1.8.0_144-b01), built on Jul 21 2017 21:57:33 by "java_re" with MS VC++ 10.0 (VS2010)

time: Mon Jun 25 15:27:22 2018
elapsed time: 158 seconds (0d 0h 2m 38s)

