#
# There is insufficient memory for the Java Runtime Environment to continue.
# Native memory allocation (malloc) failed to allocate 32744 bytes for ChunkPool::allocate
# Possible reasons:
#   The system is out of physical RAM or swap space
#   In 32 bit mode, the process size limit was hit
# Possible solutions:
#   Reduce memory load on the system
#   Increase physical memory or swap space
#   Check if swap backing store is full
#   Use 64 bit Java on a 64 bit OS
#   Decrease Java heap size (-Xmx/-Xms)
#   Decrease number of Java threads
#   Decrease Java thread stack sizes (-Xss)
#   Set larger code cache with -XX:ReservedCodeCacheSize=
# This output file may be truncated or incomplete.
#
#  Out of Memory Error (allocation.cpp:273), pid=9624, tid=0x0000000000001ce0
#
# JRE version: Java(TM) SE Runtime Environment (8.0_144-b01) (build 1.8.0_144-b01)
# Java VM: Java HotSpot(TM) 64-Bit Server VM (25.144-b01 mixed mode windows-amd64 compressed oops)
# Failed to write core dump. Minidumps are not enabled by default on client versions of Windows
#

---------------  T H R E A D  ---------------

Current thread (0x00000000189a0000):  JavaThread "C2 CompilerThread1" daemon [_thread_in_native, id=7392, stack(0x000000001a210000,0x000000001a310000)]

Stack: [0x000000001a210000,0x000000001a310000]
[error occurred during error reporting (printing stack bounds), id 0xc0000005]

Native frames: (J=compiled Java code, j=interpreted, Vv=VM code, C=native code)


Current CompileTask:
C2:  65694 2062       4       org.mozilla.javascript.gen.C__Users_ADMINI_1_AppData_Local_Temp_r_js_1::_c_expectKeyword_412 (124 bytes)


---------------  P R O C E S S  ---------------

Java Threads: ( => current thread )
  0x00000000189b2000 JavaThread "Service Thread" daemon [_thread_blocked, id=9416, stack(0x000000001a6a0000,0x000000001a7a0000)]
  0x00000000189ab800 JavaThread "C1 CompilerThread3" daemon [_thread_in_native, id=9240, stack(0x000000001a380000,0x000000001a480000)]
  0x00000000189aa800 JavaThread "C2 CompilerThread2" daemon [_thread_blocked, id=10080, stack(0x000000001a4d0000,0x000000001a5d0000)]
=>0x00000000189a0000 JavaThread "C2 CompilerThread1" daemon [_thread_in_native, id=7392, stack(0x000000001a210000,0x000000001a310000)]
  0x0000000018944800 JavaThread "C2 CompilerThread0" daemon [_thread_blocked, id=11052, stack(0x000000001a020000,0x000000001a120000)]
  0x0000000018930800 JavaThread "Attach Listener" daemon [_thread_blocked, id=12144, stack(0x0000000019b60000,0x0000000019c60000)]
  0x000000001892f800 JavaThread "Signal Dispatcher" daemon [_thread_blocked, id=11804, stack(0x0000000019e30000,0x0000000019f30000)]
  0x0000000017b9f800 JavaThread "Finalizer" daemon [_thread_blocked, id=6740, stack(0x0000000019ca0000,0x0000000019da0000)]
  0x0000000017b98800 JavaThread "Reference Handler" daemon [_thread_blocked, id=11592, stack(0x0000000019870000,0x0000000019970000)]
  0x000000000236e800 JavaThread "main" [_thread_in_native, id=11608, stack(0x00000000024b0000,0x00000000025b0000)]

Other Threads:
  0x00000000188d3000 VMThread [stack: 0x0000000019a00000,0x0000000019b00000] [id=10732]
  0x00000000189b8800 WatcherThread [stack: 0x000000001a7e0000,0x000000001a8e0000] [id=12304]

VM state:not at safepoint (normal execution)

VM Mutex/Monitor currently owned by a thread: None

Heap:
 PSYoungGen      total 149504K, used 138650K [0x00000000d6000000, 0x00000000e6200000, 0x0000000100000000)
  eden space 131072K, 91% used [0x00000000d6000000,0x00000000dd5669e8,0x00000000de000000)
  from space 18432K, 100% used [0x00000000de000000,0x00000000df200000,0x00000000df200000)
  to   space 27136K, 0% used [0x00000000e4780000,0x00000000e4780000,0x00000000e6200000)
 ParOldGen       total 86016K, used 40797K [0x0000000082000000, 0x0000000087400000, 0x00000000d6000000)
  object space 86016K, 47% used [0x0000000082000000,0x00000000847d7788,0x0000000087400000)
 Metaspace       used 11289K, capacity 11542K, committed 11776K, reserved 1060864K
  class space    used 852K, capacity 897K, committed 1024K, reserved 1048576K

Card table byte_map: [0x0000000011a70000,0x0000000011e70000] byte_map_base: 0x0000000011660000

Marking Bits: (ParMarkBitMap*) 0x00000000700dd850
 Begin Bits: [0x0000000012ec0000, 0x0000000014e40000)
 End Bits:   [0x0000000014e40000, 0x0000000016dc0000)

Polling page: 0x0000000000450000

CodeCache: size=245760Kb used=13475Kb max_used=13738Kb free=232284Kb
 bounds [0x00000000026b0000, 0x0000000003520000, 0x00000000116b0000]
 total_blobs=1884 nmethods=1549 adapters=247
 compilation: enabled

Compilation events (10 events):
Event: 60.859 Thread 0x00000000189ab800 2056       3       org.mozilla.javascript.gen.C__Users_ADMINI_1_AppData_Local_Temp_r_js_1::_c_anonymous_1705 (208 bytes)
Event: 60.862 Thread 0x00000000189ab800 nmethod 2056 0x0000000002f92e10 code [0x0000000002f93660, 0x0000000002f981e8]
Event: 60.894 Thread 0x00000000189aa800 2059   !   4       org.mozilla.javascript.gen.C__Users_ADMINI_1_AppData_Local_Temp_r_js_1::_c_anonymous_1739 (2923 bytes)
Event: 60.979 Thread 0x00000000189aa800 nmethod 2059 0x0000000002d9b550 code [0x0000000002d9bb20, 0x0000000002d9e5c0]
Event: 61.152 Thread 0x0000000018944800 2060       4       org.mozilla.javascript.gen.C__Users_ADMINI_1_AppData_Local_Temp_r_js_1::_c_anonymous_1705 (208 bytes)
Event: 61.175 Thread 0x0000000018944800 nmethod 2060 0x00000000029fdcd0 code [0x00000000029fe040, 0x00000000029ff3e8]
Event: 62.526 Thread 0x00000000189ab800 2061       1       org.mozilla.javascript.regexp.NativeRegExp::getTypeOf (3 bytes)
Event: 62.526 Thread 0x00000000189ab800 nmethod 2061 0x0000000002e21350 code [0x0000000002e214a0, 0x0000000002e215b0]
Event: 63.157 Thread 0x00000000189a0000 2062       4       org.mozilla.javascript.gen.C__Users_ADMINI_1_AppData_Local_Temp_r_js_1::_c_expectKeyword_412 (124 bytes)
Event: 63.160 Thread 0x00000000189ab800 2063   !   3       org.mozilla.javascript.gen.C__Users_ADMINI_1_AppData_Local_Temp_r_js_1::_c_anonymous_1739 (2923 bytes)

GC Heap History (10 events):
Event: 41.856 GC heap before
{Heap before GC invocations=5 (full 0):
 PSYoungGen      total 70656K, used 70639K [0x00000000d6000000, 0x00000000daa00000, 0x0000000100000000)
  eden space 65536K, 100% used [0x00000000d6000000,0x00000000da000000,0x00000000da000000)
  from space 5120K, 99% used [0x00000000da500000,0x00000000da9fbe40,0x00000000daa00000)
  to   space 5120K, 0% used [0x00000000da000000,0x00000000da000000,0x00000000da500000)
 ParOldGen       total 86016K, used 22202K [0x0000000082000000, 0x0000000087400000, 0x00000000d6000000)
  object space 86016K, 25% used [0x0000000082000000,0x00000000835aeaa0,0x0000000087400000)
 Metaspace       used 10814K, capacity 11082K, committed 11136K, reserved 1058816K
  class space    used 835K, capacity 895K, committed 896K, reserved 1048576K
Event: 43.150 GC heap after
Heap after GC invocations=5 (full 0):
 PSYoungGen      total 70656K, used 5099K [0x00000000d6000000, 0x00000000e0800000, 0x0000000100000000)
  eden space 65536K, 0% used [0x00000000d6000000,0x00000000d6000000,0x00000000da000000)
  from space 5120K, 99% used [0x00000000da000000,0x00000000da4fae20,0x00000000da500000)
  to   space 20480K, 0% used [0x00000000df400000,0x00000000df400000,0x00000000e0800000)
 ParOldGen       total 86016K, used 22987K [0x0000000082000000, 0x0000000087400000, 0x00000000d6000000)
  object space 86016K, 26% used [0x0000000082000000,0x0000000083672cc8,0x0000000087400000)
 Metaspace       used 10814K, capacity 11082K, committed 11136K, reserved 1058816K
  class space    used 835K, capacity 895K, committed 896K, reserved 1048576K
}
Event: 49.253 GC heap before
{Heap before GC invocations=6 (full 0):
 PSYoungGen      total 70656K, used 70635K [0x00000000d6000000, 0x00000000e0800000, 0x0000000100000000)
  eden space 65536K, 100% used [0x00000000d6000000,0x00000000da000000,0x00000000da000000)
  from space 5120K, 99% used [0x00000000da000000,0x00000000da4fae20,0x00000000da500000)
  to   space 20480K, 0% used [0x00000000df400000,0x00000000df400000,0x00000000e0800000)
 ParOldGen       total 86016K, used 22987K [0x0000000082000000, 0x0000000087400000, 0x00000000d6000000)
  object space 86016K, 26% used [0x0000000082000000,0x0000000083672cc8,0x0000000087400000)
 Metaspace       used 11211K, capacity 11414K, committed 11776K, reserved 1060864K
  class space    used 852K, capacity 897K, committed 1024K, reserved 1048576K
Event: 50.114 GC heap after
Heap after GC invocations=6 (full 0):
 PSYoungGen      total 147456K, used 9628K [0x00000000d6000000, 0x00000000e0400000, 0x0000000100000000)
  eden space 131072K, 0% used [0x00000000d6000000,0x00000000d6000000,0x00000000de000000)
  from space 16384K, 58% used [0x00000000df400000,0x00000000dfd672a8,0x00000000e0400000)
  to   space 18432K, 0% used [0x00000000de000000,0x00000000de000000,0x00000000df200000)
 ParOldGen       total 86016K, used 22995K [0x0000000082000000, 0x0000000087400000, 0x00000000d6000000)
  object space 86016K, 26% used [0x0000000082000000,0x0000000083674cc8,0x0000000087400000)
 Metaspace       used 11211K, capacity 11414K, committed 11776K, reserved 1060864K
  class space    used 852K, capacity 897K, committed 1024K, reserved 1048576K
}
Event: 55.006 GC heap before
{Heap before GC invocations=7 (full 0):
 PSYoungGen      total 147456K, used 140700K [0x00000000d6000000, 0x00000000e0400000, 0x0000000100000000)
  eden space 131072K, 100% used [0x00000000d6000000,0x00000000de000000,0x00000000de000000)
  from space 16384K, 58% used [0x00000000df400000,0x00000000dfd672a8,0x00000000e0400000)
  to   space 18432K, 0% used [0x00000000de000000,0x00000000de000000,0x00000000df200000)
 ParOldGen       total 86016K, used 22995K [0x0000000082000000, 0x0000000087400000, 0x00000000d6000000)
  object space 86016K, 26% used [0x0000000082000000,0x0000000083674cc8,0x0000000087400000)
 Metaspace       used 11258K, capacity 11478K, committed 11776K, reserved 1060864K
  class space    used 852K, capacity 897K, committed 1024K, reserved 1048576K
Event: 56.648 GC heap after
Heap after GC invocations=7 (full 0):
 PSYoungGen      total 149504K, used 9269K [0x00000000d6000000, 0x00000000e0400000, 0x0000000100000000)
  eden space 131072K, 0% used [0x00000000d6000000,0x00000000d6000000,0x00000000de000000)
  from space 18432K, 50% used [0x00000000de000000,0x00000000de90d760,0x00000000df200000)
  to   space 16384K, 0% used [0x00000000df400000,0x00000000df400000,0x00000000e0400000)
 ParOldGen       total 86016K, used 27045K [0x0000000082000000, 0x0000000087400000, 0x00000000d6000000)
  object space 86016K, 31% used [0x0000000082000000,0x0000000083a69718,0x0000000087400000)
 Metaspace       used 11258K, capacity 11478K, committed 11776K, reserved 1060864K
  class space    used 852K, capacity 897K, committed 1024K, reserved 1048576K
}
Event: 58.806 GC heap before
{Heap before GC invocations=8 (full 0):
 PSYoungGen      total 149504K, used 140341K [0x00000000d6000000, 0x00000000e0400000, 0x0000000100000000)
  eden space 131072K, 100% used [0x00000000d6000000,0x00000000de000000,0x00000000de000000)
  from space 18432K, 50% used [0x00000000de000000,0x00000000de90d760,0x00000000df200000)
  to   space 16384K, 0% used [0x00000000df400000,0x00000000df400000,0x00000000e0400000)
 ParOldGen       total 86016K, used 27045K [0x0000000082000000, 0x0000000087400000, 0x00000000d6000000)
  object space 86016K, 31% used [0x0000000082000000,0x0000000083a69718,0x0000000087400000)
 Metaspace       used 11286K, capacity 11542K, committed 11776K, reserved 1060864K
  class space    used 852K, capacity 897K, committed 1024K, reserved 1048576K
Event: 60.304 GC heap after
Heap after GC invocations=8 (full 0):
 PSYoungGen      total 147456K, used 16369K [0x00000000d6000000, 0x00000000e0400000, 0x0000000100000000)
  eden space 131072K, 0% used [0x00000000d6000000,0x00000000d6000000,0x00000000de000000)
  from space 16384K, 99% used [0x00000000df400000,0x00000000e03fc488,0x00000000e0400000)
  to   space 18432K, 0% used [0x00000000de000000,0x00000000de000000,0x00000000df200000)
 ParOldGen       total 86016K, used 28178K [0x0000000082000000, 0x0000000087400000, 0x00000000d6000000)
  object space 86016K, 32% used [0x0000000082000000,0x0000000083b84a10,0x0000000087400000)
 Metaspace       used 11286K, capacity 11542K, committed 11776K, reserved 1060864K
  class space    used 852K, capacity 897K, committed 1024K, reserved 1048576K
}
Event: 61.413 GC heap before
{Heap before GC invocations=9 (full 0):
 PSYoungGen      total 147456K, used 147441K [0x00000000d6000000, 0x00000000e0400000, 0x0000000100000000)
  eden space 131072K, 100% used [0x00000000d6000000,0x00000000de000000,0x00000000de000000)
  from space 16384K, 99% used [0x00000000df400000,0x00000000e03fc488,0x00000000e0400000)
  to   space 18432K, 0% used [0x00000000de000000,0x00000000de000000,0x00000000df200000)
 ParOldGen       total 86016K, used 28178K [0x0000000082000000, 0x0000000087400000, 0x00000000d6000000)
  object space 86016K, 32% used [0x0000000082000000,0x0000000083b84a10,0x0000000087400000)
 Metaspace       used 11288K, capacity 11542K, committed 11776K, reserved 1060864K
  class space    used 852K, capacity 897K, committed 1024K, reserved 1048576K
Event: 62.194 GC heap after
Heap after GC invocations=9 (full 0):
 PSYoungGen      total 149504K, used 18432K [0x00000000d6000000, 0x00000000e6200000, 0x0000000100000000)
  eden space 131072K, 0% used [0x00000000d6000000,0x00000000d6000000,0x00000000de000000)
  from space 18432K, 100% used [0x00000000de000000,0x00000000df200000,0x00000000df200000)
  to   space 27136K, 0% used [0x00000000e4780000,0x00000000e4780000,0x00000000e6200000)
 ParOldGen       total 86016K, used 40797K [0x0000000082000000, 0x0000000087400000, 0x00000000d6000000)
  object space 86016K, 47% used [0x0000000082000000,0x00000000847d7788,0x0000000087400000)
 Metaspace       used 11288K, capacity 11542K, committed 11776K, reserved 1060864K
  class space    used 852K, capacity 897K, committed 1024K, reserved 1048576K
}

Deoptimization events (10 events):
Event: 47.527 Thread 0x000000000236e800 Uncommon trap: reason=unstable_if action=reinterpret pc=0x0000000002a0c4c8 method=org.mozilla.javascript.gen.C__Users_ADMINI_1_AppData_Local_Temp_r_js_1._c_isIdentifierPart_333(Lorg/mozilla/javascript/gen/C__Users_ADMINI_1_AppData_Local_Temp_r_js_1;Lorg/m
Event: 49.226 Thread 0x000000000236e800 Uncommon trap: reason=unstable_if action=reinterpret pc=0x0000000002af8a04 method=org.mozilla.javascript.gen.C__Users_ADMINI_1_AppData_Local_Temp_r_js_1._c_scanPunctuator_346(Lorg/mozilla/javascript/gen/C__Users_ADMINI_1_AppData_Local_Temp_r_js_1;Lorg/moz
Event: 50.633 Thread 0x000000000236e800 Uncommon trap: reason=unstable_if action=reinterpret pc=0x0000000002a2eed4 method=org.mozilla.javascript.gen.C__Users_ADMINI_1_AppData_Local_Temp_r_js_1._c_matchAssign_415(Lorg/mozilla/javascript/gen/C__Users_ADMINI_1_AppData_Local_Temp_r_js_1;Lorg/mozill
Event: 50.669 Thread 0x000000000236e800 Uncommon trap: reason=unstable_if action=reinterpret pc=0x0000000003227134 method=org.mozilla.javascript.gen.C__Users_ADMINI_1_AppData_Local_Temp_r_js_1._c_parseUnaryExpression_433(Lorg/mozilla/javascript/gen/C__Users_ADMINI_1_AppData_Local_Temp_r_js_1;Lo
Event: 51.241 Thread 0x000000000236e800 Uncommon trap: reason=unstable_if action=reinterpret pc=0x00000000032fc568 method=org.mozilla.javascript.gen.C__Users_ADMINI_1_AppData_Local_Temp_r_js_1._c_isKeyword_337(Lorg/mozilla/javascript/gen/C__Users_ADMINI_1_AppData_Local_Temp_r_js_1;Lorg/mozilla/
Event: 53.511 Thread 0x000000000236e800 Uncommon trap: reason=range_check action=make_not_entrant pc=0x0000000002b78374 method=org.mozilla.javascript.regexp.NativeRegExp.parseTerm(Lorg/mozilla/javascript/regexp/CompilerState;)Z @ 191
Event: 57.610 Thread 0x000000000236e800 Uncommon trap: reason=unstable_if action=reinterpret pc=0x00000000033fdefc method=org.mozilla.javascript.gen.C__Users_ADMINI_1_AppData_Local_Temp_r_js_1._c_anonymous_1731(Lorg/mozilla/javascript/gen/C__Users_ADMINI_1_AppData_Local_Temp_r_js_1;Lorg/mozilla
Event: 57.955 Thread 0x000000000236e800 Uncommon trap: reason=unstable_if action=reinterpret pc=0x000000000289aa20 method=org.mozilla.javascript.gen.C__Users_ADMINI_1_AppData_Local_Temp_r_js_1._c_anonymous_365(Lorg/mozilla/javascript/gen/C__Users_ADMINI_1_AppData_Local_Temp_r_js_1;Lorg/mozilla/
Event: 63.159 Thread 0x000000000236e800 Uncommon trap: reason=unstable_if action=reinterpret pc=0x0000000002d9c7e4 method=org.mozilla.javascript.gen.C__Users_ADMINI_1_AppData_Local_Temp_r_js_1._c_anonymous_1739(Lorg/mozilla/javascript/gen/C__Users_ADMINI_1_AppData_Local_Temp_r_js_1;Lorg/mozilla
Event: 63.444 Thread 0x000000000236e800 Uncommon trap: reason=unstable_if action=reinterpret pc=0x0000000002f8cc50 method=java.lang.reflect.Method.equals(Ljava/lang/Object;)Z @ 49

Internal exceptions (10 events):
Event: 25.055 Thread 0x000000000236e800 Exception <a 'java/security/PrivilegedActionException'> (0x00000000d6453550) thrown at [C:\re\workspace\8-2-build-windows-amd64-cygwin\jdk8u144\9417\hotspot\src\share\vm\prims\jvm.cpp, line 1390]
Event: 33.826 Thread 0x000000000236e800 Implicit null exception at 0x0000000002b3b208 to 0x0000000002b3b509
Event: 38.277 Thread 0x000000000236e800 Exception <a 'java/lang/NoSuchFieldError': method resolution failed> (0x00000000d6346448) thrown at [C:\re\workspace\8-2-build-windows-amd64-cygwin\jdk8u144\9417\hotspot\src\share\vm\prims\methodHandles.cpp, line 1146]
Event: 38.292 Thread 0x000000000236e800 Exception <a 'java/lang/NoSuchFieldError': method resolution failed> (0x00000000d6353b38) thrown at [C:\re\workspace\8-2-build-windows-amd64-cygwin\jdk8u144\9417\hotspot\src\share\vm\prims\methodHandles.cpp, line 1146]
Event: 40.510 Thread 0x000000000236e800 Implicit null exception at 0x0000000002d6e432 to 0x0000000002d6f215
Event: 40.511 Thread 0x000000000236e800 Implicit null exception at 0x0000000002d3b14b to 0x0000000002d3b279
Event: 40.511 Thread 0x000000000236e800 Implicit null exception at 0x0000000002d385be to 0x0000000002d386bd
Event: 40.685 Thread 0x000000000236e800 Implicit null exception at 0x0000000002e0fa25 to 0x0000000002e0fd65
Event: 41.101 Thread 0x000000000236e800 Implicit null exception at 0x0000000002e316ed to 0x0000000002e31aad
Event: 41.211 Thread 0x000000000236e800 Implicit null exception at 0x00000000029bedaa to 0x00000000029bf51d

Events (10 events):
Event: 60.862 Thread 0x00000000189ab800 flushing nmethod 0x0000000003059a90
Event: 61.412 Executing VM operation: ParallelGCFailedAllocation
Event: 62.194 Executing VM operation: ParallelGCFailedAllocation done
Event: 63.159 Thread 0x000000000236e800 Uncommon trap: trap_request=0xffffff65 fr.pc=0x0000000002d9c7e4
Event: 63.159 Thread 0x000000000236e800 DEOPT PACKING pc=0x0000000002d9c7e4 sp=0x00000000025a0d60
Event: 63.159 Thread 0x000000000236e800 DEOPT UNPACKING pc=0x00000000026f582a sp=0x00000000025a0d38 mode 2
Event: 63.444 Thread 0x000000000236e800 Uncommon trap: trap_request=0xffffff65 fr.pc=0x0000000002f8cc50
Event: 63.444 Thread 0x000000000236e800 DEOPT PACKING pc=0x0000000002f8cc50 sp=0x00000000025a3330
Event: 63.444 Thread 0x000000000236e800 DEOPT UNPACKING pc=0x00000000026f582a sp=0x00000000025a32c0 mode 2
Event: 64.741 Thread 0x000000000236e800 Uncommon trap: trap_request=0xfffffff4 fr.pc=0x0000000002fcd594


Dynamic libraries:
0x000000013f340000 - 0x000000013f377000 	D:\jaspersoftstudio\features\jre.win32.win32.x86_64.feature_1.8.0.u144\jre\bin\java.exe
0x0000000077c10000 - 0x0000000077dba000 	C:\windows\SYSTEM32\ntdll.dll
0x000007fef2270000 - 0x000007fef22a4000 	C:\Program Files\AVAST Software\Avast\x64\aswhooka.dll
0x0000000077af0000 - 0x0000000077c0f000 	C:\windows\system32\kernel32.dll
0x000007fefdcc0000 - 0x000007fefdd2a000 	C:\windows\system32\KERNELBASE.dll
0x000007fefe7a0000 - 0x000007fefe87b000 	C:\windows\system32\ADVAPI32.dll
0x000007fefde90000 - 0x000007fefdf2f000 	C:\windows\system32\msvcrt.dll
0x000007fefec10000 - 0x000007fefec2f000 	C:\windows\SYSTEM32\sechost.dll
0x000007fefdf30000 - 0x000007fefe05d000 	C:\windows\system32\RPCRT4.dll
0x00000000779f0000 - 0x0000000077aea000 	C:\windows\system32\USER32.dll
0x000007feffd30000 - 0x000007feffd97000 	C:\windows\system32\GDI32.dll
0x000007fefe790000 - 0x000007fefe79e000 	C:\windows\system32\LPK.dll
0x000007fefe6c0000 - 0x000007fefe78a000 	C:\windows\system32\USP10.dll
0x000007fefc3f0000 - 0x000007fefc5e4000 	C:\windows\WinSxS\amd64_microsoft.windows.common-controls_6595b64144ccf1df_6.0.7601.18837_none_fa3b1e3d17594757\COMCTL32.dll
0x000007fefe640000 - 0x000007fefe6b1000 	C:\windows\system32\SHLWAPI.dll
0x000007fefde60000 - 0x000007fefde8e000 	C:\windows\system32\IMM32.DLL
0x000007feffdc0000 - 0x000007feffec9000 	C:\windows\system32\MSCTF.dll
0x0000000078f50000 - 0x0000000079022000 	D:\jaspersoftstudio\features\jre.win32.win32.x86_64.feature_1.8.0.u144\jre\bin\msvcr100.dll
0x000000006f8c0000 - 0x000000007015d000 	D:\jaspersoftstudio\features\jre.win32.win32.x86_64.feature_1.8.0.u144\jre\bin\server\jvm.dll
0x000007fefc2e0000 - 0x000007fefc2e9000 	C:\windows\system32\WSOCK32.dll
0x000007feffed0000 - 0x000007fefff1d000 	C:\windows\system32\WS2_32.dll
0x000007fefe100000 - 0x000007fefe108000 	C:\windows\system32\NSI.dll
0x000007fefb960000 - 0x000007fefb99b000 	C:\windows\system32\WINMM.dll
0x000007fefcab0000 - 0x000007fefcabc000 	C:\windows\system32\VERSION.dll
0x0000000077de0000 - 0x0000000077de7000 	C:\windows\system32\PSAPI.DLL
0x0000000050200000 - 0x000000005020f000 	D:\jaspersoftstudio\features\jre.win32.win32.x86_64.feature_1.8.0.u144\jre\bin\verify.dll
0x000000006d500000 - 0x000000006d529000 	D:\jaspersoftstudio\features\jre.win32.win32.x86_64.feature_1.8.0.u144\jre\bin\java.dll
0x00000000701a0000 - 0x00000000701b6000 	D:\jaspersoftstudio\features\jre.win32.win32.x86_64.feature_1.8.0.u144\jre\bin\zip.dll
0x000007fefedc0000 - 0x000007feffb49000 	C:\windows\system32\SHELL32.dll
0x000007fefe880000 - 0x000007fefea83000 	C:\windows\system32\ole32.dll
0x000007fefd9c0000 - 0x000007fefd9cf000 	C:\windows\system32\profapi.dll

VM Arguments:
java_command: org.mozilla.javascript.tools.shell.Main C:\Users\ADMINI~1\AppData\Local\Temp\r.js -o build.js
java_class_path (initial): C:\Users\ADMINI~1\AppData\Local\Temp\js.jar;C:\Users\ADMINI~1\AppData\Local\Temp\compiler.jar
Launcher Type: SUN_STANDARD

Environment Variables:
JAVA_HOME=C:\Program Files\Java\jdk1.8.0_141
CLASSPATH=D:\apache-ant-1.9.9\lib
PATH=D:/jaspersoftstudio//features/jre.win32.win32.x86_64.feature_1.8.0.u144/jre/bin/server;D:/jaspersoftstudio//features/jre.win32.win32.x86_64.feature_1.8.0.u144/jre/bin;D:/jaspersoftstudio//features/jre.win32.win32.x86_64.feature_1.8.0.u144/jre/lib/amd64;C:\ProgramData\Oracle\Java\javapath;C:\windows\system32;C:\windows;C:\windows\System32\Wbem;C:\windows\System32\WindowsPowerShell\v1.0\;C:\Program Files\TortoiseSVN\bin;D:\MongoDB\bin;D:\apache-maven-3.5.0\bin;C:\Program Files (x86)\Git\cmd;D:\phantomjs-2.1.1-windows\bin;D:\apache-ant-1.9.9\bin;C:\Program Files\Java\jdk1.7.0_80\bin;D:\Python\Python36;C:\Program Files\nodejs\;C:\strawberry\c\bin;C:\strawberry\perl\bin;C:\Program Files (x86)\ClockworkMod\Universal Adb Driver;C:\Program Files\TortoiseGit\bin;C:\Program Files\dotnet\;C:\Program Files (x86)\Yarn\bin\;D:\Python\Python36\Scripts\;D:\Python\Python36\;C:\Program Files\Microsoft VS Code\bin;C:\Users\Administrator\AppData\Roaming\npm;C:\Users\Administrator\AppData\Local\Programs\Fiddler;C:\Users\Administrator\AppData\Local\Yarn\bin;D:\jaspersoftstudio;
USERNAME=Administrator
OS=Windows_NT
PROCESSOR_IDENTIFIER=Intel64 Family 6 Model 60 Stepping 3, GenuineIntel



---------------  S Y S T E M  ---------------

OS: Windows 7 , 64 bit Build 7601 (6.1.7601.23677)

CPU:total 8 (initial active 8) (4 cores per cpu, 2 threads per core) family 6 model 60 stepping 3, cmov, cx8, fxsr, mmx, sse, sse2, sse3, ssse3, sse4.1, sse4.2, popcnt, avx, avx2, aes, clmul, erms, rtm, lzcnt, ht, tsc, tscinvbit, bmi1, bmi2

Memory: 4k page, physical 8257320k(2392k free), swap 21395884k(9264k free)

vm_info: Java HotSpot(TM) 64-Bit Server VM (25.144-b01) for windows-amd64 JRE (1.8.0_144-b01), built on Jul 21 2017 21:57:33 by "java_re" with MS VC++ 10.0 (VS2010)

time: Mon Jun 25 15:25:57 2018
elapsed time: 66 seconds (0d 0h 1m 6s)

