#
# There is insufficient memory for the Java Runtime Environment to continue.
# Native memory allocation (malloc) failed to allocate 32744 bytes for ChunkPool::allocate
# Possible reasons:
#   The system is out of physical RAM or swap space
#   In 32 bit mode, the process size limit was hit
# Possible solutions:
#   Reduce memory load on the system
#   Increase physical memory or swap space
#   Check if swap backing store is full
#   Use 64 bit Java on a 64 bit OS
#   Decrease Java heap size (-Xmx/-Xms)
#   Decrease number of Java threads
#   Decrease Java thread stack sizes (-Xss)
#   Set larger code cache with -XX:ReservedCodeCacheSize=
# This output file may be truncated or incomplete.
#
#  Out of Memory Error (allocation.cpp:273), pid=10484, tid=0x0000000000002e18
#
# JRE version: Java(TM) SE Runtime Environment (8.0_144-b01) (build 1.8.0_144-b01)
# Java VM: Java HotSpot(TM) 64-Bit Server VM (25.144-b01 mixed mode windows-amd64 compressed oops)
# Failed to write core dump. Minidumps are not enabled by default on client versions of Windows
#

---------------  T H R E A D  ---------------

Current thread (0x0000000018a48800):  JavaThread "C2 CompilerThread2" daemon [_thread_in_native, id=11800, stack(0x000000001a540000,0x000000001a640000)]

Stack: [0x000000001a540000,0x000000001a640000]
[error occurred during error reporting (printing stack bounds), id 0xc0000005]

Native frames: (J=compiled Java code, j=interpreted, Vv=VM code, C=native code)


Current CompileTask:
C2: 158927 1838       4       org.mozilla.javascript.ScriptRuntime::toInteger (8 bytes)


---------------  P R O C E S S  ---------------

Java Threads: ( => current thread )
  0x0000000018a93000 JavaThread "Service Thread" daemon [_thread_blocked, id=10700, stack(0x000000001a8f0000,0x000000001a9f0000)]
  0x0000000018a5c000 JavaThread "C1 CompilerThread3" daemon [_thread_in_native, id=11820, stack(0x000000001a790000,0x000000001a890000)]
=>0x0000000018a48800 JavaThread "C2 CompilerThread2" daemon [_thread_in_native, id=11800, stack(0x000000001a540000,0x000000001a640000)]
  0x0000000018a19800 JavaThread "C2 CompilerThread1" daemon [_thread_in_vm, id=11700, stack(0x000000001a3b0000,0x000000001a4b0000)]
  0x0000000018a10800 JavaThread "C2 CompilerThread0" daemon [_thread_in_native, id=12136, stack(0x000000001a190000,0x000000001a290000)]
  0x00000000189fc800 JavaThread "Attach Listener" daemon [_thread_blocked, id=12040, stack(0x000000001a040000,0x000000001a140000)]
  0x00000000189fb800 JavaThread "Signal Dispatcher" daemon [_thread_blocked, id=11856, stack(0x0000000019e30000,0x0000000019f30000)]
  0x0000000017a50000 JavaThread "Finalizer" daemon [_thread_blocked, id=10280, stack(0x0000000019d20000,0x0000000019e20000)]
  0x0000000017a48800 JavaThread "Reference Handler" daemon [_thread_blocked, id=10736, stack(0x0000000019b00000,0x0000000019c00000)]
  0x000000000028e800 JavaThread "main" [_thread_in_vm, id=11912, stack(0x0000000002410000,0x0000000002510000)]

Other Threads:
  0x00000000189a3000 VMThread [stack: 0x00000000199b0000,0x0000000019ab0000] [id=10340]
  0x0000000018ac8000 WatcherThread [stack: 0x0000000019c10000,0x0000000019d10000] [id=11852]

VM state:synchronizing (normal execution)

VM Mutex/Monitor currently owned by a thread:  ([mutex/lock_event])
[0x000000000028cd80] Threads_lock - owner thread: 0x00000000189a3000

Heap:
 PSYoungGen      total 136192K, used 37865K [0x00000000d6000000, 0x00000000dea00000, 0x0000000100000000)
  eden space 131072K, 24% used [0x00000000d6000000,0x00000000d7ffc660,0x00000000de000000)
  from space 5120K, 99% used [0x00000000de500000,0x00000000de9fe010,0x00000000dea00000)
  to   space 5120K, 0% used [0x00000000de000000,0x00000000de000000,0x00000000de500000)
 ParOldGen       total 86016K, used 22810K [0x0000000082000000, 0x0000000087400000, 0x00000000d6000000)
  object space 86016K, 26% used [0x0000000082000000,0x0000000083646b90,0x0000000087400000)
 Metaspace       used 11065K, capacity 11286K, committed 11520K, reserved 1060864K
  class space    used 850K, capacity 897K, committed 1024K, reserved 1048576K

Card table byte_map: [0x00000000119d0000,0x0000000011dd0000] byte_map_base: 0x00000000115c0000

Marking Bits: (ParMarkBitMap*) 0x00000000700dd850
 Begin Bits: [0x0000000012d70000, 0x0000000014cf0000)
 End Bits:   [0x0000000014cf0000, 0x0000000016c70000)

Polling page: 0x0000000000260000

CodeCache: size=245760Kb used=8608Kb max_used=8611Kb free=237151Kb
 bounds [0x0000000002610000, 0x0000000002e80000, 0x0000000011610000]
 total_blobs=1992 nmethods=1657 adapters=247
 compilation: enabled

Compilation events (10 events):
Event: 156.061 Thread 0x0000000018a5c000 nmethod 1826 0x0000000002e47410 code [0x0000000002e47580, 0x0000000002e477a8]
Event: 156.061 Thread 0x0000000018a5c000 1830       3       org.mozilla.javascript.ScriptRuntime::enumInit (95 bytes)
Event: 156.062 Thread 0x0000000018a5c000 nmethod 1830 0x0000000002e5be50 code [0x0000000002e5c060, 0x0000000002e5cb48]
Event: 156.062 Thread 0x0000000018a5c000 1831       3       org.mozilla.javascript.ScriptRuntime$IdEnumeration::<init> (5 bytes)
Event: 156.062 Thread 0x0000000018a5c000 nmethod 1831 0x0000000002e5b9d0 code [0x0000000002e5bb40, 0x0000000002e5bd50]
Event: 156.063 Thread 0x0000000018a5c000 1806       3       org.mozilla.javascript.gen.C__Users_ADMINI_1_AppData_Local_Temp_r_js_1::_c_isIdentifierStart_332 (343 bytes)
Event: 156.096 Thread 0x0000000018a5c000 nmethod 1806 0x0000000002e79c90 code [0x0000000002e7a100, 0x0000000002e7c048]
Event: 156.096 Thread 0x0000000018a5c000 1808       3       org.mozilla.javascript.gen.C__Users_ADMINI_1_AppData_Local_Temp_r_js_1::_c_advance_358 (542 bytes)
Event: 156.097 Thread 0x0000000018a48800 nmethod 1816 0x0000000002e7df90 code [0x0000000002e7e120, 0x0000000002e7e308]
Event: 156.097 Thread 0x0000000018a48800 1838       4       org.mozilla.javascript.ScriptRuntime::toInteger (8 bytes)

GC Heap History (8 events):
Event: 11.759 GC heap before
{Heap before GC invocations=1 (full 0):
 PSYoungGen      total 37888K, used 32768K [0x00000000d6000000, 0x00000000d8a00000, 0x0000000100000000)
  eden space 32768K, 100% used [0x00000000d6000000,0x00000000d8000000,0x00000000d8000000)
  from space 5120K, 0% used [0x00000000d8500000,0x00000000d8500000,0x00000000d8a00000)
  to   space 5120K, 0% used [0x00000000d8000000,0x00000000d8000000,0x00000000d8500000)
 ParOldGen       total 86016K, used 0K [0x0000000082000000, 0x0000000087400000, 0x00000000d6000000)
  object space 86016K, 0% used [0x0000000082000000,0x0000000082000000,0x0000000087400000)
 Metaspace       used 6284K, capacity 6592K, committed 6912K, reserved 1056768K
  class space    used 657K, capacity 692K, committed 768K, reserved 1048576K
Event: 12.886 GC heap after
Heap after GC invocations=1 (full 0):
 PSYoungGen      total 37888K, used 5088K [0x00000000d6000000, 0x00000000daa00000, 0x0000000100000000)
  eden space 32768K, 0% used [0x00000000d6000000,0x00000000d6000000,0x00000000d8000000)
  from space 5120K, 99% used [0x00000000d8000000,0x00000000d84f82b0,0x00000000d8500000)
  to   space 5120K, 0% used [0x00000000da500000,0x00000000da500000,0x00000000daa00000)
 ParOldGen       total 86016K, used 7917K [0x0000000082000000, 0x0000000087400000, 0x00000000d6000000)
  object space 86016K, 9% used [0x0000000082000000,0x00000000827bb400,0x0000000087400000)
 Metaspace       used 6284K, capacity 6592K, committed 6912K, reserved 1056768K
  class space    used 657K, capacity 692K, committed 768K, reserved 1048576K
}
Event: 14.904 GC heap before
{Heap before GC invocations=2 (full 0):
 PSYoungGen      total 37888K, used 37856K [0x00000000d6000000, 0x00000000daa00000, 0x0000000100000000)
  eden space 32768K, 100% used [0x00000000d6000000,0x00000000d8000000,0x00000000d8000000)
  from space 5120K, 99% used [0x00000000d8000000,0x00000000d84f82b0,0x00000000d8500000)
  to   space 5120K, 0% used [0x00000000da500000,0x00000000da500000,0x00000000daa00000)
 ParOldGen       total 86016K, used 7917K [0x0000000082000000, 0x0000000087400000, 0x00000000d6000000)
  object space 86016K, 9% used [0x0000000082000000,0x00000000827bb400,0x0000000087400000)
 Metaspace       used 6773K, capacity 7040K, committed 7168K, reserved 1056768K
  class space    used 674K, capacity 692K, committed 768K, reserved 1048576K
Event: 15.916 GC heap after
Heap after GC invocations=2 (full 0):
 PSYoungGen      total 70656K, used 5112K [0x00000000d6000000, 0x00000000daa00000, 0x0000000100000000)
  eden space 65536K, 0% used [0x00000000d6000000,0x00000000d6000000,0x00000000da000000)
  from space 5120K, 99% used [0x00000000da500000,0x00000000da9fe010,0x00000000daa00000)
  to   space 5120K, 0% used [0x00000000da000000,0x00000000da000000,0x00000000da500000)
 ParOldGen       total 86016K, used 20140K [0x0000000082000000, 0x0000000087400000, 0x00000000d6000000)
  object space 86016K, 23% used [0x0000000082000000,0x00000000833ab268,0x0000000087400000)
 Metaspace       used 6773K, capacity 7040K, committed 7168K, reserved 1056768K
  class space    used 674K, capacity 692K, committed 768K, reserved 1048576K
}
Event: 88.021 GC heap before
{Heap before GC invocations=3 (full 0):
 PSYoungGen      total 70656K, used 70648K [0x00000000d6000000, 0x00000000daa00000, 0x0000000100000000)
  eden space 65536K, 100% used [0x00000000d6000000,0x00000000da000000,0x00000000da000000)
  from space 5120K, 99% used [0x00000000da500000,0x00000000da9fe010,0x00000000daa00000)
  to   space 5120K, 0% used [0x00000000da000000,0x00000000da000000,0x00000000da500000)
 ParOldGen       total 86016K, used 20140K [0x0000000082000000, 0x0000000087400000, 0x00000000d6000000)
  object space 86016K, 23% used [0x0000000082000000,0x00000000833ab268,0x0000000087400000)
 Metaspace       used 9871K, capacity 10156K, committed 10368K, reserved 1058816K
  class space    used 811K, capacity 862K, committed 896K, reserved 1048576K
Event: 89.220 GC heap after
Heap after GC invocations=3 (full 0):
 PSYoungGen      total 70656K, used 5113K [0x00000000d6000000, 0x00000000dea00000, 0x0000000100000000)
  eden space 65536K, 0% used [0x00000000d6000000,0x00000000d6000000,0x00000000da000000)
  from space 5120K, 99% used [0x00000000da000000,0x00000000da4fe618,0x00000000da500000)
  to   space 5120K, 0% used [0x00000000de500000,0x00000000de500000,0x00000000dea00000)
 ParOldGen       total 86016K, used 22124K [0x0000000082000000, 0x0000000087400000, 0x00000000d6000000)
  object space 86016K, 25% used [0x0000000082000000,0x000000008359b038,0x0000000087400000)
 Metaspace       used 9871K, capacity 10156K, committed 10368K, reserved 1058816K
  class space    used 811K, capacity 862K, committed 896K, reserved 1048576K
}
Event: 99.388 GC heap before
{Heap before GC invocations=4 (full 0):
 PSYoungGen      total 70656K, used 70649K [0x00000000d6000000, 0x00000000dea00000, 0x0000000100000000)
  eden space 65536K, 100% used [0x00000000d6000000,0x00000000da000000,0x00000000da000000)
  from space 5120K, 99% used [0x00000000da000000,0x00000000da4fe618,0x00000000da500000)
  to   space 5120K, 0% used [0x00000000de500000,0x00000000de500000,0x00000000dea00000)
 ParOldGen       total 86016K, used 22124K [0x0000000082000000, 0x0000000087400000, 0x00000000d6000000)
  object space 86016K, 25% used [0x0000000082000000,0x000000008359b038,0x0000000087400000)
 Metaspace       used 10757K, capacity 11018K, committed 11136K, reserved 1058816K
  class space    used 833K, capacity 895K, committed 896K, reserved 1048576K
Event: 101.616 GC heap after
Heap after GC invocations=4 (full 0):
 PSYoungGen      total 136192K, used 5112K [0x00000000d6000000, 0x00000000dea00000, 0x0000000100000000)
  eden space 131072K, 0% used [0x00000000d6000000,0x00000000d6000000,0x00000000de000000)
  from space 5120K, 99% used [0x00000000de500000,0x00000000de9fe010,0x00000000dea00000)
  to   space 5120K, 0% used [0x00000000de000000,0x00000000de000000,0x00000000de500000)
 ParOldGen       total 86016K, used 22810K [0x0000000082000000, 0x0000000087400000, 0x00000000d6000000)
  object space 86016K, 26% used [0x0000000082000000,0x0000000083646b90,0x0000000087400000)
 Metaspace       used 10757K, capacity 11018K, committed 11136K, reserved 1058816K
  class space    used 833K, capacity 895K, committed 896K, reserved 1048576K
}

Deoptimization events (10 events):
Event: 146.057 Thread 0x000000000028e800 Uncommon trap: reason=unstable_if action=reinterpret pc=0x0000000002dce978 method=org.mozilla.javascript.TokenStream.getChar()I @ 214
Event: 146.113 Thread 0x000000000028e800 Uncommon trap: reason=unstable_if action=reinterpret pc=0x0000000002d44670 method=org.mozilla.javascript.TokenStream.getChar()I @ 156
Event: 146.453 Thread 0x000000000028e800 Uncommon trap: reason=unstable_if action=reinterpret pc=0x00000000027bc7d8 method=org.mozilla.javascript.TokenStream.isJSSpace(I)Z @ 15
Event: 146.941 Thread 0x000000000028e800 Uncommon trap: reason=unstable_if action=reinterpret pc=0x000000000293f670 method=org.mozilla.javascript.Parser.insideFunction()Z @ 4
Event: 151.157 Thread 0x000000000028e800 Uncommon trap: reason=class_check action=maybe_recompile pc=0x0000000002c7f458 method=org.mozilla.javascript.ScriptRuntime.nameOrFunction(Lorg/mozilla/javascript/Context;Lorg/mozilla/javascript/Scriptable;Lorg/mozilla/javascript/Scriptable;Ljava/lang/Stri
Event: 151.157 Thread 0x000000000028e800 Uncommon trap: reason=class_check action=maybe_recompile pc=0x000000000271a378 method=org.mozilla.javascript.ScriptRuntime.getNameFunctionAndThis(Ljava/lang/String;Lorg/mozilla/javascript/Context;Lorg/mozilla/javascript/Scriptable;)Lorg/mozilla/javascript
Event: 151.581 Thread 0x000000000028e800 Uncommon trap: reason=class_check action=maybe_recompile pc=0x0000000002da8cc8 method=java.io.Writer.write(Ljava/lang/String;)V @ 7
Event: 152.139 Thread 0x000000000028e800 Uncommon trap: reason=class_check action=maybe_recompile pc=0x0000000002da8cc8 method=java.io.Writer.write(Ljava/lang/String;)V @ 7
Event: 154.284 Thread 0x000000000028e800 Uncommon trap: reason=class_check action=maybe_recompile pc=0x0000000002c7f458 method=org.mozilla.javascript.ScriptRuntime.nameOrFunction(Lorg/mozilla/javascript/Context;Lorg/mozilla/javascript/Scriptable;Lorg/mozilla/javascript/Scriptable;Ljava/lang/Stri
Event: 154.284 Thread 0x000000000028e800 Uncommon trap: reason=class_check action=maybe_recompile pc=0x000000000271a378 method=org.mozilla.javascript.ScriptRuntime.getNameFunctionAndThis(Ljava/lang/String;Lorg/mozilla/javascript/Context;Lorg/mozilla/javascript/Scriptable;)Lorg/mozilla/javascript

Internal exceptions (10 events):
Event: 5.679 Thread 0x000000000028e800 Exception <a 'java/security/PrivilegedActionException'> (0x00000000d6451b90) thrown at [C:\re\workspace\8-2-build-windows-amd64-cygwin\jdk8u144\9417\hotspot\src\share\vm\prims\jvm.cpp, line 1390]
Event: 13.704 Thread 0x000000000028e800 Implicit null exception at 0x0000000002a3ea88 to 0x0000000002a3ed89
Event: 13.862 Thread 0x000000000028e800 Implicit null exception at 0x0000000002a412bc to 0x0000000002a41515
Event: 34.388 Thread 0x000000000028e800 Exception <a 'java/lang/NoSuchFieldError': method resolution failed> (0x00000000d639bc28) thrown at [C:\re\workspace\8-2-build-windows-amd64-cygwin\jdk8u144\9417\hotspot\src\share\vm\prims\methodHandles.cpp, line 1146]
Event: 34.648 Thread 0x000000000028e800 Exception <a 'java/lang/NoSuchFieldError': method resolution failed> (0x00000000d63a9318) thrown at [C:\re\workspace\8-2-build-windows-amd64-cygwin\jdk8u144\9417\hotspot\src\share\vm\prims\methodHandles.cpp, line 1146]
Event: 91.774 Thread 0x000000000028e800 Implicit null exception at 0x0000000002c231cb to 0x0000000002c264ad
Event: 91.774 Thread 0x000000000028e800 Implicit null exception at 0x0000000002bfca4b to 0x0000000002bfcb79
Event: 91.774 Thread 0x000000000028e800 Implicit null exception at 0x0000000002c0023e to 0x0000000002c0033d
Event: 92.582 Thread 0x000000000028e800 Implicit null exception at 0x0000000002c7c6ad to 0x0000000002c7ca6d
Event: 92.582 Thread 0x000000000028e800 Implicit null exception at 0x0000000002c7b665 to 0x0000000002c7b9a5

Events (10 events):
Event: 152.139 Thread 0x000000000028e800 DEOPT PACKING pc=0x0000000002da8cc8 sp=0x0000000002503610
Event: 152.139 Thread 0x000000000028e800 DEOPT UNPACKING pc=0x000000000265582a sp=0x0000000002503610 mode 2
Event: 154.284 Thread 0x000000000028e800 Uncommon trap: trap_request=0xffffffde fr.pc=0x0000000002c7f458
Event: 154.284 Thread 0x000000000028e800 DEOPT PACKING pc=0x0000000002c7f458 sp=0x0000000002501130
Event: 154.284 Thread 0x000000000028e800 DEOPT UNPACKING pc=0x000000000265582a sp=0x0000000002501118 mode 2
Event: 154.284 Thread 0x000000000028e800 Uncommon trap: trap_request=0xffffffde fr.pc=0x000000000271a378
Event: 154.284 Thread 0x000000000028e800 DEOPT PACKING pc=0x000000000271a378 sp=0x00000000025011f0
Event: 154.284 Thread 0x000000000028e800 DEOPT UNPACKING pc=0x000000000265582a sp=0x0000000002501178 mode 2
Event: 156.506 loading class org/mozilla/javascript/ScriptRuntime$NoSuchMethodShim
Event: 156.661 loading class org/mozilla/javascript/ScriptRuntime$NoSuchMethodShim done


Dynamic libraries:
0x000000013f340000 - 0x000000013f377000 	D:\jaspersoftstudio\features\jre.win32.win32.x86_64.feature_1.8.0.u144\jre\bin\java.exe
0x0000000077c10000 - 0x0000000077dba000 	C:\windows\SYSTEM32\ntdll.dll
0x000007fef2270000 - 0x000007fef22a4000 	C:\Program Files\AVAST Software\Avast\x64\aswhooka.dll
0x0000000077af0000 - 0x0000000077c0f000 	C:\windows\system32\kernel32.dll
0x000007fefdcc0000 - 0x000007fefdd2a000 	C:\windows\system32\KERNELBASE.dll
0x000007fefe7a0000 - 0x000007fefe87b000 	C:\windows\system32\ADVAPI32.dll
0x000007fefde90000 - 0x000007fefdf2f000 	C:\windows\system32\msvcrt.dll
0x000007fefec10000 - 0x000007fefec2f000 	C:\windows\SYSTEM32\sechost.dll
0x000007fefdf30000 - 0x000007fefe05d000 	C:\windows\system32\RPCRT4.dll
0x00000000779f0000 - 0x0000000077aea000 	C:\windows\system32\USER32.dll
0x000007feffd30000 - 0x000007feffd97000 	C:\windows\system32\GDI32.dll
0x000007fefe790000 - 0x000007fefe79e000 	C:\windows\system32\LPK.dll
0x000007fefe6c0000 - 0x000007fefe78a000 	C:\windows\system32\USP10.dll
0x000007fefc3f0000 - 0x000007fefc5e4000 	C:\windows\WinSxS\amd64_microsoft.windows.common-controls_6595b64144ccf1df_6.0.7601.18837_none_fa3b1e3d17594757\COMCTL32.dll
0x000007fefe640000 - 0x000007fefe6b1000 	C:\windows\system32\SHLWAPI.dll
0x000007fefde60000 - 0x000007fefde8e000 	C:\windows\system32\IMM32.DLL
0x000007feffdc0000 - 0x000007feffec9000 	C:\windows\system32\MSCTF.dll
0x0000000078f50000 - 0x0000000079022000 	D:\jaspersoftstudio\features\jre.win32.win32.x86_64.feature_1.8.0.u144\jre\bin\msvcr100.dll
0x000000006f8c0000 - 0x000000007015d000 	D:\jaspersoftstudio\features\jre.win32.win32.x86_64.feature_1.8.0.u144\jre\bin\server\jvm.dll
0x000007fefc2e0000 - 0x000007fefc2e9000 	C:\windows\system32\WSOCK32.dll
0x000007feffed0000 - 0x000007fefff1d000 	C:\windows\system32\WS2_32.dll
0x000007fefe100000 - 0x000007fefe108000 	C:\windows\system32\NSI.dll
0x000007fefb960000 - 0x000007fefb99b000 	C:\windows\system32\WINMM.dll
0x000007fefcab0000 - 0x000007fefcabc000 	C:\windows\system32\VERSION.dll
0x0000000077de0000 - 0x0000000077de7000 	C:\windows\system32\PSAPI.DLL
0x0000000050200000 - 0x000000005020f000 	D:\jaspersoftstudio\features\jre.win32.win32.x86_64.feature_1.8.0.u144\jre\bin\verify.dll
0x000000006d500000 - 0x000000006d529000 	D:\jaspersoftstudio\features\jre.win32.win32.x86_64.feature_1.8.0.u144\jre\bin\java.dll
0x00000000701a0000 - 0x00000000701b6000 	D:\jaspersoftstudio\features\jre.win32.win32.x86_64.feature_1.8.0.u144\jre\bin\zip.dll
0x000007fefedc0000 - 0x000007feffb49000 	C:\windows\system32\SHELL32.dll
0x000007fefe880000 - 0x000007fefea83000 	C:\windows\system32\ole32.dll
0x000007fefd9c0000 - 0x000007fefd9cf000 	C:\windows\system32\profapi.dll

VM Arguments:
java_command: org.mozilla.javascript.tools.shell.Main C:\Users\ADMINI~1\AppData\Local\Temp\r.js -o build.js
java_class_path (initial): C:\Users\ADMINI~1\AppData\Local\Temp\js.jar;C:\Users\ADMINI~1\AppData\Local\Temp\compiler.jar
Launcher Type: SUN_STANDARD

Environment Variables:
JAVA_HOME=C:\Program Files\Java\jdk1.8.0_141
CLASSPATH=D:\apache-ant-1.9.9\lib
PATH=D:/jaspersoftstudio//features/jre.win32.win32.x86_64.feature_1.8.0.u144/jre/bin/server;D:/jaspersoftstudio//features/jre.win32.win32.x86_64.feature_1.8.0.u144/jre/bin;D:/jaspersoftstudio//features/jre.win32.win32.x86_64.feature_1.8.0.u144/jre/lib/amd64;C:\ProgramData\Oracle\Java\javapath;C:\windows\system32;C:\windows;C:\windows\System32\Wbem;C:\windows\System32\WindowsPowerShell\v1.0\;C:\Program Files\TortoiseSVN\bin;D:\MongoDB\bin;D:\apache-maven-3.5.0\bin;C:\Program Files (x86)\Git\cmd;D:\phantomjs-2.1.1-windows\bin;D:\apache-ant-1.9.9\bin;C:\Program Files\Java\jdk1.7.0_80\bin;D:\Python\Python36;C:\Program Files\nodejs\;C:\strawberry\c\bin;C:\strawberry\perl\bin;C:\Program Files (x86)\ClockworkMod\Universal Adb Driver;C:\Program Files\TortoiseGit\bin;C:\Program Files\dotnet\;C:\Program Files (x86)\Yarn\bin\;D:\Python\Python36\Scripts\;D:\Python\Python36\;C:\Program Files\Microsoft VS Code\bin;C:\Users\Administrator\AppData\Roaming\npm;C:\Users\Administrator\AppData\Local\Programs\Fiddler;C:\Users\Administrator\AppData\Local\Yarn\bin;D:\jaspersoftstudio;
USERNAME=Administrator
OS=Windows_NT
PROCESSOR_IDENTIFIER=Intel64 Family 6 Model 60 Stepping 3, GenuineIntel



---------------  S Y S T E M  ---------------

OS: Windows 7 , 64 bit Build 7601 (6.1.7601.23677)

CPU:total 8 (initial active 8) (4 cores per cpu, 2 threads per core) family 6 model 60 stepping 3, cmov, cx8, fxsr, mmx, sse, sse2, sse3, ssse3, sse4.1, sse4.2, popcnt, avx, avx2, aes, clmul, erms, rtm, lzcnt, ht, tsc, tscinvbit, bmi1, bmi2

Memory: 4k page, physical 8257320k(117872k free), swap 21635396k(24136k free)

vm_info: Java HotSpot(TM) 64-Bit Server VM (25.144-b01) for windows-amd64 JRE (1.8.0_144-b01), built on Jul 21 2017 21:57:33 by "java_re" with MS VC++ 10.0 (VS2010)

time: Mon Jun 25 15:27:22 2018
elapsed time: 160 seconds (0d 0h 2m 40s)

