JvmtiExport can_access_local_variables 0
JvmtiExport can_hotswap_or_post_breakpoint 0
JvmtiExport can_post_on_exceptions 0
# 154 ciObject found
ciMethod java/lang/Object getClass ()Ljava/lang/Class; 6145 1 768 0 -1
ciMethod java/lang/String length ()I 4097 1 198873 0 -1
ciMethod java/lang/String charAt (I)C 4097 1 770372 0 -1
ciMethod java/lang/String regionMatches (ILjava/lang/String;II)Z 9 1 1 0 -1
ciMethod java/lang/String substring (II)Ljava/lang/String; 3505 1 8307 0 -1
ciMethod java/lang/Class getName ()Ljava/lang/String; 4097 1 1949 0 -1
ciMethod java/lang/StringBuilder <init> ()V 897 1 23160 0 -1
ciMethod java/lang/StringBuilder append (Ljava/lang/Object;)Ljava/lang/StringBuilder; 177 1 8592 0 -1
ciMethod java/lang/StringBuilder append (Ljava/lang/String;)Ljava/lang/StringBuilder; 1825 1 70788 0 -1
ciMethod java/lang/StringBuilder toString ()Ljava/lang/String; 889 1 23172 0 -1
ciMethod java/lang/Boolean booleanValue ()Z 1041 1 130 0 -1
ciMethod java/lang/Number doubleValue ()D 0 0 1 0 -1
ciMethod java/lang/Double valueOf (Ljava/lang/String;)Ljava/lang/Double; 0 0 144 0 -1
ciMethod java/lang/Double doubleValue ()D 1 1 1811 0 -1
ciMethod java/lang/Double doubleToRawLongBits (D)J 2049 1 256 0 -1
ciMethod java/lang/Double longBitsToDouble (J)D 1113 1 139 0 -1
ciMethod java/lang/Integer doubleValue ()D 4097 1 1603 0 0
ciMethod java/lang/Math ceil (D)D 0 0 3 0 0
ciMethod java/lang/Math floor (D)D 3081 1 17048 0 0
ciMethod java/lang/Math getExponent (D)I 3081 1 17051 0 0
ciMethod java/io/PrintStream println (Ljava/lang/String;)V 0 0 1 0 -1
ciMethodData java/lang/Double doubleValue ()D 2 1811 orig 264 88 66 234 111 0 0 0 0 80 255 15 23 0 0 0 0 32 1 0 0 0 0 0 0 0 0 0 0 0 0 0 0 0 0 0 0 0 0 0 0 0 0 0 0 0 0 0 0 0 0 0 0 0 0 0 0 0 0 0 0 0 0 0 0 0 0 0 0 0 0 0 0 0 0 0 0 0 0 0 0 77 68 79 32 101 120 116 114 97 32 100 97 116 97 32 108 111 99 107 0 0 0 0 0 0 0 0 0 0 0 0 0 0 0 0 0 0 0 0 0 0 0 0 0 0 0 0 0 0 0 0 0 0 0 0 0 0 0 0 0 0 0 0 0 0 0 0 0 0 0 0 0 0 0 0 0 0 0 0 0 0 0 0 0 0 0 0 0 0 0 0 0 0 0 0 0 0 0 0 0 0 0 0 0 1 0 0 0 0 0 0 0 0 0 0 0 0 0 0 0 1 0 0 0 0 0 0 0 0 0 0 0 0 0 0 0 0 0 0 0 153 56 0 0 1 0 0 0 0 0 0 0 0 0 0 0 2 0 0 0 0 0 3 0 1 0 0 0 0 0 0 0 255 255 255 255 0 0 0 0 0 0 0 0 data 0 oops 0
ciMethod java/lang/StrictMath ceil (D)D 0 0 3 0 0
ciMethod java/lang/StrictMath floor (D)D 3081 1 17048 0 0
ciMethod java/lang/StrictMath floorOrCeil (DDDD)D 3081 1 17051 0 0
ciMethod org/mozilla/javascript/Scriptable getDefaultValue (Ljava/lang/Class;)Ljava/lang/Object; 0 0 1 0 -1
ciMethod org/mozilla/javascript/Context reportWarning (Ljava/lang/String;)V 0 0 1 0 -1
ciMethod org/mozilla/javascript/Context reportRuntimeError1 (Ljava/lang/String;Ljava/lang/Object;)Lorg/mozilla/javascript/EvaluatorException; 0 0 1 0 -1
ciMethod org/mozilla/javascript/ScriptRuntime isStrWhiteSpaceChar (I)Z 32937 1 72822 0 -1
ciMethod org/mozilla/javascript/ScriptRuntime toNumber (Ljava/lang/Object;)D 4097 1 11711 0 672
ciMethod org/mozilla/javascript/ScriptRuntime stringToNumber (Ljava/lang/String;II)D 177 177 1958 0 -1
ciMethod org/mozilla/javascript/ScriptRuntime toNumber (Ljava/lang/String;)D 0 0 112 0 0
ciMethod org/mozilla/javascript/ScriptRuntime toInteger (Ljava/lang/Object;)D 2593 1 19907 0 -1
ciMethod org/mozilla/javascript/ScriptRuntime toInteger (D)D 2593 1 19906 0 448
ciMethod org/mozilla/javascript/ScriptRuntime warnAboutNonJSObject (Ljava/lang/Object;)V 0 0 1 0 0
ciMethod org/mozilla/javascript/ScriptRuntime errorWithClassName (Ljava/lang/String;Ljava/lang/Object;)Ljava/lang/RuntimeException; 0 0 1 0 0
ciMethodData java/lang/Integer doubleValue ()D 2 1603 orig 264 88 66 234 111 0 0 0 0 8 87 16 23 0 0 0 0 32 1 0 0 0 0 0 0 0 0 0 0 0 0 0 0 0 0 0 0 0 0 0 0 0 0 0 0 0 0 0 0 0 0 0 0 0 0 0 0 0 0 0 0 0 0 0 0 0 0 0 0 0 0 0 0 0 0 0 0 0 0 0 0 77 68 79 32 101 120 116 114 97 32 100 97 116 97 32 108 111 99 107 0 0 0 0 0 0 0 0 0 0 0 0 0 0 0 0 0 0 0 0 0 0 0 0 0 0 0 0 0 0 0 0 0 0 0 0 0 0 0 0 0 0 0 0 0 0 0 0 0 0 0 0 0 0 0 0 0 0 0 0 0 0 0 0 0 0 0 0 0 0 0 0 0 0 0 0 0 0 0 0 0 0 0 0 0 0 0 0 0 0 0 0 0 0 0 0 0 0 0 0 0 0 0 0 0 0 0 0 0 0 0 0 0 0 0 0 0 0 2 0 0 25 34 0 0 1 0 0 0 0 0 0 0 0 0 0 0 2 0 0 0 0 0 3 0 1 0 0 0 0 0 0 0 255 255 255 255 0 0 0 0 0 0 0 0 data 0 oops 0
ciMethodData org/mozilla/javascript/ScriptRuntime toNumber (Ljava/lang/Object;)D 2 11711 orig 264 88 66 234 111 0 0 0 0 96 139 75 23 0 0 0 0 208 4 0 0 104 3 0 0 0 0 0 0 0 0 0 0 0 0 0 0 0 0 0 0 0 0 0 0 0 0 0 0 0 0 0 0 0 0 0 0 0 0 0 0 0 0 0 0 0 0 0 0 0 0 0 0 0 0 0 0 0 0 0 0 77 68 79 32 101 120 116 114 97 32 100 97 116 97 32 108 111 99 107 0 0 0 0 0 0 0 0 0 0 0 0 0 0 0 0 0 0 0 0 0 0 0 0 0 0 0 0 0 0 0 0 0 0 0 0 0 0 0 0 0 0 0 0 0 0 0 0 0 0 0 0 0 0 0 0 0 0 0 0 0 0 0 0 0 0 0 0 0 0 0 0 0 0 0 0 0 0 0 0 0 0 0 0 0 0 0 0 0 0 0 0 0 0 0 0 0 0 0 0 0 0 0 0 0 0 0 0 0 0 0 0 0 0 0 0 0 0 2 0 0 249 93 1 0 1 0 0 0 0 0 0 0 0 0 0 0 2 0 0 0 1 0 25 0 2 0 0 0 136 3 0 0 255 255 255 255 4 0 1 0 0 0 0 0 data 113 0x10004 0xfffffffffffffffb 0x189f3200 0x279f 0x189f33b0 0x41b 0x40007 0x5 0x80 0x2bba 0x80004 0x0 0x189f3200 0x279f 0x189f33b0 0x41b 0xb0005 0x0 0x189f3200 0x279f 0x189f33b0 0x41b 0x100007 0x5 0x20 0x0 0x190007 0x0 0x20 0x5 0x210004 0x0 0x0 0x0 0x0 0x0 0x240007 0x0 0x60 0x0 0x280004 0x0 0x0 0x0 0x0 0x0 0x2b0002 0x0 0x300004 0x0 0x0 0x0 0x0 0x0 0x330007 0x0 0xb8 0x0 0x370004 0x0 0x0 0x0 0x0 0x0 0x3a0005 0x0 0x0 0x0 0x0 0x0 0x3d0007 0x0 0x38 0x0 0x410003 0x0 0x18 0x470004 0x0 0x0 0x0 0x0 0x0 0x4a0007 0x0 0xe0 0x0 0x4e0004 0x0 0x0 0x0 0x0 0x0 0x540005 0x0 0x0 0x0 0x0 0x0 0x5b0004 0x0 0x0 0x0 0x0 0x0 0x5e0007 0x0 0xfffffffffffffcb8 0x0 0x640002 0x0 0x690002 0x0 oops 6