#
# There is insufficient memory for the Java Runtime Environment to continue.
# Native memory allocation (malloc) failed to allocate 204816 bytes for Chunk::new
# Possible reasons:
#   The system is out of physical RAM or swap space
#   In 32 bit mode, the process size limit was hit
# Possible solutions:
#   Reduce memory load on the system
#   Increase physical memory or swap space
#   Check if swap backing store is full
#   Use 64 bit Java on a 64 bit OS
#   Decrease Java heap size (-Xmx/-Xms)
#   Decrease number of Java threads
#   Decrease Java thread stack sizes (-Xss)
#   Set larger code cache with -XX:ReservedCodeCacheSize=
# This output file may be truncated or incomplete.
#
#  Out of Memory Error (allocation.cpp:390), pid=11124, tid=0x0000000000002998
#
# JRE version: Java(TM) SE Runtime Environment (8.0_144-b01) (build 1.8.0_144-b01)
# Java VM: Java HotSpot(TM) 64-Bit Server VM (25.144-b01 mixed mode windows-amd64 compressed oops)
# Failed to write core dump. Minidumps are not enabled by default on client versions of Windows
#

---------------  T H R E A D  ---------------

Current thread (0x00000000189d0800):  JavaThread "C2 CompilerThread0" daemon [_thread_in_vm, id=10648, stack(0x0000000019ea0000,0x0000000019fa0000)]

Stack: [0x0000000019ea0000,0x0000000019fa0000]
[error occurred during error reporting (printing stack bounds), id 0xc0000005]

Native frames: (J=compiled Java code, j=interpreted, Vv=VM code, C=native code)


Current CompileTask:
C2: 167986 1986       4       org.mozilla.javascript.gen.C__Users_ADMINI_1_AppData_Local_Temp_r_js_1::_c_parseBinaryExpression_435 (873 bytes)


---------------  P R O C E S S  ---------------

Java Threads: ( => current thread )
  0x0000000018a38000 JavaThread "Service Thread" daemon [_thread_blocked, id=8888, stack(0x000000001a750000,0x000000001a850000)]
  0x0000000018a2c000 JavaThread "C1 CompilerThread3" daemon [_thread_blocked, id=10052, stack(0x000000001a500000,0x000000001a600000)]
  0x0000000018a2b800 JavaThread "C2 CompilerThread2" daemon [_thread_in_vm, id=7732, stack(0x000000001a400000,0x000000001a500000)]
  0x00000000189da000 JavaThread "C2 CompilerThread1" daemon [_thread_blocked, id=6148, stack(0x000000001a240000,0x000000001a340000)]
=>0x00000000189d0800 JavaThread "C2 CompilerThread0" daemon [_thread_in_vm, id=10648, stack(0x0000000019ea0000,0x0000000019fa0000)]
  0x00000000189bc800 JavaThread "Attach Listener" daemon [_thread_blocked, id=11676, stack(0x000000001a020000,0x000000001a120000)]
  0x00000000189bb800 JavaThread "Signal Dispatcher" daemon [_thread_blocked, id=11672, stack(0x0000000019da0000,0x0000000019ea0000)]
  0x0000000017900000 JavaThread "Finalizer" daemon [_thread_blocked, id=12068, stack(0x0000000019b40000,0x0000000019c40000)]
  0x00000000178f8800 JavaThread "Reference Handler" daemon [_thread_blocked, id=6548, stack(0x0000000019c60000,0x0000000019d60000)]
  0x00000000001ce800 JavaThread "main" [_thread_blocked, id=11288, stack(0x00000000026c0000,0x00000000027c0000)]

Other Threads:
  0x0000000018963000 VMThread [stack: 0x0000000019990000,0x0000000019a90000] [id=10336]
  0x0000000018a9a000 WatcherThread [stack: 0x000000001a620000,0x000000001a720000] [id=11284]

VM state:synchronizing (normal execution)

VM Mutex/Monitor currently owned by a thread:  ([mutex/lock_event])
[0x00000000001ccd80] Threads_lock - owner thread: 0x0000000018963000

Heap:
 PSYoungGen      total 136192K, used 10286K [0x00000000d6000000, 0x00000000dea00000, 0x0000000100000000)
  eden space 131072K, 3% used [0x00000000d6000000,0x00000000d6510598,0x00000000de000000)
  from space 5120K, 99% used [0x00000000de000000,0x00000000de4fb3d0,0x00000000de500000)
  to   space 5120K, 0% used [0x00000000de500000,0x00000000de500000,0x00000000dea00000)
 ParOldGen       total 86016K, used 33135K [0x0000000082000000, 0x0000000087400000, 0x00000000d6000000)
  object space 86016K, 38% used [0x0000000082000000,0x000000008405bda8,0x0000000087400000)
 Metaspace       used 11207K, capacity 11414K, committed 11776K, reserved 1060864K
  class space    used 852K, capacity 897K, committed 1024K, reserved 1048576K

Card table byte_map: [0x0000000011b80000,0x0000000011f80000] byte_map_base: 0x0000000011770000

Marking Bits: (ParMarkBitMap*) 0x00000000700dd850
 Begin Bits: [0x0000000012c20000, 0x0000000014ba0000)
 End Bits:   [0x0000000014ba0000, 0x0000000016b20000)

Polling page: 0x0000000000170000

CodeCache: size=245760Kb used=12223Kb max_used=12223Kb free=233536Kb
 bounds [0x00000000027c0000, 0x00000000033c0000, 0x00000000117c0000]
 total_blobs=2168 nmethods=1833 adapters=247
 compilation: enabled

Compilation events (10 events):
Event: 159.723 Thread 0x0000000018a2c000 nmethod 1999 0x00000000033b3050 code [0x00000000033b3480, 0x00000000033b55d8]
Event: 159.723 Thread 0x0000000018a2c000 2002       2       org.mozilla.javascript.ScriptRuntime::enumId (108 bytes)
Event: 159.943 Thread 0x0000000018a2c000 nmethod 2002 0x0000000003317990 code [0x0000000003317b60, 0x0000000003318078]
Event: 159.943 Thread 0x0000000018a2c000 2007       3       org.mozilla.javascript.NativeArray::getIds (143 bytes)
Event: 160.093 Thread 0x0000000018a2c000 nmethod 2007 0x00000000033b7210 code [0x00000000033b7420, 0x00000000033b8068]
Event: 160.093 Thread 0x0000000018a2c000 2003       2       org.mozilla.javascript.ScriptRuntime::enumInit (95 bytes)
Event: 165.385 Thread 0x0000000018a2c000 nmethod 2003 0x00000000032b9950 code [0x00000000032b9b00, 0x00000000032b9fc8]
Event: 165.385 Thread 0x0000000018a2c000 2000       2       org.mozilla.javascript.gen.C__Users_ADMINI_1_AppData_Local_Temp_r_js_1::_c_anonymous_1702 (97 bytes)
Event: 165.386 Thread 0x0000000018a2c000 nmethod 2000 0x00000000028d01d0 code [0x00000000028d03a0, 0x00000000028d0818]
Event: 165.569 Thread 0x0000000018a2c000 2020       2       java.lang.Integer::toString (48 bytes)

GC Heap History (10 events):
Event: 3.751 GC heap before
{Heap before GC invocations=1 (full 0):
 PSYoungGen      total 37888K, used 32768K [0x00000000d6000000, 0x00000000d8a00000, 0x0000000100000000)
  eden space 32768K, 100% used [0x00000000d6000000,0x00000000d8000000,0x00000000d8000000)
  from space 5120K, 0% used [0x00000000d8500000,0x00000000d8500000,0x00000000d8a00000)
  to   space 5120K, 0% used [0x00000000d8000000,0x00000000d8000000,0x00000000d8500000)
 ParOldGen       total 86016K, used 0K [0x0000000082000000, 0x0000000087400000, 0x00000000d6000000)
  object space 86016K, 0% used [0x0000000082000000,0x0000000082000000,0x0000000087400000)
 Metaspace       used 6283K, capacity 6592K, committed 6912K, reserved 1056768K
  class space    used 658K, capacity 692K, committed 768K, reserved 1048576K
Event: 4.166 GC heap after
Heap after GC invocations=1 (full 0):
 PSYoungGen      total 37888K, used 5112K [0x00000000d6000000, 0x00000000daa00000, 0x0000000100000000)
  eden space 32768K, 0% used [0x00000000d6000000,0x00000000d6000000,0x00000000d8000000)
  from space 5120K, 99% used [0x00000000d8000000,0x00000000d84fe2a0,0x00000000d8500000)
  to   space 5120K, 0% used [0x00000000da500000,0x00000000da500000,0x00000000daa00000)
 ParOldGen       total 86016K, used 7885K [0x0000000082000000, 0x0000000087400000, 0x00000000d6000000)
  object space 86016K, 9% used [0x0000000082000000,0x00000000827b3718,0x0000000087400000)
 Metaspace       used 6283K, capacity 6592K, committed 6912K, reserved 1056768K
  class space    used 658K, capacity 692K, committed 768K, reserved 1048576K
}
Event: 5.562 GC heap before
{Heap before GC invocations=2 (full 0):
 PSYoungGen      total 37888K, used 37743K [0x00000000d6000000, 0x00000000daa00000, 0x0000000100000000)
  eden space 32768K, 99% used [0x00000000d6000000,0x00000000d7fddab8,0x00000000d8000000)
  from space 5120K, 99% used [0x00000000d8000000,0x00000000d84fe2a0,0x00000000d8500000)
  to   space 5120K, 0% used [0x00000000da500000,0x00000000da500000,0x00000000daa00000)
 ParOldGen       total 86016K, used 7885K [0x0000000082000000, 0x0000000087400000, 0x00000000d6000000)
  object space 86016K, 9% used [0x0000000082000000,0x00000000827b3718,0x0000000087400000)
 Metaspace       used 6767K, capacity 7040K, committed 7168K, reserved 1056768K
  class space    used 675K, capacity 692K, committed 768K, reserved 1048576K
Event: 7.627 GC heap after
Heap after GC invocations=2 (full 0):
 PSYoungGen      total 70656K, used 5094K [0x00000000d6000000, 0x00000000daa00000, 0x0000000100000000)
  eden space 65536K, 0% used [0x00000000d6000000,0x00000000d6000000,0x00000000da000000)
  from space 5120K, 99% used [0x00000000da500000,0x00000000da9f9b68,0x00000000daa00000)
  to   space 5120K, 0% used [0x00000000da000000,0x00000000da000000,0x00000000da500000)
 ParOldGen       total 86016K, used 20222K [0x0000000082000000, 0x0000000087400000, 0x00000000d6000000)
  object space 86016K, 23% used [0x0000000082000000,0x00000000833bfa18,0x0000000087400000)
 Metaspace       used 6767K, capacity 7040K, committed 7168K, reserved 1056768K
  class space    used 675K, capacity 692K, committed 768K, reserved 1048576K
}
Event: 21.099 GC heap before
{Heap before GC invocations=3 (full 0):
 PSYoungGen      total 70656K, used 70630K [0x00000000d6000000, 0x00000000daa00000, 0x0000000100000000)
  eden space 65536K, 100% used [0x00000000d6000000,0x00000000da000000,0x00000000da000000)
  from space 5120K, 99% used [0x00000000da500000,0x00000000da9f9b68,0x00000000daa00000)
  to   space 5120K, 0% used [0x00000000da000000,0x00000000da000000,0x00000000da500000)
 ParOldGen       total 86016K, used 20222K [0x0000000082000000, 0x0000000087400000, 0x00000000d6000000)
  object space 86016K, 23% used [0x0000000082000000,0x00000000833bfa18,0x0000000087400000)
 Metaspace       used 9888K, capacity 10092K, committed 10368K, reserved 1058816K
  class space    used 812K, capacity 862K, committed 896K, reserved 1048576K
Event: 32.846 GC heap after
Heap after GC invocations=3 (full 0):
 PSYoungGen      total 70656K, used 5110K [0x00000000d6000000, 0x00000000dea00000, 0x0000000100000000)
  eden space 65536K, 0% used [0x00000000d6000000,0x00000000d6000000,0x00000000da000000)
  from space 5120K, 99% used [0x00000000da000000,0x00000000da4fdb58,0x00000000da500000)
  to   space 5120K, 0% used [0x00000000de500000,0x00000000de500000,0x00000000dea00000)
 ParOldGen       total 86016K, used 22151K [0x0000000082000000, 0x0000000087400000, 0x00000000d6000000)
  object space 86016K, 25% used [0x0000000082000000,0x00000000835a1de0,0x0000000087400000)
 Metaspace       used 9888K, capacity 10092K, committed 10368K, reserved 1058816K
  class space    used 812K, capacity 862K, committed 896K, reserved 1048576K
}
Event: 99.352 GC heap before
{Heap before GC invocations=4 (full 0):
 PSYoungGen      total 70656K, used 70646K [0x00000000d6000000, 0x00000000dea00000, 0x0000000100000000)
  eden space 65536K, 100% used [0x00000000d6000000,0x00000000da000000,0x00000000da000000)
  from space 5120K, 99% used [0x00000000da000000,0x00000000da4fdb58,0x00000000da500000)
  to   space 5120K, 0% used [0x00000000de500000,0x00000000de500000,0x00000000dea00000)
 ParOldGen       total 86016K, used 22151K [0x0000000082000000, 0x0000000087400000, 0x00000000d6000000)
  object space 86016K, 25% used [0x0000000082000000,0x00000000835a1de0,0x0000000087400000)
 Metaspace       used 10805K, capacity 11018K, committed 11136K, reserved 1058816K
  class space    used 835K, capacity 895K, committed 896K, reserved 1048576K
Event: 101.720 GC heap after
Heap after GC invocations=4 (full 0):
 PSYoungGen      total 136192K, used 5094K [0x00000000d6000000, 0x00000000dea00000, 0x0000000100000000)
  eden space 131072K, 0% used [0x00000000d6000000,0x00000000d6000000,0x00000000de000000)
  from space 5120K, 99% used [0x00000000de500000,0x00000000de9f9b68,0x00000000dea00000)
  to   space 5120K, 0% used [0x00000000de000000,0x00000000de000000,0x00000000de500000)
 ParOldGen       total 86016K, used 22987K [0x0000000082000000, 0x0000000087400000, 0x00000000d6000000)
  object space 86016K, 26% used [0x0000000082000000,0x0000000083672d58,0x0000000087400000)
 Metaspace       used 10805K, capacity 11018K, committed 11136K, reserved 1058816K
  class space    used 835K, capacity 895K, committed 896K, reserved 1048576K
}
Event: 160.359 GC heap before
{Heap before GC invocations=5 (full 0):
 PSYoungGen      total 136192K, used 136166K [0x00000000d6000000, 0x00000000dea00000, 0x0000000100000000)
  eden space 131072K, 100% used [0x00000000d6000000,0x00000000de000000,0x00000000de000000)
  from space 5120K, 99% used [0x00000000de500000,0x00000000de9f9b68,0x00000000dea00000)
  to   space 5120K, 0% used [0x00000000de000000,0x00000000de000000,0x00000000de500000)
 ParOldGen       total 86016K, used 22987K [0x0000000082000000, 0x0000000087400000, 0x00000000d6000000)
  object space 86016K, 26% used [0x0000000082000000,0x0000000083672d58,0x0000000087400000)
 Metaspace       used 11207K, capacity 11414K, committed 11776K, reserved 1060864K
  class space    used 852K, capacity 897K, committed 1024K, reserved 1048576K
Event: 165.384 GC heap after
Heap after GC invocations=5 (full 0):
 PSYoungGen      total 136192K, used 5100K [0x00000000d6000000, 0x00000000dea00000, 0x0000000100000000)
  eden space 131072K, 0% used [0x00000000d6000000,0x00000000d6000000,0x00000000de000000)
  from space 5120K, 99% used [0x00000000de000000,0x00000000de4fb3d0,0x00000000de500000)
  to   space 5120K, 0% used [0x00000000de500000,0x00000000de500000,0x00000000dea00000)
 ParOldGen       total 86016K, used 33135K [0x0000000082000000, 0x0000000087400000, 0x00000000d6000000)
  object space 86016K, 38% used [0x0000000082000000,0x000000008405bda8,0x0000000087400000)
 Metaspace       used 11207K, capacity 11414K, committed 11776K, reserved 1060864K
  class space    used 852K, capacity 897K, committed 1024K, reserved 1048576K
}

Deoptimization events (10 events):
Event: 114.304 Thread 0x00000000001ce800 Uncommon trap: reason=bimorphic action=maybe_recompile pc=0x00000000030788bc method=org.mozilla.javascript.ScriptRuntime.cmp_LT(Ljava/lang/Object;Ljava/lang/Object;)Z @ 26
Event: 114.721 Thread 0x00000000001ce800 Uncommon trap: reason=bimorphic action=maybe_recompile pc=0x00000000030788bc method=org.mozilla.javascript.ScriptRuntime.cmp_LT(Ljava/lang/Object;Ljava/lang/Object;)Z @ 26
Event: 116.266 Thread 0x00000000001ce800 Uncommon trap: reason=unstable_if action=reinterpret pc=0x0000000002b275d8 method=org.mozilla.javascript.Parser.insideFunction()Z @ 4
Event: 133.018 Thread 0x00000000001ce800 Uncommon trap: reason=range_check action=make_not_entrant pc=0x00000000030a9a10 method=org.mozilla.javascript.NativeArray.js_slice(Lorg/mozilla/javascript/Context;Lorg/mozilla/javascript/Scriptable;[Ljava/lang/Object;)Lorg/mozilla/javascript/Scriptable; @
Event: 136.291 Thread 0x00000000001ce800 Uncommon trap: reason=class_check action=maybe_recompile pc=0x0000000002ef3c18 method=org.mozilla.javascript.ScriptRuntime.toBoolean(Ljava/lang/Object;)Z @ 59
Event: 136.487 Thread 0x00000000001ce800 Uncommon trap: reason=null_check action=make_not_entrant pc=0x000000000307a578 method=org.mozilla.javascript.NativeJavaObject.getConversionWeight(Ljava/lang/Object;Ljava/lang/Class;)I @ 271
Event: 142.319 Thread 0x00000000001ce800 Uncommon trap: reason=unstable_if action=reinterpret pc=0x00000000031341fc method=org.mozilla.javascript.gen.C__Users_ADMINI_1_AppData_Local_Temp_r_js_1._c_isIdentifierStart_332(Lorg/mozilla/javascript/gen/C__Users_ADMINI_1_AppData_Local_Temp_r_js_1;Lorg/
Event: 143.114 Thread 0x00000000001ce800 Uncommon trap: reason=unstable_if action=reinterpret pc=0x000000000317fe5c method=org.mozilla.javascript.gen.C__Users_ADMINI_1_AppData_Local_Temp_r_js_1._c_scanPunctuator_346(Lorg/mozilla/javascript/gen/C__Users_ADMINI_1_AppData_Local_Temp_r_js_1;Lorg/moz
Event: 143.142 Thread 0x00000000001ce800 Uncommon trap: reason=unstable_if action=reinterpret pc=0x00000000031511bc method=org.mozilla.javascript.gen.C__Users_ADMINI_1_AppData_Local_Temp_r_js_1._c_advance_358(Lorg/mozilla/javascript/gen/C__Users_ADMINI_1_AppData_Local_Temp_r_js_1;Lorg/mozilla/ja
Event: 159.231 Thread 0x00000000001ce800 Uncommon trap: reason=unstable_if action=reinterpret pc=0x0000000003337844 method=org.mozilla.javascript.gen.C__Users_ADMINI_1_AppData_Local_Temp_r_js_1._c_scanPunctuator_346(Lorg/mozilla/javascript/gen/C__Users_ADMINI_1_AppData_Local_Temp_r_js_1;Lorg/moz

Internal exceptions (10 events):
Event: 0.451 Thread 0x00000000001ce800 Exception <a 'java/security/PrivilegedActionException'> (0x00000000d6451878) thrown at [C:\re\workspace\8-2-build-windows-amd64-cygwin\jdk8u144\9417\hotspot\src\share\vm\prims\jvm.cpp, line 1390]
Event: 4.527 Thread 0x00000000001ce800 Implicit null exception at 0x0000000002bcc63c to 0x0000000002bcc895
Event: 11.617 Thread 0x00000000001ce800 Exception <a 'java/lang/NoSuchFieldError': method resolution failed> (0x00000000d637b830) thrown at [C:\re\workspace\8-2-build-windows-amd64-cygwin\jdk8u144\9417\hotspot\src\share\vm\prims\methodHandles.cpp, line 1146]
Event: 11.634 Thread 0x00000000001ce800 Exception <a 'java/lang/NoSuchFieldError': method resolution failed> (0x00000000d6388f20) thrown at [C:\re\workspace\8-2-build-windows-amd64-cygwin\jdk8u144\9417\hotspot\src\share\vm\prims\methodHandles.cpp, line 1146]
Event: 95.998 Thread 0x00000000001ce800 Implicit null exception at 0x0000000002e09f4b to 0x0000000002e0d239
Event: 96.015 Thread 0x00000000001ce800 Implicit null exception at 0x0000000002dde40b to 0x0000000002dde539
Event: 96.016 Thread 0x00000000001ce800 Implicit null exception at 0x0000000002ddf23e to 0x0000000002ddf33d
Event: 96.727 Thread 0x00000000001ce800 Implicit null exception at 0x0000000002e8a46d to 0x0000000002e8a811
Event: 96.727 Thread 0x00000000001ce800 Implicit null exception at 0x0000000002e5c668 to 0x0000000002e5c96d
Event: 97.248 Thread 0x00000000001ce800 Implicit null exception at 0x0000000002aa2ba2 to 0x0000000002aa332d

Events (10 events):
Event: 143.142 Thread 0x00000000001ce800 DEOPT UNPACKING pc=0x000000000280582a sp=0x00000000027a2b20 mode 2
Event: 158.868 Thread 0x00000000189da000 flushing nmethod 0x00000000028cb090
Event: 159.160 Thread 0x00000000189da000 flushing nmethod 0x00000000028cf9d0
Event: 159.160 Thread 0x00000000189da000 flushing nmethod 0x00000000028d2250
Event: 159.180 Thread 0x00000000001ce800 Uncommon trap: trap_request=0xffffff65 fr.pc=0x0000000003337844
Event: 159.231 Thread 0x00000000001ce800 DEOPT PACKING pc=0x0000000003337844 sp=0x000000000279c070
Event: 159.271 Thread 0x00000000001ce800 DEOPT UNPACKING pc=0x000000000280582a sp=0x000000000279bfe8 mode 2
Event: 160.107 Executing VM operation: ParallelGCFailedAllocation
Event: 165.384 Executing VM operation: ParallelGCFailedAllocation done
Event: 165.625 Executing VM operation: RevokeBias


Dynamic libraries:
0x000000013f340000 - 0x000000013f377000 	D:\jaspersoftstudio\features\jre.win32.win32.x86_64.feature_1.8.0.u144\jre\bin\java.exe
0x0000000077c10000 - 0x0000000077dba000 	C:\windows\SYSTEM32\ntdll.dll
0x000007fef2270000 - 0x000007fef22a4000 	C:\Program Files\AVAST Software\Avast\x64\aswhooka.dll
0x0000000077af0000 - 0x0000000077c0f000 	C:\windows\system32\kernel32.dll
0x000007fefdcc0000 - 0x000007fefdd2a000 	C:\windows\system32\KERNELBASE.dll
0x000007fefe7a0000 - 0x000007fefe87b000 	C:\windows\system32\ADVAPI32.dll
0x000007fefde90000 - 0x000007fefdf2f000 	C:\windows\system32\msvcrt.dll
0x000007fefec10000 - 0x000007fefec2f000 	C:\windows\SYSTEM32\sechost.dll
0x000007fefdf30000 - 0x000007fefe05d000 	C:\windows\system32\RPCRT4.dll
0x00000000779f0000 - 0x0000000077aea000 	C:\windows\system32\USER32.dll
0x000007feffd30000 - 0x000007feffd97000 	C:\windows\system32\GDI32.dll
0x000007fefe790000 - 0x000007fefe79e000 	C:\windows\system32\LPK.dll
0x000007fefe6c0000 - 0x000007fefe78a000 	C:\windows\system32\USP10.dll
0x000007fefc3f0000 - 0x000007fefc5e4000 	C:\windows\WinSxS\amd64_microsoft.windows.common-controls_6595b64144ccf1df_6.0.7601.18837_none_fa3b1e3d17594757\COMCTL32.dll
0x000007fefe640000 - 0x000007fefe6b1000 	C:\windows\system32\SHLWAPI.dll
0x000007fefde60000 - 0x000007fefde8e000 	C:\windows\system32\IMM32.DLL
0x000007feffdc0000 - 0x000007feffec9000 	C:\windows\system32\MSCTF.dll
0x0000000078f50000 - 0x0000000079022000 	D:\jaspersoftstudio\features\jre.win32.win32.x86_64.feature_1.8.0.u144\jre\bin\msvcr100.dll
0x000000006f8c0000 - 0x000000007015d000 	D:\jaspersoftstudio\features\jre.win32.win32.x86_64.feature_1.8.0.u144\jre\bin\server\jvm.dll
0x000007fefc2e0000 - 0x000007fefc2e9000 	C:\windows\system32\WSOCK32.dll
0x000007feffed0000 - 0x000007fefff1d000 	C:\windows\system32\WS2_32.dll
0x000007fefe100000 - 0x000007fefe108000 	C:\windows\system32\NSI.dll
0x000007fefb960000 - 0x000007fefb99b000 	C:\windows\system32\WINMM.dll
0x000007fefcab0000 - 0x000007fefcabc000 	C:\windows\system32\VERSION.dll
0x0000000077de0000 - 0x0000000077de7000 	C:\windows\system32\PSAPI.DLL
0x0000000050200000 - 0x000000005020f000 	D:\jaspersoftstudio\features\jre.win32.win32.x86_64.feature_1.8.0.u144\jre\bin\verify.dll
0x000000006d500000 - 0x000000006d529000 	D:\jaspersoftstudio\features\jre.win32.win32.x86_64.feature_1.8.0.u144\jre\bin\java.dll
0x00000000701a0000 - 0x00000000701b6000 	D:\jaspersoftstudio\features\jre.win32.win32.x86_64.feature_1.8.0.u144\jre\bin\zip.dll
0x000007fefedc0000 - 0x000007feffb49000 	C:\windows\system32\SHELL32.dll
0x000007fefe880000 - 0x000007fefea83000 	C:\windows\system32\ole32.dll
0x000007fefd9c0000 - 0x000007fefd9cf000 	C:\windows\system32\profapi.dll

VM Arguments:
java_command: org.mozilla.javascript.tools.shell.Main C:\Users\ADMINI~1\AppData\Local\Temp\r.js -o build.js
java_class_path (initial): C:\Users\ADMINI~1\AppData\Local\Temp\js.jar;C:\Users\ADMINI~1\AppData\Local\Temp\compiler.jar
Launcher Type: SUN_STANDARD

Environment Variables:
JAVA_HOME=C:\Program Files\Java\jdk1.8.0_141
CLASSPATH=D:\apache-ant-1.9.9\lib
PATH=D:/jaspersoftstudio//features/jre.win32.win32.x86_64.feature_1.8.0.u144/jre/bin/server;D:/jaspersoftstudio//features/jre.win32.win32.x86_64.feature_1.8.0.u144/jre/bin;D:/jaspersoftstudio//features/jre.win32.win32.x86_64.feature_1.8.0.u144/jre/lib/amd64;C:\ProgramData\Oracle\Java\javapath;C:\windows\system32;C:\windows;C:\windows\System32\Wbem;C:\windows\System32\WindowsPowerShell\v1.0\;C:\Program Files\TortoiseSVN\bin;D:\MongoDB\bin;D:\apache-maven-3.5.0\bin;C:\Program Files (x86)\Git\cmd;D:\phantomjs-2.1.1-windows\bin;D:\apache-ant-1.9.9\bin;C:\Program Files\Java\jdk1.7.0_80\bin;D:\Python\Python36;C:\Program Files\nodejs\;C:\strawberry\c\bin;C:\strawberry\perl\bin;C:\Program Files (x86)\ClockworkMod\Universal Adb Driver;C:\Program Files\TortoiseGit\bin;C:\Program Files\dotnet\;C:\Program Files (x86)\Yarn\bin\;D:\Python\Python36\Scripts\;D:\Python\Python36\;C:\Program Files\Microsoft VS Code\bin;C:\Users\Administrator\AppData\Roaming\npm;C:\Users\Administrator\AppData\Local\Programs\Fiddler;C:\Users\Administrator\AppData\Local\Yarn\bin;D:\jaspersoftstudio;
USERNAME=Administrator
OS=Windows_NT
PROCESSOR_IDENTIFIER=Intel64 Family 6 Model 60 Stepping 3, GenuineIntel



---------------  S Y S T E M  ---------------

OS: Windows 7 , 64 bit Build 7601 (6.1.7601.23677)

CPU:total 8 (initial active 8) (4 cores per cpu, 2 threads per core) family 6 model 60 stepping 3, cmov, cx8, fxsr, mmx, sse, sse2, sse3, ssse3, sse4.1, sse4.2, popcnt, avx, avx2, aes, clmul, erms, rtm, lzcnt, ht, tsc, tscinvbit, bmi1, bmi2

Memory: 4k page, physical 8257320k(117860k free), swap 21635396k(24136k free)

vm_info: Java HotSpot(TM) 64-Bit Server VM (25.144-b01) for windows-amd64 JRE (1.8.0_144-b01), built on Jul 21 2017 21:57:33 by "java_re" with MS VC++ 10.0 (VS2010)

time: Mon Jun 25 15:27:22 2018
elapsed time: 169 seconds (0d 0h 2m 49s)

